#
# There is insufficient memory for the Java Runtime Environment to continue.
# Native memory allocation (mmap) failed to map 195035136 bytes for Failed to commit area from 0x0000000092f00000 to 0x000000009e900000 of length 195035136.
# Possible reasons:
#   The system is out of physical RAM or swap space
#   The process is running with CompressedOops enabled, and the Java Heap may be blocking the growth of the native heap
# Possible solutions:
#   Reduce memory load on the system
#   Increase physical memory or swap space
#   Check if swap backing store is full
#   Decrease Java heap size (-Xmx/-Xms)
#   Decrease number of Java threads
#   Decrease Java thread stack sizes (-Xss)
#   Set larger code cache with -XX:ReservedCodeCacheSize=
#   JVM is running with Unscaled Compressed Oops mode in which the Java heap is
#     placed in the first 4GB address space. The Java Heap base address is the
#     maximum limit for the native heap growth. Please use -XX:HeapBaseMinAddress
#     to set the Java Heap base and to place the Java Heap above 4GB virtual address.
# This output file may be truncated or incomplete.
#
#  Out of Memory Error (./src/hotspot/os/windows/os_windows.cpp:3301), pid=22588, tid=10436
#
# JRE version: OpenJDK Runtime Environment (11.0.10) (build 11.0.10+0-b96-7249189)
# Java VM: OpenJDK 64-Bit Server VM (11.0.10+0-b96-7249189, mixed mode, tiered, compressed oops, g1 gc, windows-amd64)
# No core dump will be written. Minidumps are not enabled by default on client versions of Windows
#

---------------  S U M M A R Y ------------

Command Line: --add-opens=java.base/java.util=ALL-UNNAMED --add-opens=java.base/java.lang=ALL-UNNAMED --add-opens=java.base/java.lang.invoke=ALL-UNNAMED --add-opens=java.base/java.util=ALL-UNNAMED --add-opens=java.prefs/java.util.prefs=ALL-UNNAMED --add-opens=java.prefs/java.util.prefs=ALL-UNNAMED --add-opens=java.base/java.nio.charset=ALL-UNNAMED --add-opens=java.base/java.net=ALL-UNNAMED --add-opens=java.base/java.util.concurrent.atomic=ALL-UNNAMED -Xmx2048m -Dfile.encoding=UTF-8 -Duser.country=ID -Duser.language=in -Duser.variant org.gradle.launcher.daemon.bootstrap.GradleDaemon 7.0.2

Host: Intel(R) Core(TM) i5-8250U CPU @ 1.60GHz, 8 cores, 7G,  Windows 10 , 64 bit Build 19041 (10.0.19041.1151)
Time: Fri Oct 22 12:23:34 2021 SE Asia Standard Time elapsed time: 304.484549 seconds (0d 0h 5m 4s)

---------------  T H R E A D  ---------------

Current thread (0x000001ea2f712800):  VMThread "VM Thread" [stack: 0x000000d0fb400000,0x000000d0fb500000] [id=10436]

Stack: [0x000000d0fb400000,0x000000d0fb500000]
[error occurred during error reporting (printing stack bounds), id 0xc0000005, EXCEPTION_ACCESS_VIOLATION (0xc0000005) at pc=0x000001ea18d80f2d]

Native frames: (J=compiled Java code, j=interpreted, Vv=VM code, C=native code)
V  [jvm.dll+0x5ecfaa]
V  [jvm.dll+0x722bd5]
V  [jvm.dll+0x72412d]
V  [jvm.dll+0x724745]
V  [jvm.dll+0x7246fb]
V  [jvm.dll+0x5ec348]
V  [jvm.dll+0x5ecad8]
C  [ntdll.dll+0xa217f]
C  [ntdll.dll+0x51454]
C  [ntdll.dll+0xa0cae]
C  0x000001ea18d80f2d

VM_Operation (0x000000d0801fe070): G1CollectForAllocation, mode: safepoint, requested by thread 0x000001ea398b3800


---------------  P R O C E S S  ---------------

Threads class SMR info:
_java_thread_list=0x000001ea39b1a5a0, length=76, elements={
0x000001ea1528e000, 0x000001ea2f714800, 0x000001ea2f720000, 0x000001ea2f72a800,
0x000001ea2f72b800, 0x000001ea2f72c800, 0x000001ea2f72f800, 0x000001ea2f734800,
0x000001ea2f73b000, 0x000001ea301f6000, 0x000001ea32924800, 0x000001ea31b9c000,
0x000001ea31528800, 0x000001ea329c9800, 0x000001ea329ca800, 0x000001ea329cb800,
0x000001ea329c7800, 0x000001ea329cc000, 0x000001ea35a17000, 0x000001ea35a13000,
0x000001ea35a16000, 0x000001ea35a14800, 0x000001ea35a1a800, 0x000001ea35e9b000,
0x000001ea35e9c000, 0x000001ea35e9c800, 0x000001ea35e98800, 0x000001ea35ea2800,
0x000001ea35ea5000, 0x000001ea35e9e800, 0x000001ea35e9f000, 0x000001ea35e9a000,
0x000001ea35e99800, 0x000001ea35ea5800, 0x000001ea35ea3000, 0x000001ea35ea0000,
0x000001ea35ea6800, 0x000001ea35ea7800, 0x000001ea35a1b000, 0x000001ea35a15800,
0x000001ea35a20000, 0x000001ea35a1c800, 0x000001ea35a1e800, 0x000001ea35a21000,
0x000001ea35a1c000, 0x000001ea35a1d800, 0x000001ea329c5800, 0x000001ea329c6800,
0x000001ea329c8000, 0x000001ea329c9000, 0x000001ea317a4800, 0x000001ea3179f000,
0x000001ea317a1800, 0x000001ea317a4000, 0x000001ea317a2800, 0x000001ea317a0000,
0x000001ea317a5800, 0x000001ea317a6800, 0x000001ea317a0800, 0x000001ea317a7000,
0x000001ea317aa800, 0x000001ea317ab800, 0x000001ea317ac000, 0x000001ea317a9000,
0x000001ea317ad000, 0x000001ea317a9800, 0x000001ea35ea1000, 0x000001ea35ea1800,
0x000001ea398af800, 0x000001ea398b3800, 0x000001ea398b1000, 0x000001ea398b4000,
0x000001ea398b1800, 0x000001ea398b6000, 0x000001ea398b0000, 0x000001ea398b5000
}

Java Threads: ( => current thread )
  0x000001ea1528e000 JavaThread "main" [_thread_blocked, id=25876, stack(0x000000d0fae00000,0x000000d0faf00000)]
  0x000001ea2f714800 JavaThread "Reference Handler" daemon [_thread_blocked, id=22464, stack(0x000000d0fb500000,0x000000d0fb600000)]
  0x000001ea2f720000 JavaThread "Finalizer" daemon [_thread_blocked, id=3452, stack(0x000000d0fb600000,0x000000d0fb700000)]
  0x000001ea2f72a800 JavaThread "Signal Dispatcher" daemon [_thread_blocked, id=22240, stack(0x000000d0fb700000,0x000000d0fb800000)]
  0x000001ea2f72b800 JavaThread "Attach Listener" daemon [_thread_blocked, id=11332, stack(0x000000d0fb800000,0x000000d0fb900000)]
  0x000001ea2f72c800 JavaThread "Service Thread" daemon [_thread_blocked, id=25628, stack(0x000000d0fb900000,0x000000d0fba00000)]
  0x000001ea2f72f800 JavaThread "C2 CompilerThread0" daemon [_thread_blocked, id=16224, stack(0x000000d0fba00000,0x000000d0fbb00000)]
  0x000001ea2f734800 JavaThread "C1 CompilerThread0" daemon [_thread_blocked, id=5920, stack(0x000000d0fbb00000,0x000000d0fbc00000)]
  0x000001ea2f73b000 JavaThread "Sweeper thread" daemon [_thread_blocked, id=20468, stack(0x000000d0fbc00000,0x000000d0fbd00000)]
  0x000001ea301f6000 JavaThread "Common-Cleaner" daemon [_thread_blocked, id=12680, stack(0x000000d0fbd00000,0x000000d0fbe00000)]
  0x000001ea32924800 JavaThread "Daemon health stats" [_thread_blocked, id=3808, stack(0x000000d0fc300000,0x000000d0fc400000)]
  0x000001ea31b9c000 JavaThread "Incoming local TCP Connector on port 50184" [_thread_in_native, id=16208, stack(0x000000d0fbf00000,0x000000d0fc000000)]
  0x000001ea31528800 JavaThread "Daemon periodic checks" [_thread_blocked, id=23352, stack(0x000000d0fc000000,0x000000d0fc100000)]
  0x000001ea329c9800 JavaThread "Cache worker for file hash cache (C:\Users\george reynaldi\.gradle\caches\7.0.2\fileHashes)" [_thread_blocked, id=22920, stack(0x000000d0fd000000,0x000000d0fd100000)]
  0x000001ea329ca800 JavaThread "File lock request listener" [_thread_in_native, id=1044, stack(0x000000d0fd100000,0x000000d0fd200000)]
  0x000001ea329cb800 JavaThread "Cache worker for journal cache (C:\Users\george reynaldi\.gradle\caches\journal-1)" [_thread_blocked, id=25032, stack(0x000000d0fd300000,0x000000d0fd400000)]
  0x000001ea329c7800 JavaThread "File watcher server" daemon [_thread_blocked, id=27252, stack(0x000000d0fd600000,0x000000d0fd700000)]
  0x000001ea329cc000 JavaThread "File watcher consumer" daemon [_thread_blocked, id=6244, stack(0x000000d0fd700000,0x000000d0fd800000)]
  0x000001ea35a17000 JavaThread "Cache worker for execution history cache (C:\Users\george reynaldi\.gradle\caches\7.0.2\executionHistory)" [_thread_blocked, id=17856, stack(0x000000d0fdb00000,0x000000d0fdc00000)]
  0x000001ea35a13000 JavaThread "jar transforms" [_thread_blocked, id=10520, stack(0x000000d0fdc00000,0x000000d0fdd00000)]
  0x000001ea35a16000 JavaThread "jar transforms Thread 2" [_thread_blocked, id=21012, stack(0x000000d0fdd00000,0x000000d0fde00000)]
  0x000001ea35a14800 JavaThread "Cache worker for file content cache (C:\Users\george reynaldi\.gradle\caches\7.0.2\fileContent)" [_thread_blocked, id=14436, stack(0x000000d0fde00000,0x000000d0fdf00000)]
  0x000001ea35a1a800 JavaThread "jar transforms Thread 3" [_thread_blocked, id=11608, stack(0x000000d0fe000000,0x000000d0fe100000)]
  0x000001ea35e9b000 JavaThread "jar transforms Thread 4" [_thread_blocked, id=11780, stack(0x000000d0fea00000,0x000000d0feb00000)]
  0x000001ea35e9c000 JavaThread "jar transforms Thread 5" [_thread_blocked, id=17620, stack(0x000000d0feb00000,0x000000d0fec00000)]
  0x000001ea35e9c800 JavaThread "jar transforms Thread 6" [_thread_blocked, id=23236, stack(0x000000d0fec00000,0x000000d0fed00000)]
  0x000001ea35e98800 JavaThread "jar transforms Thread 7" [_thread_blocked, id=17636, stack(0x000000d0fed00000,0x000000d0fee00000)]
  0x000001ea35ea2800 JavaThread "jar transforms Thread 8" [_thread_blocked, id=15756, stack(0x000000d0fee00000,0x000000d0fef00000)]
  0x000001ea35ea5000 JavaThread "Memory manager" [_thread_blocked, id=9220, stack(0x000000d0fef00000,0x000000d0ff000000)]
  0x000001ea35e9e800 JavaThread "Daemon Thread 2" [_thread_blocked, id=19440, stack(0x000000d0fac00000,0x000000d0fad00000)]
  0x000001ea35e9f000 JavaThread "Handler for socket connection from /127.0.0.1:50184 to /127.0.0.1:50317" [_thread_in_native, id=25168, stack(0x000000d0fad00000,0x000000d0fae00000)]
  0x000001ea35e9a000 JavaThread "Cancel handler" [_thread_blocked, id=10204, stack(0x000000d0fc400000,0x000000d0fc500000)]
  0x000001ea35e99800 JavaThread "Daemon worker Thread 2" [_thread_blocked, id=10832, stack(0x000000d0fc600000,0x000000d0fc700000)]
  0x000001ea35ea5800 JavaThread "Asynchronous log dispatcher for DefaultDaemonConnection: socket connection from /127.0.0.1:50184 to /127.0.0.1:50317" [_thread_blocked, id=12644, stack(0x000000d0fc700000,0x000000d0fc800000)]
  0x000001ea35ea3000 JavaThread "Stdin handler" [_thread_blocked, id=11564, stack(0x000000d0fc800000,0x000000d0fc900000)]
  0x000001ea35ea0000 JavaThread "Daemon client event forwarder" [_thread_blocked, id=18436, stack(0x000000d0fc900000,0x000000d0fca00000)]
  0x000001ea35ea6800 JavaThread "Cache worker for file hash cache (E:\MATERI KULIAH ANGKATAN 2019\SEMESTER 5\07. Pemrograman Berbasis Platform\UTS proj.1\.gradle\7.0.2\fileHashes)" [_thread_blocked, id=26828, stack(0x000000d0fca00000,0x000000d0fcb00000)]
  0x000001ea35ea7800 JavaThread "Cache worker for checksums cache (E:\MATERI KULIAH ANGKATAN 2019\SEMESTER 5\07. Pemrograman Berbasis Platform\UTS proj.1\.gradle\checksums)" [_thread_blocked, id=14732, stack(0x000000d0fd800000,0x000000d0fd900000)]
  0x000001ea35a1b000 JavaThread "Cache worker for cache directory md-supplier (C:\Users\george reynaldi\.gradle\caches\7.0.2\md-supplier)" [_thread_blocked, id=20128, stack(0x000000d0fd900000,0x000000d0fda00000)]
  0x000001ea35a15800 JavaThread "Cache worker for cache directory md-rule (C:\Users\george reynaldi\.gradle\caches\7.0.2\md-rule)" [_thread_blocked, id=16972, stack(0x000000d0fda00000,0x000000d0fdb00000)]
  0x000001ea35a20000 JavaThread "Cache worker for dependencies-accessors (E:\MATERI KULIAH ANGKATAN 2019\SEMESTER 5\07. Pemrograman Berbasis Platform\UTS proj.1\.gradle\7.0.2\dependencies-accessors)" [_thread_blocked, id=5576, stack(0x000000d0fdf00000,0x000000d0fe000000)]
  0x000001ea35a1c800 JavaThread "Cache worker for Build Output Cleanup Cache (E:\MATERI KULIAH ANGKATAN 2019\SEMESTER 5\07. Pemrograman Berbasis Platform\UTS proj.1\.gradle\buildOutputCleanup)" [_thread_blocked, id=24424, stack(0x000000d0fe100000,0x000000d0fe200000)]
  0x000001ea35a1e800 JavaThread "Build operations" [_thread_blocked, id=25200, stack(0x000000d0fe200000,0x000000d0fe300000)]
  0x000001ea35a21000 JavaThread "Build operations Thread 2" [_thread_blocked, id=23108, stack(0x000000d0fe300000,0x000000d0fe400000)]
  0x000001ea35a1c000 JavaThread "Build operations Thread 3" [_thread_blocked, id=10496, stack(0x000000d0fe400000,0x000000d0fe500000)]
  0x000001ea35a1d800 JavaThread "Build operations Thread 4" [_thread_blocked, id=14852, stack(0x000000d0fe500000,0x000000d0fe600000)]
  0x000001ea329c5800 JavaThread "Build operations Thread 5" [_thread_blocked, id=11376, stack(0x000000d0fe600000,0x000000d0fe700000)]
  0x000001ea329c6800 JavaThread "Build operations Thread 6" [_thread_blocked, id=11932, stack(0x000000d0fe700000,0x000000d0fe800000)]
  0x000001ea329c8000 JavaThread "Build operations Thread 7" [_thread_blocked, id=2420, stack(0x000000d0fe800000,0x000000d0fe900000)]
  0x000001ea329c9000 JavaThread "Build operations Thread 8" [_thread_blocked, id=24252, stack(0x000000d0fe900000,0x000000d0fea00000)]
  0x000001ea317a4800 JavaThread "build event listener" [_thread_blocked, id=3280, stack(0x000000d0ff000000,0x000000d0ff100000)]
  0x000001ea3179f000 JavaThread "Execution worker for ':'" [_thread_blocked, id=14836, stack(0x000000d0ff100000,0x000000d0ff200000)]
  0x000001ea317a1800 JavaThread "Execution worker for ':' Thread 2" [_thread_blocked, id=3752, stack(0x000000d0ff200000,0x000000d0ff300000)]
  0x000001ea317a4000 JavaThread "Execution worker for ':' Thread 3" [_thread_blocked, id=21228, stack(0x000000d0ff300000,0x000000d0ff400000)]
  0x000001ea317a2800 JavaThread "Execution worker for ':' Thread 4" [_thread_blocked, id=25132, stack(0x000000d0ff400000,0x000000d0ff500000)]
  0x000001ea317a0000 JavaThread "Execution worker for ':' Thread 5" [_thread_blocked, id=24228, stack(0x000000d0ff500000,0x000000d0ff600000)]
  0x000001ea317a5800 JavaThread "Execution worker for ':' Thread 6" [_thread_blocked, id=14264, stack(0x000000d0ff600000,0x000000d0ff700000)]
  0x000001ea317a6800 JavaThread "Execution worker for ':' Thread 7" [_thread_blocked, id=8268, stack(0x000000d0ff700000,0x000000d0ff800000)]
  0x000001ea317a0800 JavaThread "Cache worker for execution history cache (E:\MATERI KULIAH ANGKATAN 2019\SEMESTER 5\07. Pemrograman Berbasis Platform\UTS proj.1\.gradle\7.0.2\executionHistory)" [_thread_blocked, id=10840, stack(0x000000d0ff800000,0x000000d0ff900000)]
  0x000001ea317a7000 JavaThread "C2 CompilerThread1" daemon [_thread_in_native, id=16880, stack(0x000000d0fd400000,0x000000d0fd500000)]
  0x000001ea317aa800 JavaThread "WorkerExecutor Queue" [_thread_blocked, id=8364, stack(0x000000d0fd500000,0x000000d0fd600000)]
  0x000001ea317ab800 JavaThread "WorkerExecutor Queue Thread 2" [_thread_blocked, id=12424, stack(0x000000d0ff900000,0x000000d0ffa00000)]
  0x000001ea317ac000 JavaThread "WorkerExecutor Queue Thread 3" [_thread_blocked, id=7208, stack(0x000000d0ffa00000,0x000000d0ffb00000)]
  0x000001ea317a9000 JavaThread "WorkerExecutor Queue Thread 4" [_thread_blocked, id=25268, stack(0x000000d0ffb00000,0x000000d0ffc00000)]
  0x000001ea317ad000 JavaThread "WorkerExecutor Queue Thread 5" [_thread_blocked, id=27536, stack(0x000000d0ffc00000,0x000000d0ffd00000)]
  0x000001ea317a9800 JavaThread "WorkerExecutor Queue Thread 6" [_thread_blocked, id=20556, stack(0x000000d0ffd00000,0x000000d0ffe00000)]
  0x000001ea35ea1000 JavaThread "WorkerExecutor Queue Thread 7" [_thread_blocked, id=27144, stack(0x000000d0ffe00000,0x000000d0fff00000)]
  0x000001ea35ea1800 JavaThread "WorkerExecutor Queue Thread 8" [_thread_blocked, id=9012, stack(0x000000d0fff00000,0x000000d100000000)]
  0x000001ea398af800 JavaThread "ForkJoinPool-1-worker-3" daemon [_thread_blocked, id=11300, stack(0x000000d080000000,0x000000d080100000)]
  0x000001ea398b3800 JavaThread "ForkJoinPool-1-worker-5" daemon [_thread_blocked, id=10780, stack(0x000000d080100000,0x000000d080200000)]
  0x000001ea398b1000 JavaThread "ForkJoinPool-1-worker-7" daemon [_thread_blocked, id=5308, stack(0x000000d080200000,0x000000d080300000)]
  0x000001ea398b4000 JavaThread "ForkJoinPool-1-worker-9" daemon [_thread_blocked, id=9768, stack(0x000000d080300000,0x000000d080400000)]
  0x000001ea398b1800 JavaThread "ForkJoinPool-1-worker-11" daemon [_thread_blocked, id=16576, stack(0x000000d080400000,0x000000d080500000)]
  0x000001ea398b6000 JavaThread "ForkJoinPool-1-worker-13" daemon [_thread_blocked, id=26164, stack(0x000000d080500000,0x000000d080600000)]
  0x000001ea398b0000 JavaThread "ForkJoinPool-1-worker-15" daemon [_thread_blocked, id=2264, stack(0x000000d080600000,0x000000d080700000)]
  0x000001ea398b5000 JavaThread "ForkJoinPool-1-worker-1" daemon [_thread_blocked, id=6704, stack(0x000000d080700000,0x000000d080800000)]

Other Threads:
=>0x000001ea2f712800 VMThread "VM Thread" [stack: 0x000000d0fb400000,0x000000d0fb500000] [id=10436]
  0x000001ea30213000 WatcherThread [stack: 0x000000d0fbe00000,0x000000d0fbf00000] [id=22804]
  0x000001ea152a6000 GCTaskThread "GC Thread#0" [stack: 0x000000d0faf00000,0x000000d0fb000000] [id=10360]
  0x000001ea30e89000 GCTaskThread "GC Thread#1" [stack: 0x000000d0fc100000,0x000000d0fc200000] [id=14552]
  0x000001ea30604800 GCTaskThread "GC Thread#2" [stack: 0x000000d0fc200000,0x000000d0fc300000] [id=3136]
  0x000001ea3220a800 GCTaskThread "GC Thread#3" [stack: 0x000000d0fcb00000,0x000000d0fcc00000] [id=19480]
  0x000001ea315bc800 GCTaskThread "GC Thread#4" [stack: 0x000000d0fcc00000,0x000000d0fcd00000] [id=9232]
  0x000001ea32447000 GCTaskThread "GC Thread#5" [stack: 0x000000d0fcd00000,0x000000d0fce00000] [id=16248]
  0x000001ea31ac3800 GCTaskThread "GC Thread#6" [stack: 0x000000d0fce00000,0x000000d0fcf00000] [id=20260]
  0x000001ea318d9800 GCTaskThread "GC Thread#7" [stack: 0x000000d0fcf00000,0x000000d0fd000000] [id=9212]
  0x000001ea152d8000 ConcurrentGCThread "G1 Main Marker" [stack: 0x000000d0fb000000,0x000000d0fb100000] [id=2700]
  0x000001ea152d9800 ConcurrentGCThread "G1 Conc#0" [stack: 0x000000d0fb100000,0x000000d0fb200000] [id=26644]
  0x000001ea31ada800 ConcurrentGCThread "G1 Conc#1" [stack: 0x000000d0fd200000,0x000000d0fd300000] [id=25764]
  0x000001ea2f560800 ConcurrentGCThread "G1 Refine#0" [stack: 0x000000d0fb200000,0x000000d0fb300000] [id=22276]
  0x000001ea38118000 ConcurrentGCThread "G1 Refine#1" [stack: 0x000000d080800000,0x000000d080900000] [id=12976]
  0x000001ea3c3ac000 ConcurrentGCThread "G1 Refine#2" [stack: 0x000000d080900000,0x000000d080a00000] [id=27056]
  0x000001ea393c4000 ConcurrentGCThread "G1 Refine#3" [stack: 0x000000d080a00000,0x000000d080b00000] [id=15796]
  0x000001ea39b4d000 ConcurrentGCThread "G1 Refine#4" [stack: 0x000000d080b00000,0x000000d080c00000] [id=12760]
  0x000001ea3e6b4800 ConcurrentGCThread "G1 Refine#5" [stack: 0x000000d080c00000,0x000000d080d00000] [id=21480]
  0x000001ea3c751000 ConcurrentGCThread "G1 Refine#6" [stack: 0x000000d080d00000,0x000000d080e00000] [id=19640]
  0x000001ea2f561800 ConcurrentGCThread "G1 Young RemSet Sampling" [stack: 0x000000d0fb300000,0x000000d0fb400000] [id=8376]

Threads with active compile tasks:
C2 CompilerThread0 304514 17264       4       java.util.TimSort::binarySort (223 bytes)
C2 CompilerThread1 304514 16323 %     4       com.android.tools.r8.ir.regalloc.a::a @ 63 (3985 bytes)

VM state:at safepoint (normal execution)

VM Mutex/Monitor currently owned by a thread:  ([mutex/lock_event])
[0x000001ea1528aac0] Threads_lock - owner thread: 0x000001ea2f712800
[0x000001ea1528ab50] Heap_lock - owner thread: 0x000001ea398b3800

Heap address: 0x0000000080000000, size: 2048 MB, Compressed Oops mode: 32-bit
Narrow klass base: 0x0000000000000000, Narrow klass shift: 3
Compressed class space size: 1073741824 Address: 0x0000000100000000

Heap:
 garbage-first heap   total 500736K, used 159744K [0x0000000080000000, 0x0000000100000000)
  region size 1024K, 15 young (15360K), 15 survivors (15360K)
 Metaspace       used 99225K, capacity 102467K, committed 102732K, reserved 1138688K
  class space    used 12870K, capacity 14128K, committed 14156K, reserved 1048576K
Heap Regions: E=young(eden), S=young(survivor), O=old, HS=humongous(starts), HC=humongous(continues), CS=collection set, F=free, A=archive, TAMS=top-at-mark-start (previous, next)
|   0|0x0000000080000000, 0x0000000080100000, 0x0000000080100000|100%| O|  |TAMS 0x0000000080100000, 0x0000000080000000| Untracked 
|   1|0x0000000080100000, 0x0000000080200000, 0x0000000080200000|100%| O|  |TAMS 0x0000000080200000, 0x0000000080100000| Untracked 
|   2|0x0000000080200000, 0x0000000080300000, 0x0000000080300000|100%| O|  |TAMS 0x0000000080300000, 0x0000000080200000| Untracked 
|   3|0x0000000080300000, 0x0000000080400000, 0x0000000080400000|100%|HS|  |TAMS 0x0000000080400000, 0x0000000080300000| Complete 
|   4|0x0000000080400000, 0x0000000080500000, 0x0000000080500000|100%|HC|  |TAMS 0x0000000080500000, 0x0000000080400000| Complete 
|   5|0x0000000080500000, 0x0000000080600000, 0x0000000080600000|100%|HC|  |TAMS 0x0000000080600000, 0x0000000080500000| Complete 
|   6|0x0000000080600000, 0x0000000080700000, 0x0000000080700000|100%| O|  |TAMS 0x0000000080700000, 0x0000000080600000| Untracked 
|   7|0x0000000080700000, 0x0000000080800000, 0x0000000080800000|100%| O|  |TAMS 0x0000000080800000, 0x0000000080700000| Untracked 
|   8|0x0000000080800000, 0x0000000080900000, 0x0000000080900000|100%| O|  |TAMS 0x0000000080900000, 0x0000000080800000| Untracked 
|   9|0x0000000080900000, 0x0000000080a00000, 0x0000000080a00000|100%| O|  |TAMS 0x0000000080a00000, 0x0000000080900000| Untracked 
|  10|0x0000000080a00000, 0x0000000080b00000, 0x0000000080b00000|100%| O|  |TAMS 0x0000000080b00000, 0x0000000080a00000| Untracked 
|  11|0x0000000080b00000, 0x0000000080c00000, 0x0000000080c00000|100%| O|  |TAMS 0x0000000080c00000, 0x0000000080b00000| Untracked 
|  12|0x0000000080c00000, 0x0000000080d00000, 0x0000000080d00000|100%| O|  |TAMS 0x0000000080d00000, 0x0000000080c00000| Untracked 
|  13|0x0000000080d00000, 0x0000000080e00000, 0x0000000080e00000|100%| O|  |TAMS 0x0000000080e00000, 0x0000000080d00000| Untracked 
|  14|0x0000000080e00000, 0x0000000080f00000, 0x0000000080f00000|100%| O|  |TAMS 0x0000000080f00000, 0x0000000080e00000| Untracked 
|  15|0x0000000080f00000, 0x0000000081000000, 0x0000000081000000|100%| O|  |TAMS 0x0000000081000000, 0x0000000080f00000| Untracked 
|  16|0x0000000081000000, 0x0000000081100000, 0x0000000081100000|100%|HS|  |TAMS 0x0000000081100000, 0x0000000081000000| Complete 
|  17|0x0000000081100000, 0x0000000081200000, 0x0000000081200000|100%| O|  |TAMS 0x0000000081200000, 0x0000000081100000| Untracked 
|  18|0x0000000081200000, 0x0000000081300000, 0x0000000081300000|100%| O|  |TAMS 0x0000000081300000, 0x0000000081200000| Untracked 
|  19|0x0000000081300000, 0x0000000081400000, 0x0000000081400000|100%| O|  |TAMS 0x0000000081400000, 0x0000000081300000| Untracked 
|  20|0x0000000081400000, 0x0000000081500000, 0x0000000081500000|100%| O|  |TAMS 0x0000000081500000, 0x0000000081400000| Untracked 
|  21|0x0000000081500000, 0x0000000081600000, 0x0000000081600000|100%| O|  |TAMS 0x0000000081600000, 0x0000000081500000| Untracked 
|  22|0x0000000081600000, 0x0000000081700000, 0x0000000081700000|100%| O|  |TAMS 0x0000000081700000, 0x0000000081600000| Untracked 
|  23|0x0000000081700000, 0x0000000081800000, 0x0000000081800000|100%| O|  |TAMS 0x0000000081800000, 0x0000000081700000| Untracked 
|  24|0x0000000081800000, 0x0000000081900000, 0x0000000081900000|100%| O|  |TAMS 0x0000000081900000, 0x0000000081800000| Untracked 
|  25|0x0000000081900000, 0x0000000081a00000, 0x0000000081a00000|100%| O|  |TAMS 0x0000000081a00000, 0x0000000081900000| Untracked 
|  26|0x0000000081a00000, 0x0000000081b00000, 0x0000000081b00000|100%|HS|  |TAMS 0x0000000081a00000, 0x0000000081a00000| Complete 
|  27|0x0000000081b00000, 0x0000000081c00000, 0x0000000081c00000|100%|HS|  |TAMS 0x0000000081c00000, 0x0000000081b00000| Complete 
|  28|0x0000000081c00000, 0x0000000081d00000, 0x0000000081d00000|100%|HS|  |TAMS 0x0000000081d00000, 0x0000000081c00000| Complete 
|  29|0x0000000081d00000, 0x0000000081e00000, 0x0000000081e00000|100%|HC|  |TAMS 0x0000000081e00000, 0x0000000081d00000| Complete 
|  30|0x0000000081e00000, 0x0000000081f00000, 0x0000000081f00000|100%|HS|  |TAMS 0x0000000081e00000, 0x0000000081e00000| Complete 
|  31|0x0000000081f00000, 0x0000000082000000, 0x0000000082000000|100%| O|  |TAMS 0x0000000082000000, 0x0000000081f00000| Untracked 
|  32|0x0000000082000000, 0x0000000082100000, 0x0000000082100000|100%| O|  |TAMS 0x0000000082100000, 0x0000000082000000| Untracked 
|  33|0x0000000082100000, 0x0000000082200000, 0x0000000082200000|100%| O|  |TAMS 0x0000000082200000, 0x0000000082100000| Untracked 
|  34|0x0000000082200000, 0x0000000082300000, 0x0000000082300000|100%| O|  |TAMS 0x0000000082300000, 0x0000000082200000| Untracked 
|  35|0x0000000082300000, 0x0000000082400000, 0x0000000082400000|100%| O|  |TAMS 0x0000000082400000, 0x0000000082300000| Untracked 
|  36|0x0000000082400000, 0x0000000082500000, 0x0000000082500000|100%| O|  |TAMS 0x0000000082500000, 0x0000000082400000| Untracked 
|  37|0x0000000082500000, 0x0000000082600000, 0x0000000082600000|100%| O|  |TAMS 0x0000000082600000, 0x0000000082500000| Untracked 
|  38|0x0000000082600000, 0x0000000082700000, 0x0000000082700000|100%| O|  |TAMS 0x0000000082700000, 0x0000000082600000| Untracked 
|  39|0x0000000082700000, 0x0000000082800000, 0x0000000082800000|100%| O|  |TAMS 0x0000000082800000, 0x0000000082700000| Untracked 
|  40|0x0000000082800000, 0x0000000082900000, 0x0000000082900000|100%| O|  |TAMS 0x0000000082900000, 0x0000000082800000| Untracked 
|  41|0x0000000082900000, 0x0000000082a00000, 0x0000000082a00000|100%| O|  |TAMS 0x0000000082a00000, 0x0000000082900000| Untracked 
|  42|0x0000000082a00000, 0x0000000082b00000, 0x0000000082b00000|100%| O|  |TAMS 0x0000000082b00000, 0x0000000082a00000| Untracked 
|  43|0x0000000082b00000, 0x0000000082c00000, 0x0000000082c00000|100%| O|  |TAMS 0x0000000082c00000, 0x0000000082b00000| Untracked 
|  44|0x0000000082c00000, 0x0000000082d00000, 0x0000000082d00000|100%| O|  |TAMS 0x0000000082d00000, 0x0000000082c00000| Untracked 
|  45|0x0000000082d00000, 0x0000000082e00000, 0x0000000082e00000|100%| O|  |TAMS 0x0000000082e00000, 0x0000000082d00000| Untracked 
|  46|0x0000000082e00000, 0x0000000082f00000, 0x0000000082f00000|100%| O|  |TAMS 0x0000000082f00000, 0x0000000082e00000| Untracked 
|  47|0x0000000082f00000, 0x0000000083000000, 0x0000000083000000|100%| O|  |TAMS 0x0000000083000000, 0x0000000082f00000| Untracked 
|  48|0x0000000083000000, 0x0000000083100000, 0x0000000083100000|100%| O|  |TAMS 0x0000000083100000, 0x0000000083000000| Untracked 
|  49|0x0000000083100000, 0x0000000083200000, 0x0000000083200000|100%| O|  |TAMS 0x0000000083200000, 0x0000000083100000| Untracked 
|  50|0x0000000083200000, 0x0000000083300000, 0x0000000083300000|100%| O|  |TAMS 0x0000000083300000, 0x0000000083200000| Untracked 
|  51|0x0000000083300000, 0x0000000083400000, 0x0000000083400000|100%| O|  |TAMS 0x0000000083400000, 0x0000000083300000| Untracked 
|  52|0x0000000083400000, 0x0000000083500000, 0x0000000083500000|100%| O|  |TAMS 0x0000000083500000, 0x0000000083400000| Untracked 
|  53|0x0000000083500000, 0x0000000083600000, 0x0000000083600000|100%| O|  |TAMS 0x0000000083600000, 0x0000000083500000| Untracked 
|  54|0x0000000083600000, 0x0000000083700000, 0x0000000083700000|100%| O|  |TAMS 0x0000000083700000, 0x0000000083600000| Untracked 
|  55|0x0000000083700000, 0x0000000083800000, 0x0000000083800000|100%| O|  |TAMS 0x0000000083800000, 0x0000000083700000| Untracked 
|  56|0x0000000083800000, 0x0000000083900000, 0x0000000083900000|100%| O|  |TAMS 0x0000000083900000, 0x0000000083800000| Untracked 
|  57|0x0000000083900000, 0x0000000083a00000, 0x0000000083a00000|100%| O|  |TAMS 0x0000000083a00000, 0x0000000083900000| Untracked 
|  58|0x0000000083a00000, 0x0000000083b00000, 0x0000000083b00000|100%| O|  |TAMS 0x0000000083b00000, 0x0000000083a00000| Untracked 
|  59|0x0000000083b00000, 0x0000000083c00000, 0x0000000083c00000|100%| O|  |TAMS 0x0000000083c00000, 0x0000000083b00000| Untracked 
|  60|0x0000000083c00000, 0x0000000083d00000, 0x0000000083d00000|100%| O|  |TAMS 0x0000000083d00000, 0x0000000083c00000| Untracked 
|  61|0x0000000083d00000, 0x0000000083e00000, 0x0000000083e00000|100%| O|  |TAMS 0x0000000083e00000, 0x0000000083d00000| Untracked 
|  62|0x0000000083e00000, 0x0000000083f00000, 0x0000000083f00000|100%| O|  |TAMS 0x0000000083f00000, 0x0000000083e00000| Untracked 
|  63|0x0000000083f00000, 0x0000000084000000, 0x0000000084000000|100%| O|  |TAMS 0x0000000084000000, 0x0000000083f00000| Untracked 
|  64|0x0000000084000000, 0x0000000084100000, 0x0000000084100000|100%| O|  |TAMS 0x0000000084100000, 0x0000000084000000| Untracked 
|  65|0x0000000084100000, 0x0000000084200000, 0x0000000084200000|100%| O|  |TAMS 0x0000000084200000, 0x0000000084100000| Untracked 
|  66|0x0000000084200000, 0x0000000084300000, 0x0000000084300000|100%| O|  |TAMS 0x0000000084300000, 0x0000000084200000| Untracked 
|  67|0x0000000084300000, 0x0000000084400000, 0x0000000084400000|100%| O|  |TAMS 0x0000000084400000, 0x0000000084300000| Untracked 
|  68|0x0000000084400000, 0x0000000084500000, 0x0000000084500000|100%| O|  |TAMS 0x0000000084500000, 0x0000000084400000| Untracked 
|  69|0x0000000084500000, 0x0000000084600000, 0x0000000084600000|100%| O|  |TAMS 0x0000000084600000, 0x0000000084500000| Untracked 
|  70|0x0000000084600000, 0x0000000084700000, 0x0000000084700000|100%| O|  |TAMS 0x0000000084700000, 0x0000000084600000| Untracked 
|  71|0x0000000084700000, 0x0000000084800000, 0x0000000084800000|100%| O|  |TAMS 0x0000000084800000, 0x0000000084700000| Untracked 
|  72|0x0000000084800000, 0x0000000084900000, 0x0000000084900000|100%| O|  |TAMS 0x0000000084900000, 0x0000000084800000| Untracked 
|  73|0x0000000084900000, 0x0000000084a00000, 0x0000000084a00000|100%| O|  |TAMS 0x0000000084a00000, 0x0000000084900000| Untracked 
|  74|0x0000000084a00000, 0x0000000084b00000, 0x0000000084b00000|100%| O|  |TAMS 0x0000000084b00000, 0x0000000084a00000| Untracked 
|  75|0x0000000084b00000, 0x0000000084c00000, 0x0000000084c00000|100%| O|  |TAMS 0x0000000084c00000, 0x0000000084b00000| Untracked 
|  76|0x0000000084c00000, 0x0000000084d00000, 0x0000000084d00000|100%| O|  |TAMS 0x0000000084c00000, 0x0000000084c00000| Untracked 
|  77|0x0000000084d00000, 0x0000000084e00000, 0x0000000084e00000|100%| O|  |TAMS 0x0000000084e00000, 0x0000000084d00000| Untracked 
|  78|0x0000000084e00000, 0x0000000084f00000, 0x0000000084f00000|100%| O|  |TAMS 0x0000000084f00000, 0x0000000084e00000| Untracked 
|  79|0x0000000084f00000, 0x0000000085000000, 0x0000000085000000|100%| O|  |TAMS 0x0000000085000000, 0x0000000084f00000| Untracked 
|  80|0x0000000085000000, 0x0000000085100000, 0x0000000085100000|100%| O|  |TAMS 0x0000000085100000, 0x0000000085000000| Untracked 
|  81|0x0000000085100000, 0x0000000085200000, 0x0000000085200000|100%| O|  |TAMS 0x00000000851fba00, 0x0000000085100000| Untracked 
|  82|0x0000000085200000, 0x0000000085300000, 0x0000000085300000|100%| O|  |TAMS 0x0000000085200000, 0x0000000085200000| Untracked 
|  83|0x0000000085300000, 0x0000000085400000, 0x0000000085400000|100%| O|  |TAMS 0x0000000085300000, 0x0000000085300000| Untracked 
|  84|0x0000000085400000, 0x0000000085500000, 0x0000000085500000|100%| O|  |TAMS 0x0000000085400000, 0x0000000085400000| Untracked 
|  85|0x0000000085500000, 0x0000000085600000, 0x0000000085600000|100%|HS|  |TAMS 0x0000000085500000, 0x0000000085500000| Complete 
|  86|0x0000000085600000, 0x0000000085700000, 0x0000000085700000|100%|HC|  |TAMS 0x0000000085600000, 0x0000000085600000| Complete 
|  87|0x0000000085700000, 0x0000000085800000, 0x0000000085800000|100%|HS|  |TAMS 0x0000000085700000, 0x0000000085700000| Complete 
|  88|0x0000000085800000, 0x0000000085900000, 0x0000000085900000|100%|HS|  |TAMS 0x0000000085800000, 0x0000000085800000| Complete 
|  89|0x0000000085900000, 0x0000000085a00000, 0x0000000085a00000|100%|HS|  |TAMS 0x0000000085900000, 0x0000000085900000| Complete 
|  90|0x0000000085a00000, 0x0000000085b00000, 0x0000000085b00000|100%|HS|  |TAMS 0x0000000085a00000, 0x0000000085a00000| Complete 
|  91|0x0000000085b00000, 0x0000000085c00000, 0x0000000085c00000|100%|HS|  |TAMS 0x0000000085b00000, 0x0000000085b00000| Complete 
|  92|0x0000000085c00000, 0x0000000085d00000, 0x0000000085d00000|100%|HC|  |TAMS 0x0000000085c00000, 0x0000000085c00000| Complete 
|  93|0x0000000085d00000, 0x0000000085e00000, 0x0000000085e00000|100%| O|  |TAMS 0x0000000085d00000, 0x0000000085d00000| Untracked 
|  94|0x0000000085e00000, 0x0000000085f00000, 0x0000000085f00000|100%|HS|  |TAMS 0x0000000085e00000, 0x0000000085e00000| Complete 
|  95|0x0000000085f00000, 0x0000000086000000, 0x0000000086000000|100%| O|  |TAMS 0x0000000085f00000, 0x0000000085f00000| Untracked 
|  96|0x0000000086000000, 0x0000000086100000, 0x0000000086100000|100%|HS|  |TAMS 0x0000000086000000, 0x0000000086000000| Complete 
|  97|0x0000000086100000, 0x0000000086200000, 0x0000000086200000|100%| O|  |TAMS 0x0000000086100000, 0x0000000086100000| Untracked 
|  98|0x0000000086200000, 0x0000000086300000, 0x0000000086300000|100%|HS|  |TAMS 0x0000000086200000, 0x0000000086200000| Complete 
|  99|0x0000000086300000, 0x0000000086400000, 0x0000000086400000|100%| O|  |TAMS 0x0000000086300000, 0x0000000086300000| Untracked 
| 100|0x0000000086400000, 0x0000000086500000, 0x0000000086500000|100%| O|  |TAMS 0x0000000086400000, 0x0000000086400000| Untracked 
| 101|0x0000000086500000, 0x0000000086600000, 0x0000000086600000|100%| O|  |TAMS 0x0000000086500000, 0x0000000086500000| Untracked 
| 102|0x0000000086600000, 0x0000000086700000, 0x0000000086700000|100%| O|  |TAMS 0x0000000086600000, 0x0000000086600000| Untracked 
| 103|0x0000000086700000, 0x0000000086800000, 0x0000000086800000|100%| O|  |TAMS 0x0000000086700000, 0x0000000086700000| Untracked 
| 104|0x0000000086800000, 0x0000000086900000, 0x0000000086900000|100%| O|  |TAMS 0x0000000086800000, 0x0000000086800000| Untracked 
| 105|0x0000000086900000, 0x0000000086a00000, 0x0000000086a00000|100%| O|  |TAMS 0x0000000086900000, 0x0000000086900000| Untracked 
| 106|0x0000000086a00000, 0x0000000086b00000, 0x0000000086b00000|100%| O|  |TAMS 0x0000000086a00000, 0x0000000086a00000| Untracked 
| 107|0x0000000086b00000, 0x0000000086c00000, 0x0000000086c00000|100%| O|  |TAMS 0x0000000086b00000, 0x0000000086b00000| Untracked 
| 108|0x0000000086c00000, 0x0000000086d00000, 0x0000000086d00000|100%| O|  |TAMS 0x0000000086c00000, 0x0000000086c00000| Untracked 
| 109|0x0000000086d00000, 0x0000000086d00000, 0x0000000086e00000|  0%| F|  |TAMS 0x0000000086d00000, 0x0000000086d00000| Untracked 
| 110|0x0000000086e00000, 0x0000000086e00000, 0x0000000086f00000|  0%| F|  |TAMS 0x0000000086e00000, 0x0000000086e00000| Untracked 
| 111|0x0000000086f00000, 0x0000000086f00000, 0x0000000087000000|  0%| F|  |TAMS 0x0000000086f00000, 0x0000000086f00000| Untracked 
| 112|0x0000000087000000, 0x0000000087000000, 0x0000000087100000|  0%| F|  |TAMS 0x0000000087000000, 0x0000000087000000| Untracked 
| 113|0x0000000087100000, 0x0000000087100000, 0x0000000087200000|  0%| F|  |TAMS 0x0000000087100000, 0x0000000087100000| Untracked 
| 114|0x0000000087200000, 0x0000000087200000, 0x0000000087300000|  0%| F|  |TAMS 0x0000000087200000, 0x0000000087200000| Untracked 
| 115|0x0000000087300000, 0x0000000087300000, 0x0000000087400000|  0%| F|  |TAMS 0x0000000087300000, 0x0000000087300000| Untracked 
| 116|0x0000000087400000, 0x0000000087400000, 0x0000000087500000|  0%| F|  |TAMS 0x0000000087400000, 0x0000000087400000| Untracked 
| 117|0x0000000087500000, 0x0000000087500000, 0x0000000087600000|  0%| F|  |TAMS 0x0000000087500000, 0x0000000087500000| Untracked 
| 118|0x0000000087600000, 0x0000000087600000, 0x0000000087700000|  0%| F|  |TAMS 0x0000000087600000, 0x0000000087600000| Untracked 
| 119|0x0000000087700000, 0x0000000087700000, 0x0000000087800000|  0%| F|  |TAMS 0x0000000087700000, 0x0000000087700000| Untracked 
| 120|0x0000000087800000, 0x0000000087800000, 0x0000000087900000|  0%| F|  |TAMS 0x0000000087800000, 0x0000000087800000| Untracked 
| 121|0x0000000087900000, 0x0000000087900000, 0x0000000087a00000|  0%| F|  |TAMS 0x0000000087900000, 0x0000000087900000| Untracked 
| 122|0x0000000087a00000, 0x0000000087a00000, 0x0000000087b00000|  0%| F|  |TAMS 0x0000000087a00000, 0x0000000087a00000| Untracked 
| 123|0x0000000087b00000, 0x0000000087b00000, 0x0000000087c00000|  0%| F|  |TAMS 0x0000000087b00000, 0x0000000087b00000| Untracked 
| 124|0x0000000087c00000, 0x0000000087d00000, 0x0000000087d00000|100%| O|  |TAMS 0x0000000087c00000, 0x0000000087c00000| Untracked 
| 125|0x0000000087d00000, 0x0000000087e00000, 0x0000000087e00000|100%| O|  |TAMS 0x0000000087d00000, 0x0000000087d00000| Untracked 
| 126|0x0000000087e00000, 0x0000000087f00000, 0x0000000087f00000|100%| O|  |TAMS 0x0000000087e00000, 0x0000000087e00000| Untracked 
| 127|0x0000000087f00000, 0x0000000088000000, 0x0000000088000000|100%| O|  |TAMS 0x0000000087f00000, 0x0000000087f00000| Untracked 
| 128|0x0000000088000000, 0x0000000088100000, 0x0000000088100000|100%| O|  |TAMS 0x0000000088000000, 0x0000000088000000| Untracked 
| 129|0x0000000088100000, 0x0000000088200000, 0x0000000088200000|100%| O|  |TAMS 0x0000000088100000, 0x0000000088100000| Untracked 
| 130|0x0000000088200000, 0x0000000088300000, 0x0000000088300000|100%| O|  |TAMS 0x0000000088200000, 0x0000000088200000| Untracked 
| 131|0x0000000088300000, 0x0000000088400000, 0x0000000088400000|100%| O|  |TAMS 0x0000000088300000, 0x0000000088300000| Untracked 
| 132|0x0000000088400000, 0x0000000088500000, 0x0000000088500000|100%| O|  |TAMS 0x0000000088400000, 0x0000000088400000| Untracked 
| 133|0x0000000088500000, 0x0000000088600000, 0x0000000088600000|100%| O|  |TAMS 0x0000000088500000, 0x0000000088500000| Untracked 
| 134|0x0000000088600000, 0x0000000088700000, 0x0000000088700000|100%| O|  |TAMS 0x0000000088600000, 0x0000000088600000| Untracked 
| 135|0x0000000088700000, 0x0000000088700000, 0x0000000088800000|  0%| F|  |TAMS 0x0000000088700000, 0x0000000088700000| Untracked 
| 136|0x0000000088800000, 0x0000000088800000, 0x0000000088900000|  0%| F|  |TAMS 0x0000000088800000, 0x0000000088800000| Untracked 
| 137|0x0000000088900000, 0x0000000088900000, 0x0000000088a00000|  0%| F|  |TAMS 0x0000000088900000, 0x0000000088900000| Untracked 
| 138|0x0000000088a00000, 0x0000000088a00000, 0x0000000088b00000|  0%| F|  |TAMS 0x0000000088a00000, 0x0000000088a00000| Untracked 
| 139|0x0000000088b00000, 0x0000000088b00000, 0x0000000088c00000|  0%| F|  |TAMS 0x0000000088b00000, 0x0000000088b00000| Untracked 
| 140|0x0000000088c00000, 0x0000000088d00000, 0x0000000088d00000|100%| O|  |TAMS 0x0000000088c00000, 0x0000000088c00000| Untracked 
| 141|0x0000000088d00000, 0x0000000088e00000, 0x0000000088e00000|100%| O|  |TAMS 0x0000000088d00000, 0x0000000088d00000| Untracked 
| 142|0x0000000088e00000, 0x0000000088f00000, 0x0000000088f00000|100%| O|  |TAMS 0x0000000088e00000, 0x0000000088e00000| Untracked 
| 143|0x0000000088f00000, 0x0000000089000000, 0x0000000089000000|100%| O|  |TAMS 0x0000000088f00000, 0x0000000088f00000| Untracked 
| 144|0x0000000089000000, 0x0000000089100000, 0x0000000089100000|100%| O|  |TAMS 0x0000000089000000, 0x0000000089000000| Untracked 
| 145|0x0000000089100000, 0x0000000089200000, 0x0000000089200000|100%| O|  |TAMS 0x0000000089100000, 0x0000000089100000| Untracked 
| 146|0x0000000089200000, 0x0000000089200000, 0x0000000089300000|  0%| F|  |TAMS 0x0000000089200000, 0x0000000089200000| Untracked 
| 147|0x0000000089300000, 0x0000000089300000, 0x0000000089400000|  0%| F|  |TAMS 0x0000000089300000, 0x0000000089300000| Untracked 
| 148|0x0000000089400000, 0x0000000089400000, 0x0000000089500000|  0%| F|  |TAMS 0x0000000089400000, 0x0000000089400000| Untracked 
| 149|0x0000000089500000, 0x0000000089500000, 0x0000000089600000|  0%| F|  |TAMS 0x0000000089500000, 0x0000000089500000| Untracked 
| 150|0x0000000089600000, 0x0000000089600000, 0x0000000089700000|  0%| F|  |TAMS 0x0000000089600000, 0x0000000089600000| Untracked 
| 151|0x0000000089700000, 0x0000000089700000, 0x0000000089800000|  0%| F|  |TAMS 0x0000000089700000, 0x0000000089700000| Untracked 
| 152|0x0000000089800000, 0x0000000089800000, 0x0000000089900000|  0%| F|  |TAMS 0x0000000089800000, 0x0000000089800000| Untracked 
| 153|0x0000000089900000, 0x0000000089900000, 0x0000000089a00000|  0%| F|  |TAMS 0x0000000089900000, 0x0000000089900000| Untracked 
| 154|0x0000000089a00000, 0x0000000089a00000, 0x0000000089b00000|  0%| F|  |TAMS 0x0000000089a00000, 0x0000000089a00000| Untracked 
| 155|0x0000000089b00000, 0x0000000089b00000, 0x0000000089c00000|  0%| F|  |TAMS 0x0000000089b00000, 0x0000000089b00000| Untracked 
| 156|0x0000000089c00000, 0x0000000089c00000, 0x0000000089d00000|  0%| F|  |TAMS 0x0000000089c00000, 0x0000000089c00000| Untracked 
| 157|0x0000000089d00000, 0x0000000089d00000, 0x0000000089e00000|  0%| F|  |TAMS 0x0000000089d00000, 0x0000000089d00000| Untracked 
| 158|0x0000000089e00000, 0x0000000089e00000, 0x0000000089f00000|  0%| F|  |TAMS 0x0000000089e00000, 0x0000000089e00000| Untracked 
| 159|0x0000000089f00000, 0x0000000089f00000, 0x000000008a000000|  0%| F|  |TAMS 0x0000000089f00000, 0x0000000089f00000| Untracked 
| 160|0x000000008a000000, 0x000000008a000000, 0x000000008a100000|  0%| F|  |TAMS 0x000000008a000000, 0x000000008a000000| Untracked 
| 161|0x000000008a100000, 0x000000008a100000, 0x000000008a200000|  0%| F|  |TAMS 0x000000008a100000, 0x000000008a100000| Untracked 
| 162|0x000000008a200000, 0x000000008a200000, 0x000000008a300000|  0%| F|  |TAMS 0x000000008a200000, 0x000000008a200000| Untracked 
| 163|0x000000008a300000, 0x000000008a300000, 0x000000008a400000|  0%| F|  |TAMS 0x000000008a300000, 0x000000008a300000| Untracked 
| 164|0x000000008a400000, 0x000000008a400000, 0x000000008a500000|  0%| F|  |TAMS 0x000000008a400000, 0x000000008a400000| Untracked 
| 165|0x000000008a500000, 0x000000008a500000, 0x000000008a600000|  0%| F|  |TAMS 0x000000008a500000, 0x000000008a500000| Untracked 
| 166|0x000000008a600000, 0x000000008a600000, 0x000000008a700000|  0%| F|  |TAMS 0x000000008a600000, 0x000000008a600000| Untracked 
| 167|0x000000008a700000, 0x000000008a700000, 0x000000008a800000|  0%| F|  |TAMS 0x000000008a700000, 0x000000008a700000| Untracked 
| 168|0x000000008a800000, 0x000000008a800000, 0x000000008a900000|  0%| F|  |TAMS 0x000000008a800000, 0x000000008a800000| Untracked 
| 169|0x000000008a900000, 0x000000008a900000, 0x000000008aa00000|  0%| F|  |TAMS 0x000000008a900000, 0x000000008a900000| Untracked 
| 170|0x000000008aa00000, 0x000000008aa00000, 0x000000008ab00000|  0%| F|  |TAMS 0x000000008aa00000, 0x000000008aa00000| Untracked 
| 171|0x000000008ab00000, 0x000000008ab00000, 0x000000008ac00000|  0%| F|  |TAMS 0x000000008ab00000, 0x000000008ab00000| Untracked 
| 172|0x000000008ac00000, 0x000000008ac00000, 0x000000008ad00000|  0%| F|  |TAMS 0x000000008ac00000, 0x000000008ac00000| Untracked 
| 173|0x000000008ad00000, 0x000000008ad00000, 0x000000008ae00000|  0%| F|  |TAMS 0x000000008ad00000, 0x000000008ad00000| Untracked 
| 174|0x000000008ae00000, 0x000000008ae00000, 0x000000008af00000|  0%| F|  |TAMS 0x000000008ae00000, 0x000000008ae00000| Untracked 
| 175|0x000000008af00000, 0x000000008af00000, 0x000000008b000000|  0%| F|  |TAMS 0x000000008af00000, 0x000000008af00000| Untracked 
| 176|0x000000008b000000, 0x000000008b000000, 0x000000008b100000|  0%| F|  |TAMS 0x000000008b000000, 0x000000008b000000| Untracked 
| 177|0x000000008b100000, 0x000000008b100000, 0x000000008b200000|  0%| F|  |TAMS 0x000000008b100000, 0x000000008b100000| Untracked 
| 178|0x000000008b200000, 0x000000008b200000, 0x000000008b300000|  0%| F|  |TAMS 0x000000008b200000, 0x000000008b200000| Untracked 
| 179|0x000000008b300000, 0x000000008b300000, 0x000000008b400000|  0%| F|  |TAMS 0x000000008b300000, 0x000000008b300000| Untracked 
| 180|0x000000008b400000, 0x000000008b500000, 0x000000008b500000|100%| S|CS|TAMS 0x000000008b400000, 0x000000008b400000| Complete 
| 181|0x000000008b500000, 0x000000008b600000, 0x000000008b600000|100%| S|CS|TAMS 0x000000008b500000, 0x000000008b500000| Complete 
| 182|0x000000008b600000, 0x000000008b700000, 0x000000008b700000|100%| S|CS|TAMS 0x000000008b600000, 0x000000008b600000| Complete 
| 183|0x000000008b700000, 0x000000008b800000, 0x000000008b800000|100%| S|CS|TAMS 0x000000008b700000, 0x000000008b700000| Complete 
| 184|0x000000008b800000, 0x000000008b900000, 0x000000008b900000|100%| S|CS|TAMS 0x000000008b800000, 0x000000008b800000| Complete 
| 185|0x000000008b900000, 0x000000008ba00000, 0x000000008ba00000|100%| S|CS|TAMS 0x000000008b900000, 0x000000008b900000| Complete 
| 186|0x000000008ba00000, 0x000000008bb00000, 0x000000008bb00000|100%| S|CS|TAMS 0x000000008ba00000, 0x000000008ba00000| Complete 
| 187|0x000000008bb00000, 0x000000008bc00000, 0x000000008bc00000|100%| S|CS|TAMS 0x000000008bb00000, 0x000000008bb00000| Complete 
| 188|0x000000008bc00000, 0x000000008bd00000, 0x000000008bd00000|100%| S|CS|TAMS 0x000000008bc00000, 0x000000008bc00000| Complete 
| 189|0x000000008bd00000, 0x000000008be00000, 0x000000008be00000|100%| S|CS|TAMS 0x000000008bd00000, 0x000000008bd00000| Complete 
| 190|0x000000008be00000, 0x000000008bf00000, 0x000000008bf00000|100%| S|CS|TAMS 0x000000008be00000, 0x000000008be00000| Complete 
| 191|0x000000008bf00000, 0x000000008c000000, 0x000000008c000000|100%| S|CS|TAMS 0x000000008bf00000, 0x000000008bf00000| Complete 
| 192|0x000000008c000000, 0x000000008c100000, 0x000000008c100000|100%| S|CS|TAMS 0x000000008c000000, 0x000000008c000000| Complete 
| 193|0x000000008c100000, 0x000000008c200000, 0x000000008c200000|100%| S|CS|TAMS 0x000000008c100000, 0x000000008c100000| Complete 
| 194|0x000000008c200000, 0x000000008c300000, 0x000000008c300000|100%| S|CS|TAMS 0x000000008c200000, 0x000000008c200000| Complete 
| 195|0x000000008c300000, 0x000000008c300000, 0x000000008c400000|  0%| F|  |TAMS 0x000000008c300000, 0x000000008c300000| Untracked 
| 196|0x000000008c400000, 0x000000008c400000, 0x000000008c500000|  0%| F|  |TAMS 0x000000008c400000, 0x000000008c400000| Untracked 
| 197|0x000000008c500000, 0x000000008c500000, 0x000000008c600000|  0%| F|  |TAMS 0x000000008c500000, 0x000000008c500000| Untracked 
| 198|0x000000008c600000, 0x000000008c600000, 0x000000008c700000|  0%| F|  |TAMS 0x000000008c600000, 0x000000008c600000| Untracked 
| 199|0x000000008c700000, 0x000000008c700000, 0x000000008c800000|  0%| F|  |TAMS 0x000000008c700000, 0x000000008c700000| Untracked 
| 200|0x000000008c800000, 0x000000008c800000, 0x000000008c900000|  0%| F|  |TAMS 0x000000008c800000, 0x000000008c800000| Untracked 
| 201|0x000000008c900000, 0x000000008c900000, 0x000000008ca00000|  0%| F|  |TAMS 0x000000008c900000, 0x000000008c900000| Untracked 
| 202|0x000000008ca00000, 0x000000008ca00000, 0x000000008cb00000|  0%| F|  |TAMS 0x000000008ca00000, 0x000000008ca00000| Untracked 
| 203|0x000000008cb00000, 0x000000008cb00000, 0x000000008cc00000|  0%| F|  |TAMS 0x000000008cb00000, 0x000000008cb00000| Untracked 
| 204|0x000000008cc00000, 0x000000008cc00000, 0x000000008cd00000|  0%| F|  |TAMS 0x000000008cc00000, 0x000000008cc00000| Untracked 
| 205|0x000000008cd00000, 0x000000008cd00000, 0x000000008ce00000|  0%| F|  |TAMS 0x000000008cd00000, 0x000000008cd00000| Untracked 
| 206|0x000000008ce00000, 0x000000008ce00000, 0x000000008cf00000|  0%| F|  |TAMS 0x000000008ce00000, 0x000000008ce00000| Untracked 
| 207|0x000000008cf00000, 0x000000008cf00000, 0x000000008d000000|  0%| F|  |TAMS 0x000000008cf00000, 0x000000008cf00000| Untracked 
| 208|0x000000008d000000, 0x000000008d000000, 0x000000008d100000|  0%| F|  |TAMS 0x000000008d000000, 0x000000008d000000| Untracked 
| 209|0x000000008d100000, 0x000000008d100000, 0x000000008d200000|  0%| F|  |TAMS 0x000000008d100000, 0x000000008d100000| Untracked 
| 210|0x000000008d200000, 0x000000008d200000, 0x000000008d300000|  0%| F|  |TAMS 0x000000008d200000, 0x000000008d200000| Untracked 
| 211|0x000000008d300000, 0x000000008d300000, 0x000000008d400000|  0%| F|  |TAMS 0x000000008d300000, 0x000000008d300000| Untracked 
| 212|0x000000008d400000, 0x000000008d400000, 0x000000008d500000|  0%| F|  |TAMS 0x000000008d400000, 0x000000008d400000| Untracked 
| 213|0x000000008d500000, 0x000000008d500000, 0x000000008d600000|  0%| F|  |TAMS 0x000000008d500000, 0x000000008d500000| Untracked 
| 214|0x000000008d600000, 0x000000008d600000, 0x000000008d700000|  0%| F|  |TAMS 0x000000008d600000, 0x000000008d600000| Untracked 
| 215|0x000000008d700000, 0x000000008d700000, 0x000000008d800000|  0%| F|  |TAMS 0x000000008d700000, 0x000000008d700000| Untracked 
| 216|0x000000008d800000, 0x000000008d800000, 0x000000008d900000|  0%| F|  |TAMS 0x000000008d800000, 0x000000008d800000| Untracked 
| 217|0x000000008d900000, 0x000000008d900000, 0x000000008da00000|  0%| F|  |TAMS 0x000000008d900000, 0x000000008d900000| Untracked 
| 218|0x000000008da00000, 0x000000008da00000, 0x000000008db00000|  0%| F|  |TAMS 0x000000008da00000, 0x000000008da00000| Untracked 
| 219|0x000000008db00000, 0x000000008db00000, 0x000000008dc00000|  0%| F|  |TAMS 0x000000008db00000, 0x000000008db00000| Untracked 
| 220|0x000000008dc00000, 0x000000008dc00000, 0x000000008dd00000|  0%| F|  |TAMS 0x000000008dc00000, 0x000000008dc00000| Untracked 
| 221|0x000000008dd00000, 0x000000008dd00000, 0x000000008de00000|  0%| F|  |TAMS 0x000000008dd00000, 0x000000008dd00000| Untracked 
| 222|0x000000008de00000, 0x000000008de00000, 0x000000008df00000|  0%| F|  |TAMS 0x000000008de00000, 0x000000008de00000| Untracked 
| 223|0x000000008df00000, 0x000000008df00000, 0x000000008e000000|  0%| F|  |TAMS 0x000000008df00000, 0x000000008df00000| Untracked 
| 224|0x000000008e000000, 0x000000008e000000, 0x000000008e100000|  0%| F|  |TAMS 0x000000008e000000, 0x000000008e000000| Untracked 
| 225|0x000000008e100000, 0x000000008e100000, 0x000000008e200000|  0%| F|  |TAMS 0x000000008e100000, 0x000000008e100000| Untracked 
| 226|0x000000008e200000, 0x000000008e200000, 0x000000008e300000|  0%| F|  |TAMS 0x000000008e200000, 0x000000008e200000| Untracked 
| 227|0x000000008e300000, 0x000000008e300000, 0x000000008e400000|  0%| F|  |TAMS 0x000000008e300000, 0x000000008e300000| Untracked 
| 228|0x000000008e400000, 0x000000008e400000, 0x000000008e500000|  0%| F|  |TAMS 0x000000008e400000, 0x000000008e400000| Untracked 
| 229|0x000000008e500000, 0x000000008e500000, 0x000000008e600000|  0%| F|  |TAMS 0x000000008e500000, 0x000000008e500000| Untracked 
| 230|0x000000008e600000, 0x000000008e600000, 0x000000008e700000|  0%| F|  |TAMS 0x000000008e600000, 0x000000008e600000| Untracked 
| 231|0x000000008e700000, 0x000000008e700000, 0x000000008e800000|  0%| F|  |TAMS 0x000000008e700000, 0x000000008e700000| Untracked 
| 232|0x000000008e800000, 0x000000008e800000, 0x000000008e900000|  0%| F|  |TAMS 0x000000008e800000, 0x000000008e800000| Untracked 
| 233|0x000000008e900000, 0x000000008e900000, 0x000000008ea00000|  0%| F|  |TAMS 0x000000008e900000, 0x000000008e900000| Untracked 
| 234|0x000000008ea00000, 0x000000008ea00000, 0x000000008eb00000|  0%| F|  |TAMS 0x000000008ea00000, 0x000000008ea00000| Untracked 
| 235|0x000000008eb00000, 0x000000008eb00000, 0x000000008ec00000|  0%| F|  |TAMS 0x000000008eb00000, 0x000000008eb00000| Untracked 
| 236|0x000000008ec00000, 0x000000008ec00000, 0x000000008ed00000|  0%| F|  |TAMS 0x000000008ec00000, 0x000000008ec00000| Untracked 
| 237|0x000000008ed00000, 0x000000008ed00000, 0x000000008ee00000|  0%| F|  |TAMS 0x000000008ed00000, 0x000000008ed00000| Untracked 
| 238|0x000000008ee00000, 0x000000008ee00000, 0x000000008ef00000|  0%| F|  |TAMS 0x000000008ee00000, 0x000000008ee00000| Untracked 
| 239|0x000000008ef00000, 0x000000008ef00000, 0x000000008f000000|  0%| F|  |TAMS 0x000000008ef00000, 0x000000008ef00000| Untracked 
| 240|0x000000008f000000, 0x000000008f000000, 0x000000008f100000|  0%| F|  |TAMS 0x000000008f000000, 0x000000008f000000| Untracked 
| 241|0x000000008f100000, 0x000000008f100000, 0x000000008f200000|  0%| F|  |TAMS 0x000000008f100000, 0x000000008f100000| Untracked 
| 242|0x000000008f200000, 0x000000008f200000, 0x000000008f300000|  0%| F|  |TAMS 0x000000008f200000, 0x000000008f200000| Untracked 
| 243|0x000000008f300000, 0x000000008f300000, 0x000000008f400000|  0%| F|  |TAMS 0x000000008f300000, 0x000000008f300000| Untracked 
| 244|0x000000008f400000, 0x000000008f400000, 0x000000008f500000|  0%| F|  |TAMS 0x000000008f400000, 0x000000008f400000| Untracked 
| 245|0x000000008f500000, 0x000000008f500000, 0x000000008f600000|  0%| F|  |TAMS 0x000000008f500000, 0x000000008f500000| Untracked 
| 246|0x000000008f600000, 0x000000008f600000, 0x000000008f700000|  0%| F|  |TAMS 0x000000008f600000, 0x000000008f600000| Untracked 
| 247|0x000000008f700000, 0x000000008f700000, 0x000000008f800000|  0%| F|  |TAMS 0x000000008f700000, 0x000000008f700000| Untracked 
| 248|0x000000008f800000, 0x000000008f800000, 0x000000008f900000|  0%| F|  |TAMS 0x000000008f800000, 0x000000008f800000| Untracked 
| 249|0x000000008f900000, 0x000000008f900000, 0x000000008fa00000|  0%| F|  |TAMS 0x000000008f900000, 0x000000008f900000| Untracked 
| 250|0x000000008fa00000, 0x000000008fa00000, 0x000000008fb00000|  0%| F|  |TAMS 0x000000008fa00000, 0x000000008fa00000| Untracked 
| 251|0x000000008fb00000, 0x000000008fb00000, 0x000000008fc00000|  0%| F|  |TAMS 0x000000008fb00000, 0x000000008fb00000| Untracked 
| 252|0x000000008fc00000, 0x000000008fc00000, 0x000000008fd00000|  0%| F|  |TAMS 0x000000008fc00000, 0x000000008fc00000| Untracked 
| 253|0x000000008fd00000, 0x000000008fd00000, 0x000000008fe00000|  0%| F|  |TAMS 0x000000008fd00000, 0x000000008fd00000| Untracked 
| 254|0x000000008fe00000, 0x000000008fe00000, 0x000000008ff00000|  0%| F|  |TAMS 0x000000008fe00000, 0x000000008fe00000| Untracked 
| 255|0x000000008ff00000, 0x000000008ff00000, 0x0000000090000000|  0%| F|  |TAMS 0x000000008ff00000, 0x000000008ff00000| Untracked 
| 256|0x0000000090000000, 0x0000000090000000, 0x0000000090100000|  0%| F|  |TAMS 0x0000000090000000, 0x0000000090000000| Untracked 
| 257|0x0000000090100000, 0x0000000090100000, 0x0000000090200000|  0%| F|  |TAMS 0x0000000090100000, 0x0000000090100000| Untracked 
| 258|0x0000000090200000, 0x0000000090200000, 0x0000000090300000|  0%| F|  |TAMS 0x0000000090200000, 0x0000000090200000| Untracked 
| 259|0x0000000090300000, 0x0000000090300000, 0x0000000090400000|  0%| F|  |TAMS 0x0000000090300000, 0x0000000090300000| Untracked 
| 260|0x0000000090400000, 0x0000000090400000, 0x0000000090500000|  0%| F|  |TAMS 0x0000000090400000, 0x0000000090400000| Untracked 
| 261|0x0000000090500000, 0x0000000090500000, 0x0000000090600000|  0%| F|  |TAMS 0x0000000090500000, 0x0000000090500000| Untracked 
| 262|0x0000000090600000, 0x0000000090600000, 0x0000000090700000|  0%| F|  |TAMS 0x0000000090600000, 0x0000000090600000| Untracked 
| 263|0x0000000090700000, 0x0000000090700000, 0x0000000090800000|  0%| F|  |TAMS 0x0000000090700000, 0x0000000090700000| Untracked 
| 264|0x0000000090800000, 0x0000000090800000, 0x0000000090900000|  0%| F|  |TAMS 0x0000000090800000, 0x0000000090800000| Untracked 
| 265|0x0000000090900000, 0x0000000090900000, 0x0000000090a00000|  0%| F|  |TAMS 0x0000000090900000, 0x0000000090900000| Untracked 
| 266|0x0000000090a00000, 0x0000000090a00000, 0x0000000090b00000|  0%| F|  |TAMS 0x0000000090a00000, 0x0000000090a00000| Untracked 
| 267|0x0000000090b00000, 0x0000000090b00000, 0x0000000090c00000|  0%| F|  |TAMS 0x0000000090b00000, 0x0000000090b00000| Untracked 
| 268|0x0000000090c00000, 0x0000000090c00000, 0x0000000090d00000|  0%| F|  |TAMS 0x0000000090c00000, 0x0000000090c00000| Untracked 
| 269|0x0000000090d00000, 0x0000000090d00000, 0x0000000090e00000|  0%| F|  |TAMS 0x0000000090d00000, 0x0000000090d00000| Untracked 
| 270|0x0000000090e00000, 0x0000000090e00000, 0x0000000090f00000|  0%| F|  |TAMS 0x0000000090e00000, 0x0000000090e00000| Untracked 
| 271|0x0000000090f00000, 0x0000000090f00000, 0x0000000091000000|  0%| F|  |TAMS 0x0000000090f00000, 0x0000000090f00000| Untracked 
| 272|0x0000000091000000, 0x0000000091000000, 0x0000000091100000|  0%| F|  |TAMS 0x0000000091000000, 0x0000000091000000| Untracked 
| 273|0x0000000091100000, 0x0000000091100000, 0x0000000091200000|  0%| F|  |TAMS 0x0000000091100000, 0x0000000091100000| Untracked 
| 274|0x0000000091200000, 0x0000000091200000, 0x0000000091300000|  0%| F|  |TAMS 0x0000000091200000, 0x0000000091200000| Untracked 
| 275|0x0000000091300000, 0x0000000091300000, 0x0000000091400000|  0%| F|  |TAMS 0x0000000091300000, 0x0000000091300000| Untracked 
| 276|0x0000000091400000, 0x0000000091400000, 0x0000000091500000|  0%| F|  |TAMS 0x0000000091400000, 0x0000000091400000| Untracked 
| 277|0x0000000091500000, 0x0000000091500000, 0x0000000091600000|  0%| F|  |TAMS 0x0000000091500000, 0x0000000091500000| Untracked 
| 278|0x0000000091600000, 0x0000000091600000, 0x0000000091700000|  0%| F|  |TAMS 0x0000000091600000, 0x0000000091600000| Untracked 
| 279|0x0000000091700000, 0x0000000091700000, 0x0000000091800000|  0%| F|  |TAMS 0x0000000091700000, 0x0000000091700000| Untracked 
| 280|0x0000000091800000, 0x0000000091800000, 0x0000000091900000|  0%| F|  |TAMS 0x0000000091800000, 0x0000000091800000| Untracked 
| 281|0x0000000091900000, 0x0000000091900000, 0x0000000091a00000|  0%| F|  |TAMS 0x0000000091900000, 0x0000000091900000| Untracked 
| 282|0x0000000091a00000, 0x0000000091a00000, 0x0000000091b00000|  0%| F|  |TAMS 0x0000000091a00000, 0x0000000091a00000| Untracked 
| 283|0x0000000091b00000, 0x0000000091b00000, 0x0000000091c00000|  0%| F|  |TAMS 0x0000000091b00000, 0x0000000091b00000| Untracked 
| 284|0x0000000091c00000, 0x0000000091c00000, 0x0000000091d00000|  0%| F|  |TAMS 0x0000000091c00000, 0x0000000091c00000| Untracked 
| 285|0x0000000091d00000, 0x0000000091d00000, 0x0000000091e00000|  0%| F|  |TAMS 0x0000000091d00000, 0x0000000091d00000| Untracked 
| 286|0x0000000091e00000, 0x0000000091e00000, 0x0000000091f00000|  0%| F|  |TAMS 0x0000000091e00000, 0x0000000091e00000| Untracked 
| 287|0x0000000091f00000, 0x0000000091f00000, 0x0000000092000000|  0%| F|  |TAMS 0x0000000091f00000, 0x0000000091f00000| Untracked 
| 288|0x0000000092000000, 0x0000000092100000, 0x0000000092100000|100%| O|  |TAMS 0x0000000092000000, 0x0000000092000000| Untracked 
| 289|0x0000000092100000, 0x0000000092200000, 0x0000000092200000|100%| O|  |TAMS 0x0000000092100000, 0x0000000092100000| Untracked 
| 290|0x0000000092200000, 0x0000000092300000, 0x0000000092300000|100%| O|  |TAMS 0x0000000092200000, 0x0000000092200000| Untracked 
| 291|0x0000000092300000, 0x0000000092400000, 0x0000000092400000|100%| O|  |TAMS 0x0000000092300000, 0x0000000092300000| Untracked 
| 292|0x0000000092400000, 0x0000000092500000, 0x0000000092500000|100%| O|  |TAMS 0x0000000092400000, 0x0000000092400000| Untracked 
| 293|0x0000000092500000, 0x0000000092600000, 0x0000000092600000|100%| O|  |TAMS 0x0000000092500000, 0x0000000092500000| Untracked 
| 294|0x0000000092600000, 0x0000000092700000, 0x0000000092700000|100%| O|  |TAMS 0x0000000092600000, 0x0000000092600000| Untracked 
| 295|0x0000000092700000, 0x0000000092800000, 0x0000000092800000|100%| O|  |TAMS 0x0000000092700000, 0x0000000092700000| Untracked 
| 296|0x0000000092800000, 0x0000000092900000, 0x0000000092900000|100%| O|  |TAMS 0x0000000092800000, 0x0000000092800000| Untracked 
| 297|0x0000000092900000, 0x0000000092a00000, 0x0000000092a00000|100%| O|  |TAMS 0x0000000092900000, 0x0000000092900000| Untracked 
| 298|0x0000000092a00000, 0x0000000092b00000, 0x0000000092b00000|100%| O|  |TAMS 0x0000000092a00000, 0x0000000092a00000| Untracked 
| 299|0x0000000092b00000, 0x0000000092c00000, 0x0000000092c00000|100%| O|  |TAMS 0x0000000092b00000, 0x0000000092b00000| Untracked 
| 300|0x0000000092c00000, 0x0000000092d00000, 0x0000000092d00000|100%| O|  |TAMS 0x0000000092c00000, 0x0000000092c00000| Untracked 
| 301|0x0000000092d00000, 0x0000000092e00000, 0x0000000092e00000|100%| O|  |TAMS 0x0000000092d00000, 0x0000000092d00000| Untracked 
| 302|0x0000000092e00000, 0x0000000092f00000, 0x0000000092f00000|100%| O|  |TAMS 0x0000000092e00000, 0x0000000092e00000| Untracked 

Card table byte_map: [0x000001ea284b0000,0x000001ea288b0000] _byte_map_base: 0x000001ea280b0000

Marking Bits (Prev, Next): (CMBitMap*) 0x000001ea152cf300, (CMBitMap*) 0x000001ea152cf2c8
 Prev Bits: [0x000001ea2acb0000, 0x000001ea2ccb0000)
 Next Bits: [0x000001ea28cb0000, 0x000001ea2acb0000)

Polling page: 0x000001ea131f0000

Metaspace:

Usage:
  Non-class:     86.27 MB capacity,    84.33 MB ( 98%) used,     1.56 MB (  2%) free+waste,   381.81 KB ( <1%) overhead. 
      Class:     13.80 MB capacity,    12.57 MB ( 91%) used,     1.05 MB (  8%) free+waste,   178.00 KB (  1%) overhead. 
       Both:    100.07 MB capacity,    96.90 MB ( 97%) used,     2.62 MB (  3%) free+waste,   559.81 KB ( <1%) overhead. 

Virtual space:
  Non-class space:       88.00 MB reserved,      86.50 MB ( 98%) committed 
      Class space:        1.00 GB reserved,      13.82 MB (  1%) committed 
             Both:        1.09 GB reserved,     100.32 MB (  9%) committed 

Chunk freelists:
   Non-Class:  45.00 KB
       Class:  0 bytes
        Both:  45.00 KB

MaxMetaspaceSize: 17179869184.00 GB
CompressedClassSpaceSize: 1.00 GB

CodeHeap 'non-profiled nmethods': size=120000Kb used=9146Kb max_used=9146Kb free=110853Kb
 bounds [0x000001ea20850000, 0x000001ea21140000, 0x000001ea27d80000]
CodeHeap 'profiled nmethods': size=120000Kb used=40919Kb max_used=40919Kb free=79080Kb
 bounds [0x000001ea19320000, 0x000001ea1bb20000, 0x000001ea20850000]
CodeHeap 'non-nmethods': size=5760Kb used=2300Kb max_used=2391Kb free=3459Kb
 bounds [0x000001ea18d80000, 0x000001ea18ff0000, 0x000001ea19320000]
 total_blobs=17504 nmethods=16602 adapters=811
 compilation: enabled
              stopped_count=0, restarted_count=0
 full_count=0

Compilation events (20 events):
Event: 304.324 Thread 0x000001ea2f734800 17286       2       com.android.tools.r8.graph.f0$s::o0 (1 bytes)
Event: 304.324 Thread 0x000001ea2f734800 nmethod 17286 0x000001ea1bb10c90 code [0x000001ea1bb10e40, 0x000001ea1bb10f38]
Event: 304.324 Thread 0x000001ea2f734800 17287       2       com.android.tools.r8.graph.M$$Lambda$1930/0x0000000100ba2440::compare (12 bytes)
Event: 304.324 Thread 0x000001ea2f734800 nmethod 17287 0x000001ea1bb11010 code [0x000001ea1bb111e0, 0x000001ea1bb11388]
Event: 304.324 Thread 0x000001ea2f734800 17288       2       com.android.tools.r8.graph.M::a (12 bytes)
Event: 304.324 Thread 0x000001ea2f734800 nmethod 17288 0x000001ea1bb11510 code [0x000001ea1bb116c0, 0x000001ea1bb117c8]
Event: 304.326 Thread 0x000001ea2f734800 17296 %     3       com.android.tools.r8.graph.S::a @ 19 (48 bytes)
Event: 304.327 Thread 0x000001ea2f734800 nmethod 17296% 0x000001ea1bb11910 code [0x000001ea1bb11b40, 0x000001ea1bb12328]
Event: 304.327 Thread 0x000001ea2f734800 17297       3       com.android.tools.r8.graph.S::a (48 bytes)
Event: 304.328 Thread 0x000001ea2f734800 nmethod 17297 0x000001ea1bb12610 code [0x000001ea1bb12840, 0x000001ea1bb13048]
Event: 304.333 Thread 0x000001ea2f734800 17299       2       com.android.tools.r8.graph.f0$o::o0 (1 bytes)
Event: 304.333 Thread 0x000001ea2f734800 nmethod 17299 0x000001ea1bb13390 code [0x000001ea1bb13540, 0x000001ea1bb13638]
Event: 304.402 Thread 0x000001ea2f734800 17302 %     3       com.android.tools.r8.internal.Su::a @ 59 (112 bytes)
Event: 304.403 Thread 0x000001ea2f734800 nmethod 17302% 0x000001ea1bb13710 code [0x000001ea1bb139c0, 0x000001ea1bb14778]
Event: 304.409 Thread 0x000001ea2f734800 17303       3       com.android.tools.r8.internal.Su::a (112 bytes)
Event: 304.410 Thread 0x000001ea2f734800 nmethod 17303 0x000001ea1bb14b90 code [0x000001ea1bb14e40, 0x000001ea1bb15b88]
Event: 304.411 Thread 0x000001ea2f72f800 nmethod 17219 0x000001ea21131e10 code [0x000001ea21132380, 0x000001ea2113af18]
Event: 304.411 Thread 0x000001ea2f72f800 17304       4       com.android.tools.r8.internal.Oz::a (109 bytes)
Event: 304.414 Thread 0x000001ea2f72f800 nmethod 17304 0x000001ea2113e390 code [0x000001ea2113e540, 0x000001ea2113e748]
Event: 304.415 Thread 0x000001ea2f72f800 17264       4       java.util.TimSort::binarySort (223 bytes)

GC Heap History (20 events):
Event: 298.195 GC heap after
{Heap after GC invocations=50 (full 0):
 garbage-first heap   total 204800K, used 87805K [0x0000000080000000, 0x0000000100000000)
  region size 1024K, 3 young (3072K), 3 survivors (3072K)
 Metaspace       used 95987K, capacity 98980K, committed 99148K, reserved 1134592K
  class space    used 12597K, capacity 13816K, committed 13900K, reserved 1048576K
}
Event: 298.491 GC heap before
{Heap before GC invocations=50 (full 0):
 garbage-first heap   total 204800K, used 157437K [0x0000000080000000, 0x0000000100000000)
  region size 1024K, 71 young (72704K), 3 survivors (3072K)
 Metaspace       used 96163K, capacity 99198K, committed 99404K, reserved 1134592K
  class space    used 12598K, capacity 13819K, committed 13900K, reserved 1048576K
}
Event: 298.497 GC heap after
{Heap after GC invocations=51 (full 0):
 garbage-first heap   total 204800K, used 88351K [0x0000000080000000, 0x0000000100000000)
  region size 1024K, 4 young (4096K), 4 survivors (4096K)
 Metaspace       used 96163K, capacity 99198K, committed 99404K, reserved 1134592K
  class space    used 12598K, capacity 13819K, committed 13900K, reserved 1048576K
}
Event: 298.804 GC heap before
{Heap before GC invocations=51 (full 0):
 garbage-first heap   total 204800K, used 160031K [0x0000000080000000, 0x0000000100000000)
  region size 1024K, 74 young (75776K), 4 survivors (4096K)
 Metaspace       used 96429K, capacity 99523K, committed 99660K, reserved 1134592K
  class space    used 12598K, capacity 13819K, committed 13900K, reserved 1048576K
}
Event: 298.811 GC heap after
{Heap after GC invocations=52 (full 0):
 garbage-first heap   total 245760K, used 89445K [0x0000000080000000, 0x0000000100000000)
  region size 1024K, 5 young (5120K), 5 survivors (5120K)
 Metaspace       used 96429K, capacity 99523K, committed 99660K, reserved 1134592K
  class space    used 12598K, capacity 13819K, committed 13900K, reserved 1048576K
}
Event: 299.188 GC heap before
{Heap before GC invocations=52 (full 0):
 garbage-first heap   total 245760K, used 180581K [0x0000000080000000, 0x0000000100000000)
  region size 1024K, 94 young (96256K), 5 survivors (5120K)
 Metaspace       used 96587K, capacity 99606K, committed 99916K, reserved 1134592K
  class space    used 12598K, capacity 13819K, committed 13900K, reserved 1048576K
}
Event: 299.197 GC heap after
{Heap after GC invocations=53 (full 0):
 garbage-first heap   total 245760K, used 91034K [0x0000000080000000, 0x0000000100000000)
  region size 1024K, 6 young (6144K), 6 survivors (6144K)
 Metaspace       used 96587K, capacity 99606K, committed 99916K, reserved 1134592K
  class space    used 12598K, capacity 13819K, committed 13900K, reserved 1048576K
}
Event: 299.640 GC heap before
{Heap before GC invocations=53 (full 0):
 garbage-first heap   total 245760K, used 194458K [0x0000000080000000, 0x0000000100000000)
  region size 1024K, 106 young (108544K), 6 survivors (6144K)
 Metaspace       used 96922K, capacity 99923K, committed 100172K, reserved 1136640K
  class space    used 12603K, capacity 13822K, committed 13900K, reserved 1048576K
}
Event: 299.647 GC heap after
{Heap after GC invocations=54 (full 0):
 garbage-first heap   total 245760K, used 91034K [0x0000000080000000, 0x0000000100000000)
  region size 1024K, 6 young (6144K), 6 survivors (6144K)
 Metaspace       used 96922K, capacity 99923K, committed 100172K, reserved 1136640K
  class space    used 12603K, capacity 13822K, committed 13900K, reserved 1048576K
}
Event: 300.308 GC heap before
{Heap before GC invocations=54 (full 0):
 garbage-first heap   total 245760K, used 195482K [0x0000000080000000, 0x0000000100000000)
  region size 1024K, 108 young (110592K), 6 survivors (6144K)
 Metaspace       used 96959K, capacity 99992K, committed 100172K, reserved 1136640K
  class space    used 12603K, capacity 13822K, committed 13900K, reserved 1048576K
}
Event: 300.316 GC heap after
{Heap after GC invocations=55 (full 0):
 garbage-first heap   total 245760K, used 92058K [0x0000000080000000, 0x0000000100000000)
  region size 1024K, 7 young (7168K), 7 survivors (7168K)
 Metaspace       used 96959K, capacity 99992K, committed 100172K, reserved 1136640K
  class space    used 12603K, capacity 13822K, committed 13900K, reserved 1048576K
}
Event: 300.853 GC heap before
{Heap before GC invocations=55 (full 0):
 garbage-first heap   total 245760K, used 198554K [0x0000000080000000, 0x0000000100000000)
  region size 1024K, 111 young (113664K), 7 survivors (7168K)
 Metaspace       used 96983K, capacity 99993K, committed 100172K, reserved 1136640K
  class space    used 12604K, capacity 13822K, committed 13900K, reserved 1048576K
}
Event: 300.863 GC heap after
{Heap after GC invocations=56 (full 0):
 garbage-first heap   total 294912K, used 93886K [0x0000000080000000, 0x0000000100000000)
  region size 1024K, 9 young (9216K), 9 survivors (9216K)
 Metaspace       used 96983K, capacity 99993K, committed 100172K, reserved 1136640K
  class space    used 12604K, capacity 13822K, committed 13900K, reserved 1048576K
}
Event: 301.407 GC heap before
{Heap before GC invocations=56 (full 0):
 garbage-first heap   total 294912K, used 214718K [0x0000000080000000, 0x0000000100000000)
  region size 1024K, 127 young (130048K), 9 survivors (9216K)
 Metaspace       used 97307K, capacity 100321K, committed 100428K, reserved 1136640K
  class space    used 12648K, capacity 13867K, committed 13900K, reserved 1048576K
}
Event: 301.417 GC heap after
{Heap after GC invocations=57 (full 0):
 garbage-first heap   total 294912K, used 94106K [0x0000000080000000, 0x0000000100000000)
  region size 1024K, 9 young (9216K), 9 survivors (9216K)
 Metaspace       used 97307K, capacity 100321K, committed 100428K, reserved 1136640K
  class space    used 12648K, capacity 13867K, committed 13900K, reserved 1048576K
}
Event: 302.096 GC heap before
{Heap before GC invocations=57 (full 0):
 garbage-first heap   total 294912K, used 241562K [0x0000000080000000, 0x0000000100000000)
  region size 1024K, 153 young (156672K), 9 survivors (9216K)
 Metaspace       used 97337K, capacity 100387K, committed 100428K, reserved 1136640K
  class space    used 12648K, capacity 13867K, committed 13900K, reserved 1048576K
}
Event: 302.108 GC heap after
{Heap after GC invocations=58 (full 0):
 garbage-first heap   total 294912K, used 95550K [0x0000000080000000, 0x0000000100000000)
  region size 1024K, 11 young (11264K), 11 survivors (11264K)
 Metaspace       used 97337K, capacity 100387K, committed 100428K, reserved 1136640K
  class space    used 12648K, capacity 13867K, committed 13900K, reserved 1048576K
}
Event: 303.210 GC heap before
{Heap before GC invocations=58 (full 0):
 garbage-first heap   total 294912K, used 262462K [0x0000000080000000, 0x0000000100000000)
  region size 1024K, 159 young (162816K), 11 survivors (11264K)
 Metaspace       used 99083K, capacity 102325K, committed 102476K, reserved 1138688K
  class space    used 12869K, capacity 14128K, committed 14156K, reserved 1048576K
}
Event: 303.326 GC heap after
{Heap after GC invocations=59 (full 0):
 garbage-first heap   total 310272K, used 140371K [0x0000000080000000, 0x0000000100000000)
  region size 1024K, 20 young (20480K), 20 survivors (20480K)
 Metaspace       used 99083K, capacity 102325K, committed 102476K, reserved 1138688K
  class space    used 12869K, capacity 14128K, committed 14156K, reserved 1048576K
}
Event: 304.423 GC heap before
{Heap before GC invocations=59 (full 0):
 garbage-first heap   total 310272K, used 237651K [0x0000000080000000, 0x0000000100000000)
  region size 1024K, 113 young (115712K), 20 survivors (20480K)
 Metaspace       used 99225K, capacity 102467K, committed 102732K, reserved 1138688K
  class space    used 12870K, capacity 14128K, committed 14156K, reserved 1048576K
}

Deoptimization events (20 events):
Event: 303.574 Thread 0x000001ea35ea1800 DEOPT PACKING pc=0x000001ea1b9e768e sp=0x000000d0ffffcc90
Event: 303.574 Thread 0x000001ea35ea1800 DEOPT UNPACKING pc=0x000001ea18da76ce sp=0x000000d0ffffc108 mode 0
Event: 303.577 Thread 0x000001ea35ea1800 DEOPT PACKING pc=0x000001ea1b9e768e sp=0x000000d0ffffcc90
Event: 303.577 Thread 0x000001ea35ea1800 DEOPT UNPACKING pc=0x000001ea18da76ce sp=0x000000d0ffffc108 mode 0
Event: 303.579 Thread 0x000001ea35ea1800 DEOPT PACKING pc=0x000001ea1b9e768e sp=0x000000d0ffffcc90
Event: 303.579 Thread 0x000001ea35ea1800 DEOPT UNPACKING pc=0x000001ea18da76ce sp=0x000000d0ffffc108 mode 0
Event: 303.583 Thread 0x000001ea35ea1800 DEOPT PACKING pc=0x000001ea1b9e768e sp=0x000000d0ffffcc90
Event: 303.583 Thread 0x000001ea35ea1800 DEOPT UNPACKING pc=0x000001ea18da76ce sp=0x000000d0ffffc108 mode 0
Event: 303.586 Thread 0x000001ea35ea1800 DEOPT PACKING pc=0x000001ea1b9e768e sp=0x000000d0ffffcc90
Event: 303.586 Thread 0x000001ea35ea1800 DEOPT UNPACKING pc=0x000001ea18da76ce sp=0x000000d0ffffc108 mode 0
Event: 303.588 Thread 0x000001ea35ea1800 DEOPT PACKING pc=0x000001ea1b9e768e sp=0x000000d0ffffcc90
Event: 303.588 Thread 0x000001ea35ea1800 DEOPT UNPACKING pc=0x000001ea18da76ce sp=0x000000d0ffffc108 mode 0
Event: 303.590 Thread 0x000001ea35ea1800 DEOPT PACKING pc=0x000001ea1b9e768e sp=0x000000d0ffffcc90
Event: 303.590 Thread 0x000001ea35ea1800 DEOPT UNPACKING pc=0x000001ea18da76ce sp=0x000000d0ffffc108 mode 0
Event: 303.593 Thread 0x000001ea35ea1800 DEOPT PACKING pc=0x000001ea1b9e768e sp=0x000000d0ffffcc90
Event: 303.593 Thread 0x000001ea35ea1800 DEOPT UNPACKING pc=0x000001ea18da76ce sp=0x000000d0ffffc108 mode 0
Event: 304.311 Thread 0x000001ea35ea1800 DEOPT PACKING pc=0x000001ea1b7cbab8 sp=0x000000d0ffffd220
Event: 304.311 Thread 0x000001ea35ea1800 DEOPT UNPACKING pc=0x000001ea18da76ce sp=0x000000d0ffffc740 mode 0
Event: 304.313 Thread 0x000001ea35ea1800 DEOPT PACKING pc=0x000001ea1b7cbab8 sp=0x000000d0ffffd220
Event: 304.313 Thread 0x000001ea35ea1800 DEOPT UNPACKING pc=0x000001ea18da76ce sp=0x000000d0ffffc740 mode 0

Classes redefined (0 events):
No events

Internal exceptions (20 events):
Event: 296.051 Thread 0x000001ea329c5800 Exception <a 'java/lang/NoSuchMethodError'{0x0000000087f836a8}: 'int java.lang.invoke.DirectMethodHandle$Holder.invokeSpecial(java.lang.Object, java.lang.Object, java.lang.Object, int, java.lang.Object)'> (0x0000000087f836a8) thrown at [./src/hotspot/share/interpreter/linkResolver.cpp, line 773]
Event: 296.067 Thread 0x000001ea329c9000 Exception <a 'java/lang/NoSuchMethodError'{0x0000000087e21588}: 'java.lang.Object java.lang.invoke.DirectMethodHandle$Holder.newInvokeSpecial(java.lang.Object, int)'> (0x0000000087e21588) thrown at [./src/hotspot/share/interpreter/linkResolver.cpp, line 773]
Event: 296.373 Thread 0x000001ea317a4000 Exception <a 'java/lang/NoSuchMethodError'{0x0000000089d42840}: 'void java.lang.invoke.DirectMethodHandle$Holder.invokeSpecial(java.lang.Object, java.lang.Object, int, java.lang.Object, java.lang.Object, java.lang.Object, java.lang.Object)'> (0x0000000089d42840) thrown at [./src/hotspot/share/interpreter/linkResolver.cpp, line 773]
Event: 296.374 Thread 0x000001ea317a4000 Exception <a 'java/lang/NoSuchMethodError'{0x0000000089dbcb98}: 'java.lang.Object java.lang.invoke.Invokers$Holder.linkToTargetMethod(java.lang.Object, int, java.lang.Object, java.lang.Object, java.lang.Object, java.lang.Object)'> (0x0000000089dbcb98) thrown at [./src/hotspot/share/interpreter/linkResolver.cpp, line 773]
Event: 296.374 Thread 0x000001ea317a4000 Exception <a 'java/lang/NoSuchMethodError'{0x0000000089dc1840}: 'void java.lang.invoke.DirectMethodHandle$Holder.invokeSpecial(java.lang.Object, java.lang.Object, java.lang.Object, java.lang.Object, java.lang.Object, java.lang.Object, java.lang.Object, java.lang.Object, java.lang.Object)'> (0x0000000089dc1840) thrown at [./src/hotspot/share/interpreter/linkResolver.cpp, line 773]
Event: 296.378 Thread 0x000001ea317a4000 Exception <a 'java/lang/NoSuchMethodError'{0x0000000089c2e960}: 'void java.lang.invoke.DirectMethodHandle$Holder.invokeStatic(java.lang.Object, java.lang.Object, java.lang.Object, java.lang.Object, java.lang.Object, java.lang.Object, java.lang.Object, java.lang.Object)'> (0x0000000089c2e960) thrown at [./src/hotspot/share/interpreter/linkResolver.cpp, line 773]
Event: 296.505 Thread 0x000001ea329c5800 Exception <a 'java/lang/IncompatibleClassChangeError'{0x0000000088ba9fa8}: Found class java.lang.Object, but interface was expected> (0x0000000088ba9fa8) thrown at [./src/hotspot/share/interpreter/linkResolver.cpp, line 839]
Event: 296.512 Thread 0x000001ea317a4000 Exception <a 'java/lang/IncompatibleClassChangeError'{0x0000000088b3ef68}: Found class java.lang.Object, but interface was expected> (0x0000000088b3ef68) thrown at [./src/hotspot/share/interpreter/linkResolver.cpp, line 839]
Event: 296.583 Thread 0x000001ea317a4000 Exception <a 'java/lang/NoSuchMethodError'{0x00000000883787c0}: 'void java.lang.invoke.DirectMethodHandle$Holder.invokeVirtual(java.lang.Object, java.lang.Object, int)'> (0x00000000883787c0) thrown at [./src/hotspot/share/interpreter/linkResolver.cpp, line 773]
Event: 296.616 Thread 0x000001ea329c5800 Exception <a 'sun/nio/fs/WindowsException'{0x000000008a4496d8}> (0x000000008a4496d8) thrown at [./src/hotspot/share/prims/jni.cpp, line 615]
Event: 296.637 Thread 0x000001ea317a4000 Exception <a 'sun/nio/fs/WindowsException'{0x000000008a4f0ae0}> (0x000000008a4f0ae0) thrown at [./src/hotspot/share/prims/jni.cpp, line 615]
Event: 297.066 Thread 0x000001ea329c9000 Exception <a 'sun/nio/fs/WindowsException'{0x000000008894d5f8}> (0x000000008894d5f8) thrown at [./src/hotspot/share/prims/jni.cpp, line 615]
Event: 297.222 Thread 0x000001ea329c6800 Exception <a 'sun/nio/fs/WindowsException'{0x0000000088eb5530}> (0x0000000088eb5530) thrown at [./src/hotspot/share/prims/jni.cpp, line 615]
Event: 297.854 Thread 0x000001ea329c8000 Exception <a 'java/lang/NoSuchMethodError'{0x000000008b9d7ec0}: 'int java.lang.invoke.DirectMethodHandle$Holder.invokeInterface(java.lang.Object, java.lang.Object, int)'> (0x000000008b9d7ec0) thrown at [./src/hotspot/share/interpreter/linkResolver.cpp, line 773]
Event: 299.634 Thread 0x000001ea35a1d800 Exception <a 'sun/nio/fs/WindowsException'{0x00000000888bc848}> (0x00000000888bc848) thrown at [./src/hotspot/share/prims/jni.cpp, line 615]
Event: 301.175 Thread 0x000001ea329c8000 Exception <a 'java/lang/NoSuchMethodError'{0x000000008e4666d8}: 'java.lang.Object java.lang.invoke.DirectMethodHandle$Holder.invokeSpecial(java.lang.Object, java.lang.Object, java.lang.Object, java.lang.Object, java.lang.Object, java.lang.Object, java.lang.Object, java.lang.Object, java.lang.Object, java.lang.Object, java.lang.Object)'> (0x000000008e4666d8) thrown at [./src/hotspot/share/interpreter/linkResolver.cpp, line 773]
Event: 301.175 Thread 0x000001ea329c8000 Exception <a 'java/lang/NoSuchMethodError'{0x000000008e471f88}: 'java.lang.Object java.lang.invoke.Invokers$Holder.linkToTargetMethod(java.lang.Object, java.lang.Object, java.lang.Object, java.lang.Object, java.lang.Object, java.lang.Object, java.lang.Object, java.lang.Object, java.lang.Object, java.lang.Object)'> (0x000000008e471f88) thrown at [./src/hotspot/share/interpreter/linkResolver.cpp, line 773]
Event: 301.185 Thread 0x000001ea329c8000 Exception <a 'java/lang/IncompatibleClassChangeError'{0x000000008e4cea18}: Found class java.lang.Object, but interface was expected> (0x000000008e4cea18) thrown at [./src/hotspot/share/interpreter/linkResolver.cpp, line 839]
Event: 302.502 Thread 0x000001ea329c8000 Exception <a 'sun/nio/fs/WindowsException'{0x000000008e2d33a8}> (0x000000008e2d33a8) thrown at [./src/hotspot/share/prims/jni.cpp, line 615]
Event: 302.764 Thread 0x000001ea35ea1800 Exception <a 'sun/nio/fs/WindowsException'{0x000000008d699ab8}> (0x000000008d699ab8) thrown at [./src/hotspot/share/prims/jni.cpp, line 615]

Events (20 events):
Event: 303.476 Executing VM operation: RevokeBias done
Event: 303.476 Executing VM operation: RevokeBias
Event: 303.476 Executing coalesced safepoint VM operation: BulkRevokeBias
Event: 303.477 Executing coalesced safepoint VM operation: BulkRevokeBias done
Event: 303.477 Executing coalesced safepoint VM operation: RevokeBias
Event: 303.477 Executing coalesced safepoint VM operation: RevokeBias done
Event: 303.477 Executing coalesced safepoint VM operation: RevokeBias
Event: 303.477 Executing coalesced safepoint VM operation: RevokeBias done
Event: 303.477 Executing coalesced safepoint VM operation: RevokeBias
Event: 303.477 Executing coalesced safepoint VM operation: RevokeBias done
Event: 303.477 Executing coalesced safepoint VM operation: RevokeBias
Event: 303.477 Executing coalesced safepoint VM operation: RevokeBias done
Event: 303.477 Executing coalesced safepoint VM operation: RevokeBias
Event: 303.477 Executing coalesced safepoint VM operation: RevokeBias done
Event: 303.477 Executing VM operation: RevokeBias done
Event: 303.495 Executing VM operation: RevokeBias
Event: 303.495 Executing VM operation: RevokeBias done
Event: 303.648 Executing VM operation: RevokeBias
Event: 303.648 Executing VM operation: RevokeBias done
Event: 304.422 Executing VM operation: G1CollectForAllocation


Dynamic libraries:
0x00007ff73d4c0000 - 0x00007ff73d4ca000 	C:\Program Files\Android\Android Studio\jre\bin\java.exe
0x00007ff8df070000 - 0x00007ff8df265000 	C:\WINDOWS\SYSTEM32\ntdll.dll
0x00007ff8de6b0000 - 0x00007ff8de76d000 	C:\WINDOWS\System32\KERNEL32.DLL
0x00007ff8dc940000 - 0x00007ff8dcc09000 	C:\WINDOWS\System32\KERNELBASE.dll
0x00007ff8dced0000 - 0x00007ff8dcfd0000 	C:\WINDOWS\System32\ucrtbase.dll
0x00007ff8d5ac0000 - 0x00007ff8d5ad9000 	C:\Program Files\Android\Android Studio\jre\bin\jli.dll
0x00007ff8d4f90000 - 0x00007ff8d4fa7000 	C:\Program Files\Android\Android Studio\jre\bin\VCRUNTIME140.dll
0x00007ff8de330000 - 0x00007ff8de4d0000 	C:\WINDOWS\System32\USER32.dll
0x00007ff8dcc40000 - 0x00007ff8dcc62000 	C:\WINDOWS\System32\win32u.dll
0x00007ff8ca0d0000 - 0x00007ff8ca36a000 	C:\WINDOWS\WinSxS\amd64_microsoft.windows.common-controls_6595b64144ccf1df_6.0.19041.1110_none_60b5254171f9507e\COMCTL32.dll
0x00007ff8dd5f0000 - 0x00007ff8dd61a000 	C:\WINDOWS\System32\GDI32.dll
0x00007ff8dd350000 - 0x00007ff8dd3ee000 	C:\WINDOWS\System32\msvcrt.dll
0x00007ff8dc830000 - 0x00007ff8dc93b000 	C:\WINDOWS\System32\gdi32full.dll
0x00007ff8dcfd0000 - 0x00007ff8dd06d000 	C:\WINDOWS\System32\msvcp_win.dll
0x00007ff8de680000 - 0x00007ff8de6b0000 	C:\WINDOWS\System32\IMM32.DLL
0x00007ff89cd50000 - 0x00007ff89cded000 	C:\Program Files\Android\Android Studio\jre\bin\msvcp140.dll
0x00007ff86df20000 - 0x00007ff86e9ef000 	C:\Program Files\Android\Android Studio\jre\bin\server\jvm.dll
0x00007ff8dd540000 - 0x00007ff8dd5ec000 	C:\WINDOWS\System32\ADVAPI32.dll
0x00007ff8dd8a0000 - 0x00007ff8dd93b000 	C:\WINDOWS\System32\sechost.dll
0x00007ff8de550000 - 0x00007ff8de67a000 	C:\WINDOWS\System32\RPCRT4.dll
0x00007ff8de4d0000 - 0x00007ff8de4d8000 	C:\WINDOWS\System32\PSAPI.DLL
0x00007ff8ca380000 - 0x00007ff8ca3a7000 	C:\WINDOWS\SYSTEM32\WINMM.dll
0x00007ff8d6ba0000 - 0x00007ff8d6ba9000 	C:\WINDOWS\SYSTEM32\WSOCK32.dll
0x00007ff8d48f0000 - 0x00007ff8d48fa000 	C:\WINDOWS\SYSTEM32\VERSION.dll
0x00007ff8dd830000 - 0x00007ff8dd89b000 	C:\WINDOWS\System32\WS2_32.dll
0x00007ff8db080000 - 0x00007ff8db092000 	C:\WINDOWS\SYSTEM32\kernel.appcore.dll
0x00007ff8b83e0000 - 0x00007ff8b83f1000 	C:\Program Files\Android\Android Studio\jre\bin\verify.dll
0x00007ff8dac80000 - 0x00007ff8dae64000 	C:\WINDOWS\SYSTEM32\DBGHELP.DLL
0x00007ff8c8370000 - 0x00007ff8c839c000 	C:\WINDOWS\SYSTEM32\dbgcore.DLL
0x00007ff8dc7a0000 - 0x00007ff8dc823000 	C:\WINDOWS\System32\bcryptPrimitives.dll
0x00007ff8af3d0000 - 0x00007ff8af3f9000 	C:\Program Files\Android\Android Studio\jre\bin\java.dll
0x00007ff8d5220000 - 0x00007ff8d522b000 	C:\Program Files\Android\Android Studio\jre\bin\jimage.dll
0x00007ff8b8200000 - 0x00007ff8b8218000 	C:\Program Files\Android\Android Studio\jre\bin\zip.dll
0x00007ff8dda50000 - 0x00007ff8de18f000 	C:\WINDOWS\System32\SHELL32.dll
0x00007ff8da4f0000 - 0x00007ff8dac80000 	C:\WINDOWS\SYSTEM32\windows.storage.dll
0x00007ff8de850000 - 0x00007ff8deba5000 	C:\WINDOWS\System32\combase.dll
0x00007ff8dc200000 - 0x00007ff8dc22c000 	C:\WINDOWS\SYSTEM32\Wldp.dll
0x00007ff8dd0d0000 - 0x00007ff8dd17e000 	C:\WINDOWS\System32\SHCORE.dll
0x00007ff8dd9f0000 - 0x00007ff8dda45000 	C:\WINDOWS\System32\shlwapi.dll
0x00007ff8dc6e0000 - 0x00007ff8dc6ff000 	C:\WINDOWS\SYSTEM32\profapi.dll
0x00007ff8b3590000 - 0x00007ff8b35aa000 	C:\Program Files\Android\Android Studio\jre\bin\net.dll
0x00007ff8d28e0000 - 0x00007ff8d29e8000 	C:\WINDOWS\SYSTEM32\WINHTTP.dll
0x00007ff8dbf60000 - 0x00007ff8dbfca000 	C:\WINDOWS\system32\mswsock.dll
0x00007ff8b1120000 - 0x00007ff8b1134000 	C:\Program Files\Android\Android Studio\jre\bin\nio.dll
0x00007ff8d6c40000 - 0x00007ff8d6c67000 	C:\Users\george reynaldi\.gradle\native\8bec1ad78214c89d9ad589b4d07fe93259594b29d510b10fafb7a158f7737e5d\windows-amd64\native-platform.dll
0x00007ff8a8930000 - 0x00007ff8a8a6d000 	C:\Users\george reynaldi\.gradle\native\53dbd7edfb1c66fb8903c78663c9afc45aea4f116125fa6feffd364cf09443e8\windows-amd64\native-platform-file-events.dll
0x00007ff8d50e0000 - 0x00007ff8d50ea000 	C:\Program Files\Android\Android Studio\jre\bin\management.dll
0x00007ff8cf450000 - 0x00007ff8cf45c000 	C:\Program Files\Android\Android Studio\jre\bin\management_ext.dll
0x00007ff8dc160000 - 0x00007ff8dc178000 	C:\WINDOWS\SYSTEM32\CRYPTSP.dll
0x00007ff8db870000 - 0x00007ff8db8a4000 	C:\WINDOWS\system32\rsaenh.dll
0x00007ff8dcc10000 - 0x00007ff8dcc37000 	C:\WINDOWS\System32\bcrypt.dll
0x00007ff8dc6a0000 - 0x00007ff8dc6ce000 	C:\WINDOWS\SYSTEM32\USERENV.dll
0x00007ff8dc150000 - 0x00007ff8dc15c000 	C:\WINDOWS\SYSTEM32\CRYPTBASE.dll
0x00007ff8dbc00000 - 0x00007ff8dbc3b000 	C:\WINDOWS\SYSTEM32\IPHLPAPI.DLL
0x00007ff8dd210000 - 0x00007ff8dd218000 	C:\WINDOWS\System32\NSI.dll
0x00007ff8d48d0000 - 0x00007ff8d48e7000 	C:\WINDOWS\SYSTEM32\dhcpcsvc6.DLL
0x00007ff8d48b0000 - 0x00007ff8d48cd000 	C:\WINDOWS\SYSTEM32\dhcpcsvc.DLL
0x00007ff8dbc50000 - 0x00007ff8dbd1c000 	C:\WINDOWS\SYSTEM32\DNSAPI.dll

dbghelp: loaded successfully - version: 4.0.5 - missing functions: none
symbol engine: initialized successfully - sym options: 0x614 - pdb path: .;C:\Program Files\Android\Android Studio\jre\bin;C:\WINDOWS\SYSTEM32;C:\WINDOWS\WinSxS\amd64_microsoft.windows.common-controls_6595b64144ccf1df_6.0.19041.1110_none_60b5254171f9507e;C:\Program Files\Android\Android Studio\jre\bin\server;C:\Users\george reynaldi\.gradle\native\8bec1ad78214c89d9ad589b4d07fe93259594b29d510b10fafb7a158f7737e5d\windows-amd64;C:\Users\george reynaldi\.gradle\native\53dbd7edfb1c66fb8903c78663c9afc45aea4f116125fa6feffd364cf09443e8\windows-amd64

VM Arguments:
jvm_args: --add-opens=java.base/java.util=ALL-UNNAMED --add-opens=java.base/java.lang=ALL-UNNAMED --add-opens=java.base/java.lang.invoke=ALL-UNNAMED --add-opens=java.base/java.util=ALL-UNNAMED --add-opens=java.prefs/java.util.prefs=ALL-UNNAMED --add-opens=java.prefs/java.util.prefs=ALL-UNNAMED --add-opens=java.base/java.nio.charset=ALL-UNNAMED --add-opens=java.base/java.net=ALL-UNNAMED --add-opens=java.base/java.util.concurrent.atomic=ALL-UNNAMED -Xmx2048m -Dfile.encoding=UTF-8 -Duser.country=ID -Duser.language=in -Duser.variant 
java_command: org.gradle.launcher.daemon.bootstrap.GradleDaemon 7.0.2
java_class_path (initial): C:\Users\george reynaldi\.gradle\wrapper\dists\gradle-7.0.2-bin\857tjihv64xamwrf0h14cai3r\gradle-7.0.2\lib\gradle-launcher-7.0.2.jar
Launcher Type: SUN_STANDARD

[Global flags]
     intx CICompilerCount                          = 4                                         {product} {ergonomic}
     uint ConcGCThreads                            = 2                                         {product} {ergonomic}
     uint G1ConcRefinementThreads                  = 8                                         {product} {ergonomic}
   size_t G1HeapRegionSize                         = 1048576                                   {product} {ergonomic}
    uintx GCDrainStackTargetSize                   = 64                                        {product} {ergonomic}
   size_t InitialHeapSize                          = 134217728                                 {product} {ergonomic}
   size_t MarkStackSize                            = 4194304                                   {product} {ergonomic}
   size_t MaxHeapSize                              = 2147483648                                {product} {command line}
   size_t MaxNewSize                               = 1287651328                                {product} {ergonomic}
   size_t MinHeapDeltaBytes                        = 1048576                                   {product} {ergonomic}
    uintx NonNMethodCodeHeapSize                   = 5836300                                {pd product} {ergonomic}
    uintx NonProfiledCodeHeapSize                  = 122910970                              {pd product} {ergonomic}
    uintx ProfiledCodeHeapSize                     = 122910970                              {pd product} {ergonomic}
    uintx ReservedCodeCacheSize                    = 251658240                              {pd product} {ergonomic}
     bool SegmentedCodeCache                       = true                                      {product} {ergonomic}
     bool UseCompressedClassPointers               = true                                 {lp64_product} {ergonomic}
     bool UseCompressedOops                        = true                                 {lp64_product} {ergonomic}
     bool UseG1GC                                  = true                                      {product} {ergonomic}
     bool UseLargePagesIndividualAllocation        = false                                  {pd product} {ergonomic}

Logging:
Log output configuration:
 #0: stdout all=warning uptime,level,tags
 #1: stderr all=off uptime,level,tags

Environment Variables:
PATH=C:\Program Files\Common Files\Oracle\Java\javapath;C:\ProgramData\Oracle\Java\javapath;C:\Program Files (x86)\Common Files\Oracle\Java\javapath;C:\Windows\System32;C:\PYTHON;C:\WINDOWS\system32;C:\WINDOWS;C:\WINDOWS\System32\Wbem;C:\WINDOWS\System32\WindowsPowerShell\v1.0\;C:\WINDOWS\System32\OpenSSH\;C:\Program Files\Git\cmd;C:\Program Files\Microsoft\Web Platform Installer\;E:\MATERI KULIAH ANGKATAN 2019\xampp\php;C:\ProgramData\ComposerSetup\bin;C:\Program Files\Microsoft SQL Server\Client SDK\ODBC\170\Tools\Binn\;C:\Program Files (x86)\Microsoft SQL Server\150\Tools\Binn\;C:\Program Files\Microsoft SQL Server\150\Tools\Binn\;C:\Program Files\Microsoft SQL Server\150\DTS\Binn\;C:\Program Files (x86)\Microsoft SQL Server\150\DTS\Binn\;C:\Program Files\Azure Data Studio\bin;C:\PYTHON\Scripts\;C:\PYTHON\;E:\MATERI KULIAH ANGKATAN 2019\SEMESTER 4\6.Grafika Komputer                              (Kelas C);C:\Users\george reynaldi\AppData\Local\Programs\Microsoft VS Code\bin;C:\PYTHON;;C:\Users\george reynaldi\AppData\Local\Microsoft\WindowsApps;C:\Users\george reynaldi\AppData\Roaming\Composer\vendor\bin;C:\Program Files\Azure Data Studio\bin
USERNAME=george reynaldi
OS=Windows_NT
PROCESSOR_IDENTIFIER=Intel64 Family 6 Model 142 Stepping 10, GenuineIntel



---------------  S Y S T E M  ---------------

OS: Windows 10 , 64 bit Build 19041 (10.0.19041.1151)
OS uptime: 10 days 9:07 hours

CPU:total 8 (initial active 8) (4 cores per cpu, 2 threads per core) family 6 model 142 stepping 10 microcode 0xe0, cmov, cx8, fxsr, mmx, sse, sse2, sse3, ssse3, sse4.1, sse4.2, popcnt, avx, avx2, aes, clmul, erms, 3dnowpref, lzcnt, ht, tsc, tscinvbit, bmi1, bmi2, adx, fma

Memory: 4k page, system-wide physical 8073M (459M free)
TotalPageFile size 16073M (AvailPageFile size 174M)
current process WorkingSet (physical memory assigned to process): 446M, peak: 537M
current process commit charge ("private bytes"): 669M, peak: 859M

vm_info: OpenJDK 64-Bit Server VM (11.0.10+0-b96-7249189) for windows-amd64 JRE (11.0.10+0-b96-7249189), built on Mar 31 2021 21:44:00 by "builder" with MS VC++ 14.0 (VS2015)

END.
