#
# There is insufficient memory for the Java Runtime Environment to continue.
# Native memory allocation (mmap) failed to map 398458880 bytes for Failed to commit area from 0x0000000096f00000 to 0x00000000aeb00000 of length 398458880.
# Possible reasons:
#   The system is out of physical RAM or swap space
#   The process is running with CompressedOops enabled, and the Java Heap may be blocking the growth of the native heap
# Possible solutions:
#   Reduce memory load on the system
#   Increase physical memory or swap space
#   Check if swap backing store is full
#   Decrease Java heap size (-Xmx/-Xms)
#   Decrease number of Java threads
#   Decrease Java thread stack sizes (-Xss)
#   Set larger code cache with -XX:ReservedCodeCacheSize=
#   JVM is running with Unscaled Compressed Oops mode in which the Java heap is
#     placed in the first 4GB address space. The Java Heap base address is the
#     maximum limit for the native heap growth. Please use -XX:HeapBaseMinAddress
#     to set the Java Heap base and to place the Java Heap above 4GB virtual address.
# This output file may be truncated or incomplete.
#
#  Out of Memory Error (./src/hotspot/os/windows/os_windows.cpp:3301), pid=17440, tid=19528
#
# JRE version: OpenJDK Runtime Environment (11.0.10) (build 11.0.10+0-b96-7249189)
# Java VM: OpenJDK 64-Bit Server VM (11.0.10+0-b96-7249189, mixed mode, tiered, compressed oops, g1 gc, windows-amd64)
# No core dump will be written. Minidumps are not enabled by default on client versions of Windows
#

---------------  S U M M A R Y ------------

Command Line: --add-opens=java.base/java.util=ALL-UNNAMED --add-opens=java.base/java.lang=ALL-UNNAMED --add-opens=java.base/java.lang.invoke=ALL-UNNAMED --add-opens=java.base/java.util=ALL-UNNAMED --add-opens=java.prefs/java.util.prefs=ALL-UNNAMED --add-opens=java.prefs/java.util.prefs=ALL-UNNAMED --add-opens=java.base/java.nio.charset=ALL-UNNAMED --add-opens=java.base/java.net=ALL-UNNAMED --add-opens=java.base/java.util.concurrent.atomic=ALL-UNNAMED -Xmx2048m -Dfile.encoding=UTF-8 -Duser.country=ID -Duser.language=in -Duser.variant org.gradle.launcher.daemon.bootstrap.GradleDaemon 7.0.2

Host: Intel(R) Core(TM) i5-8250U CPU @ 1.60GHz, 8 cores, 7G,  Windows 10 , 64 bit Build 19041 (10.0.19041.1151)
Time: Sat Oct 23 03:59:39 2021 SE Asia Standard Time elapsed time: 57.073390 seconds (0d 0h 0m 57s)

---------------  T H R E A D  ---------------

Current thread (0x000002197d2ef000):  VMThread "VM Thread" [stack: 0x0000007aad100000,0x0000007aad200000] [id=19528]

Stack: [0x0000007aad100000,0x0000007aad200000]
[error occurred during error reporting (printing stack bounds), id 0xc0000005, EXCEPTION_ACCESS_VIOLATION (0xc0000005) at pc=0x0000021966190f2d]

Native frames: (J=compiled Java code, j=interpreted, Vv=VM code, C=native code)
V  [jvm.dll+0x5ecfaa]
V  [jvm.dll+0x722bd5]
V  [jvm.dll+0x72412d]
V  [jvm.dll+0x724745]
V  [jvm.dll+0x7246fb]
V  [jvm.dll+0x5ec348]
V  [jvm.dll+0x5ecad8]
C  [ntdll.dll+0xa217f]
C  [ntdll.dll+0x51454]
C  [ntdll.dll+0xa0cae]
C  0x0000021966190f2d

VM_Operation (0x0000007aae4f5a10): G1CollectForAllocation, mode: safepoint, requested by thread 0x000002197f587800


---------------  P R O C E S S  ---------------

Threads class SMR info:
_java_thread_list=0x00000219036970f0, length=68, elements={
0x0000021960e75800, 0x000002197d2f3000, 0x000002197d2f6800, 0x000002197d308800,
0x000002197d309800, 0x000002197d30c000, 0x000002197d310000, 0x000002197d31d000,
0x000002197d323800, 0x000002197ddc4800, 0x000002197de9b000, 0x000002197e545800,
0x000002197ee56800, 0x000002197f354800, 0x000002197f587800, 0x0000021900aa5000,
0x0000021900aa7800, 0x0000021900aa2800, 0x0000021900aa6000, 0x0000021900aa9000,
0x0000021901ba6000, 0x0000021901ba7800, 0x0000021901baa000, 0x0000021901ba4000,
0x0000021901bab800, 0x00000219036b6800, 0x00000219036bb800, 0x00000219036bd000,
0x00000219036b9000, 0x00000219036b7800, 0x00000219036b8000, 0x000002197df28000,
0x000002197df23000, 0x000002197df29800, 0x000002197df24000, 0x000002197df2a800,
0x00000219036c2000, 0x0000021901cad800, 0x0000021901cae800, 0x0000021901caf800,
0x0000021901cac000, 0x0000021901cb1800, 0x0000021901cb1000, 0x0000021901cad000,
0x0000021901cb2800, 0x0000021901cb3800, 0x0000021901cb4000, 0x0000021901cb5000,
0x0000021901cb0000, 0x0000021901cb8800, 0x0000021901cb6800, 0x0000021901cba000,
0x0000021901cba800, 0x0000021901cb9000, 0x0000021901cb7800, 0x000002197df20000,
0x000002197df1d800, 0x000002197df21800, 0x000002197df1c800, 0x000002197df1f000,
0x000002197df20800, 0x000002197df1e000, 0x000002197df1b800, 0x000002197df22800,
0x000002197df24800, 0x000002197df25800, 0x000002197df26800, 0x000002197df29000
}

Java Threads: ( => current thread )
  0x0000021960e75800 JavaThread "main" [_thread_blocked, id=11300, stack(0x0000007aacb00000,0x0000007aacc00000)]
  0x000002197d2f3000 JavaThread "Reference Handler" daemon [_thread_blocked, id=2084, stack(0x0000007aad200000,0x0000007aad300000)]
  0x000002197d2f6800 JavaThread "Finalizer" daemon [_thread_blocked, id=24460, stack(0x0000007aad300000,0x0000007aad400000)]
  0x000002197d308800 JavaThread "Signal Dispatcher" daemon [_thread_blocked, id=14144, stack(0x0000007aad400000,0x0000007aad500000)]
  0x000002197d309800 JavaThread "Attach Listener" daemon [_thread_blocked, id=13904, stack(0x0000007aad500000,0x0000007aad600000)]
  0x000002197d30c000 JavaThread "Service Thread" daemon [_thread_blocked, id=9028, stack(0x0000007aad600000,0x0000007aad700000)]
  0x000002197d310000 JavaThread "C2 CompilerThread0" daemon [_thread_blocked, id=10184, stack(0x0000007aad700000,0x0000007aad800000)]
  0x000002197d31d000 JavaThread "C1 CompilerThread0" daemon [_thread_blocked, id=23064, stack(0x0000007aad800000,0x0000007aad900000)]
  0x000002197d323800 JavaThread "Sweeper thread" daemon [_thread_blocked, id=2992, stack(0x0000007aad900000,0x0000007aada00000)]
  0x000002197ddc4800 JavaThread "Common-Cleaner" daemon [_thread_blocked, id=7152, stack(0x0000007aada00000,0x0000007aadb00000)]
  0x000002197de9b000 JavaThread "Daemon health stats" [_thread_blocked, id=8572, stack(0x0000007aadc00000,0x0000007aadd00000)]
  0x000002197e545800 JavaThread "Incoming local TCP Connector on port 64148" [_thread_in_native, id=23364, stack(0x0000007aadd00000,0x0000007aade00000)]
  0x000002197ee56800 JavaThread "Daemon periodic checks" [_thread_blocked, id=8388, stack(0x0000007aae000000,0x0000007aae100000)]
  0x000002197f354800 JavaThread "Daemon" [_thread_blocked, id=14744, stack(0x0000007aae100000,0x0000007aae200000)]
  0x000002197f587800 JavaThread "Daemon worker" [_thread_blocked, id=13012, stack(0x0000007aae400000,0x0000007aae500000)]
  0x0000021900aa5000 JavaThread "Cache worker for file hash cache (C:\Users\george reynaldi\.gradle\caches\7.0.2\fileHashes)" [_thread_blocked, id=6564, stack(0x0000007aaed00000,0x0000007aaee00000)]
  0x0000021900aa7800 JavaThread "File lock request listener" [_thread_in_native, id=12108, stack(0x0000007aaee00000,0x0000007aaef00000)]
  0x0000021900aa2800 JavaThread "Cache worker for journal cache (C:\Users\george reynaldi\.gradle\caches\journal-1)" [_thread_blocked, id=11436, stack(0x0000007aaf000000,0x0000007aaf100000)]
  0x0000021900aa6000 JavaThread "File watcher server" daemon [_thread_blocked, id=19780, stack(0x0000007aaf300000,0x0000007aaf400000)]
  0x0000021900aa9000 JavaThread "File watcher consumer" daemon [_thread_blocked, id=16160, stack(0x0000007aaf400000,0x0000007aaf500000)]
  0x0000021901ba6000 JavaThread "Cache worker for execution history cache (C:\Users\george reynaldi\.gradle\caches\7.0.2\executionHistory)" [_thread_blocked, id=17904, stack(0x0000007aaf800000,0x0000007aaf900000)]
  0x0000021901ba7800 JavaThread "jar transforms" [_thread_blocked, id=19740, stack(0x0000007aaf900000,0x0000007aafa00000)]
  0x0000021901baa000 JavaThread "jar transforms Thread 2" [_thread_blocked, id=21316, stack(0x0000007aafa00000,0x0000007aafb00000)]
  0x0000021901ba4000 JavaThread "Cache worker for file content cache (C:\Users\george reynaldi\.gradle\caches\7.0.2\fileContent)" [_thread_blocked, id=27504, stack(0x0000007aafb00000,0x0000007aafc00000)]
  0x0000021901bab800 JavaThread "jar transforms Thread 3" [_thread_blocked, id=15160, stack(0x0000007aafd00000,0x0000007aafe00000)]
  0x00000219036b6800 JavaThread "jar transforms Thread 4" [_thread_blocked, id=22876, stack(0x0000007ab0700000,0x0000007ab0800000)]
  0x00000219036bb800 JavaThread "jar transforms Thread 5" [_thread_blocked, id=20808, stack(0x0000007ab0800000,0x0000007ab0900000)]
  0x00000219036bd000 JavaThread "jar transforms Thread 6" [_thread_blocked, id=26772, stack(0x0000007ab0900000,0x0000007ab0a00000)]
  0x00000219036b9000 JavaThread "jar transforms Thread 7" [_thread_blocked, id=18756, stack(0x0000007ab0a00000,0x0000007ab0b00000)]
  0x00000219036b7800 JavaThread "jar transforms Thread 8" [_thread_blocked, id=2132, stack(0x0000007ab0b00000,0x0000007ab0c00000)]
  0x00000219036b8000 JavaThread "Memory manager" [_thread_blocked, id=8856, stack(0x0000007ab0c00000,0x0000007ab0d00000)]
  0x000002197df28000 JavaThread "Cache worker for Java compile cache (C:\Users\george reynaldi\.gradle\caches\7.0.2\javaCompile)" [_thread_blocked, id=13808, stack(0x0000007ab1d00000,0x0000007ab1e00000)]
  0x000002197df23000 JavaThread "ForkJoinPool.commonPool-worker-3" daemon [_thread_blocked, id=12764, stack(0x0000007ab2300000,0x0000007ab2400000)]
  0x000002197df29800 JavaThread "ForkJoinPool.commonPool-worker-5" daemon [_thread_blocked, id=20516, stack(0x0000007ab2400000,0x0000007ab2500000)]
  0x000002197df24000 JavaThread "ForkJoinPool.commonPool-worker-7" daemon [_thread_blocked, id=25548, stack(0x0000007ab2500000,0x0000007ab2600000)]
  0x000002197df2a800 JavaThread "ForkJoinPool.commonPool-worker-9" daemon [_thread_blocked, id=17736, stack(0x0000007ab2600000,0x0000007ab2700000)]
  0x00000219036c2000 JavaThread "ForkJoinPool.commonPool-worker-11" daemon [_thread_blocked, id=13472, stack(0x0000007ab2700000,0x0000007ab2800000)]
  0x0000021901cad800 JavaThread "ForkJoinPool.commonPool-worker-13" daemon [_thread_blocked, id=5684, stack(0x0000007ab2800000,0x0000007ab2900000)]
  0x0000021901cae800 JavaThread "ForkJoinPool.commonPool-worker-15" daemon [_thread_blocked, id=16440, stack(0x0000007ab2900000,0x0000007ab2a00000)]
  0x0000021901caf800 JavaThread "Handler for socket connection from /127.0.0.1:64148 to /127.0.0.1:64171" [_thread_in_native, id=16584, stack(0x0000007aae500000,0x0000007aae600000)]
  0x0000021901cac000 JavaThread "Cancel handler" [_thread_blocked, id=2952, stack(0x0000007aae600000,0x0000007aae700000)]
  0x0000021901cb1800 JavaThread "Asynchronous log dispatcher for DefaultDaemonConnection: socket connection from /127.0.0.1:64148 to /127.0.0.1:64171" [_thread_blocked, id=6408, stack(0x0000007aae700000,0x0000007aae800000)]
  0x0000021901cb1000 JavaThread "Stdin handler" [_thread_blocked, id=14232, stack(0x0000007aaf100000,0x0000007aaf200000)]
  0x0000021901cad000 JavaThread "Daemon client event forwarder" [_thread_blocked, id=5132, stack(0x0000007aaf200000,0x0000007aaf300000)]
  0x0000021901cb2800 JavaThread "Cache worker for file hash cache (E:\MATERI KULIAH ANGKATAN 2019\SEMESTER 5\07. Pemrograman Berbasis Platform\UTS proj.1\.gradle\7.0.2\fileHashes)" [_thread_blocked, id=8636, stack(0x0000007aaf500000,0x0000007aaf600000)]
  0x0000021901cb3800 JavaThread "Cache worker for checksums cache (E:\MATERI KULIAH ANGKATAN 2019\SEMESTER 5\07. Pemrograman Berbasis Platform\UTS proj.1\.gradle\checksums)" [_thread_blocked, id=19468, stack(0x0000007aaf700000,0x0000007aaf800000)]
  0x0000021901cb4000 JavaThread "Cache worker for cache directory md-supplier (C:\Users\george reynaldi\.gradle\caches\7.0.2\md-supplier)" [_thread_blocked, id=5148, stack(0x0000007aafc00000,0x0000007aafd00000)]
  0x0000021901cb5000 JavaThread "Cache worker for cache directory md-rule (C:\Users\george reynaldi\.gradle\caches\7.0.2\md-rule)" [_thread_blocked, id=16524, stack(0x0000007aafe00000,0x0000007aaff00000)]
  0x0000021901cb0000 JavaThread "Cache worker for dependencies-accessors (E:\MATERI KULIAH ANGKATAN 2019\SEMESTER 5\07. Pemrograman Berbasis Platform\UTS proj.1\.gradle\7.0.2\dependencies-accessors)" [_thread_blocked, id=26696, stack(0x0000007aaff00000,0x0000007ab0000000)]
  0x0000021901cb8800 JavaThread "Cache worker for Build Output Cleanup Cache (E:\MATERI KULIAH ANGKATAN 2019\SEMESTER 5\07. Pemrograman Berbasis Platform\UTS proj.1\.gradle\buildOutputCleanup)" [_thread_blocked, id=27396, stack(0x0000007ab0000000,0x0000007ab0100000)]
  0x0000021901cb6800 JavaThread "Build operations" [_thread_blocked, id=10464, stack(0x0000007ab0100000,0x0000007ab0200000)]
  0x0000021901cba000 JavaThread "Build operations Thread 2" [_thread_blocked, id=17048, stack(0x0000007ab0200000,0x0000007ab0300000)]
  0x0000021901cba800 JavaThread "Build operations Thread 3" [_thread_blocked, id=13388, stack(0x0000007ab0300000,0x0000007ab0400000)]
  0x0000021901cb9000 JavaThread "Build operations Thread 4" [_thread_blocked, id=19348, stack(0x0000007ab0400000,0x0000007ab0500000)]
  0x0000021901cb7800 JavaThread "Build operations Thread 5" [_thread_blocked, id=10220, stack(0x0000007ab0500000,0x0000007ab0600000)]
  0x000002197df20000 JavaThread "Build operations Thread 6" [_thread_blocked, id=12088, stack(0x0000007ab0600000,0x0000007ab0700000)]
  0x000002197df1d800 JavaThread "Build operations Thread 7" [_thread_blocked, id=5904, stack(0x0000007ab0d00000,0x0000007ab0e00000)]
  0x000002197df21800 JavaThread "Build operations Thread 8" [_thread_blocked, id=6800, stack(0x0000007ab0e00000,0x0000007ab0f00000)]
  0x000002197df1c800 JavaThread "build event listener" [_thread_blocked, id=8788, stack(0x0000007ab0f00000,0x0000007ab1000000)]
  0x000002197df1f000 JavaThread "Execution worker for ':'" [_thread_blocked, id=8676, stack(0x0000007ab1000000,0x0000007ab1100000)]
  0x000002197df20800 JavaThread "Execution worker for ':' Thread 2" [_thread_blocked, id=11524, stack(0x0000007ab1100000,0x0000007ab1200000)]
  0x000002197df1e000 JavaThread "Execution worker for ':' Thread 3" [_thread_blocked, id=26968, stack(0x0000007ab1200000,0x0000007ab1300000)]
  0x000002197df1b800 JavaThread "Execution worker for ':' Thread 4" [_thread_blocked, id=23896, stack(0x0000007ab1300000,0x0000007ab1400000)]
  0x000002197df22800 JavaThread "Execution worker for ':' Thread 5" [_thread_blocked, id=2752, stack(0x0000007ab1400000,0x0000007ab1500000)]
  0x000002197df24800 JavaThread "Execution worker for ':' Thread 6" [_thread_blocked, id=18660, stack(0x0000007ab1500000,0x0000007ab1600000)]
  0x000002197df25800 JavaThread "Execution worker for ':' Thread 7" [_thread_blocked, id=21028, stack(0x0000007ab1600000,0x0000007ab1700000)]
  0x000002197df26800 JavaThread "Cache worker for execution history cache (E:\MATERI KULIAH ANGKATAN 2019\SEMESTER 5\07. Pemrograman Berbasis Platform\UTS proj.1\.gradle\7.0.2\executionHistory)" [_thread_blocked, id=1280, stack(0x0000007ab1700000,0x0000007ab1800000)]
  0x000002197df29000 JavaThread "Cache worker for Java compile cache (E:\MATERI KULIAH ANGKATAN 2019\SEMESTER 5\07. Pemrograman Berbasis Platform\UTS proj.1\.gradle\7.0.2\javaCompile)" [_thread_blocked, id=12184, stack(0x0000007ab1800000,0x0000007ab1900000)]

Other Threads:
=>0x000002197d2ef000 VMThread "VM Thread" [stack: 0x0000007aad100000,0x0000007aad200000] [id=19528]
  0x000002197de0d800 WatcherThread [stack: 0x0000007aadb00000,0x0000007aadc00000] [id=14940]
  0x0000021960e87000 GCTaskThread "GC Thread#0" [stack: 0x0000007aacc00000,0x0000007aacd00000] [id=5100]
  0x000002197eacb800 GCTaskThread "GC Thread#1" [stack: 0x0000007aade00000,0x0000007aadf00000] [id=1660]
  0x000002197e988000 GCTaskThread "GC Thread#2" [stack: 0x0000007aadf00000,0x0000007aae000000] [id=12840]
  0x0000021900566000 GCTaskThread "GC Thread#3" [stack: 0x0000007aae800000,0x0000007aae900000] [id=14896]
  0x000002197ec90000 GCTaskThread "GC Thread#4" [stack: 0x0000007aae900000,0x0000007aaea00000] [id=21760]
  0x0000021900411000 GCTaskThread "GC Thread#5" [stack: 0x0000007aaea00000,0x0000007aaeb00000] [id=9152]
  0x0000021900aae800 GCTaskThread "GC Thread#6" [stack: 0x0000007aaeb00000,0x0000007aaec00000] [id=25900]
  0x00000219009b2800 GCTaskThread "GC Thread#7" [stack: 0x0000007aaec00000,0x0000007aaed00000] [id=6220]
  0x0000021960eb9800 ConcurrentGCThread "G1 Main Marker" [stack: 0x0000007aacd00000,0x0000007aace00000] [id=22192]
  0x0000021960ebb000 ConcurrentGCThread "G1 Conc#0" [stack: 0x0000007aace00000,0x0000007aacf00000] [id=20180]
  0x00000219012a2000 ConcurrentGCThread "G1 Conc#1" [stack: 0x0000007aaef00000,0x0000007aaf000000] [id=7116]
  0x000002197d140800 ConcurrentGCThread "G1 Refine#0" [stack: 0x0000007aacf00000,0x0000007aad000000] [id=16796]
  0x000002197d141000 ConcurrentGCThread "G1 Young RemSet Sampling" [stack: 0x0000007aad000000,0x0000007aad100000] [id=3884]

Threads with active compile tasks:
C2 CompilerThread0  57111 17056  s    4       sun.nio.fs.WindowsDirectoryStream$WindowsDirectoryIterator::hasNext (35 bytes)

VM state:at safepoint (normal execution)

VM Mutex/Monitor currently owned by a thread:  ([mutex/lock_event])
[0x0000021960e72230] Threads_lock - owner thread: 0x000002197d2ef000
[0x0000021960e722c0] Heap_lock - owner thread: 0x000002197f587800

Heap address: 0x0000000080000000, size: 2048 MB, Compressed Oops mode: 32-bit
Narrow klass base: 0x0000000000000000, Narrow klass shift: 3
Compressed class space size: 1073741824 Address: 0x0000000100000000

Heap:
 garbage-first heap   total 764928K, used 153570K [0x0000000080000000, 0x0000000100000000)
  region size 1024K, 2 young (2048K), 2 survivors (2048K)
 Metaspace       used 128756K, capacity 132504K, committed 132732K, reserved 1163264K
  class space    used 16628K, capacity 18077K, committed 18176K, reserved 1048576K
Heap Regions: E=young(eden), S=young(survivor), O=old, HS=humongous(starts), HC=humongous(continues), CS=collection set, F=free, A=archive, TAMS=top-at-mark-start (previous, next)
|   0|0x0000000080000000, 0x0000000080100000, 0x0000000080100000|100%| O|  |TAMS 0x0000000080100000, 0x0000000080000000| Untracked 
|   1|0x0000000080100000, 0x0000000080200000, 0x0000000080200000|100%| O|  |TAMS 0x0000000080200000, 0x0000000080100000| Untracked 
|   2|0x0000000080200000, 0x0000000080300000, 0x0000000080300000|100%| O|  |TAMS 0x0000000080300000, 0x0000000080200000| Untracked 
|   3|0x0000000080300000, 0x0000000080400000, 0x0000000080400000|100%|HS|  |TAMS 0x0000000080400000, 0x0000000080300000| Complete 
|   4|0x0000000080400000, 0x0000000080500000, 0x0000000080500000|100%|HC|  |TAMS 0x0000000080500000, 0x0000000080400000| Complete 
|   5|0x0000000080500000, 0x0000000080600000, 0x0000000080600000|100%|HC|  |TAMS 0x0000000080600000, 0x0000000080500000| Complete 
|   6|0x0000000080600000, 0x0000000080700000, 0x0000000080700000|100%| O|  |TAMS 0x0000000080700000, 0x0000000080600000| Untracked 
|   7|0x0000000080700000, 0x0000000080800000, 0x0000000080800000|100%| O|  |TAMS 0x0000000080800000, 0x0000000080700000| Untracked 
|   8|0x0000000080800000, 0x0000000080900000, 0x0000000080900000|100%| O|  |TAMS 0x0000000080900000, 0x0000000080800000| Untracked 
|   9|0x0000000080900000, 0x0000000080a00000, 0x0000000080a00000|100%| O|  |TAMS 0x0000000080a00000, 0x0000000080900000| Untracked 
|  10|0x0000000080a00000, 0x0000000080b00000, 0x0000000080b00000|100%| O|  |TAMS 0x0000000080b00000, 0x0000000080a00000| Untracked 
|  11|0x0000000080b00000, 0x0000000080c00000, 0x0000000080c00000|100%| O|  |TAMS 0x0000000080c00000, 0x0000000080b00000| Untracked 
|  12|0x0000000080c00000, 0x0000000080d00000, 0x0000000080d00000|100%| O|  |TAMS 0x0000000080d00000, 0x0000000080c00000| Untracked 
|  13|0x0000000080d00000, 0x0000000080e00000, 0x0000000080e00000|100%| O|  |TAMS 0x0000000080e00000, 0x0000000080d00000| Untracked 
|  14|0x0000000080e00000, 0x0000000080f00000, 0x0000000080f00000|100%| O|  |TAMS 0x0000000080f00000, 0x0000000080e00000| Untracked 
|  15|0x0000000080f00000, 0x0000000081000000, 0x0000000081000000|100%| O|  |TAMS 0x0000000081000000, 0x0000000080f00000| Untracked 
|  16|0x0000000081000000, 0x0000000081100000, 0x0000000081100000|100%| O|  |TAMS 0x0000000081100000, 0x0000000081000000| Untracked 
|  17|0x0000000081100000, 0x0000000081200000, 0x0000000081200000|100%| O|  |TAMS 0x0000000081200000, 0x0000000081100000| Untracked 
|  18|0x0000000081200000, 0x0000000081300000, 0x0000000081300000|100%|HS|  |TAMS 0x0000000081300000, 0x0000000081200000| Complete 
|  19|0x0000000081300000, 0x0000000081400000, 0x0000000081400000|100%| O|  |TAMS 0x0000000081400000, 0x0000000081300000| Untracked 
|  20|0x0000000081400000, 0x0000000081500000, 0x0000000081500000|100%| O|  |TAMS 0x0000000081500000, 0x0000000081400000| Untracked 
|  21|0x0000000081500000, 0x0000000081600000, 0x0000000081600000|100%| O|  |TAMS 0x0000000081600000, 0x0000000081500000| Untracked 
|  22|0x0000000081600000, 0x0000000081700000, 0x0000000081700000|100%| O|  |TAMS 0x0000000081700000, 0x0000000081600000| Untracked 
|  23|0x0000000081700000, 0x0000000081800000, 0x0000000081800000|100%| O|  |TAMS 0x0000000081800000, 0x0000000081700000| Untracked 
|  24|0x0000000081800000, 0x0000000081900000, 0x0000000081900000|100%| O|  |TAMS 0x0000000081900000, 0x0000000081800000| Untracked 
|  25|0x0000000081900000, 0x0000000081a00000, 0x0000000081a00000|100%| O|  |TAMS 0x0000000081a00000, 0x0000000081900000| Untracked 
|  26|0x0000000081a00000, 0x0000000081b00000, 0x0000000081b00000|100%| O|  |TAMS 0x0000000081b00000, 0x0000000081a00000| Untracked 
|  27|0x0000000081b00000, 0x0000000081c00000, 0x0000000081c00000|100%|HS|  |TAMS 0x0000000081c00000, 0x0000000081b00000| Complete 
|  28|0x0000000081c00000, 0x0000000081d00000, 0x0000000081d00000|100%|HS|  |TAMS 0x0000000081d00000, 0x0000000081c00000| Complete 
|  29|0x0000000081d00000, 0x0000000081e00000, 0x0000000081e00000|100%|HC|  |TAMS 0x0000000081e00000, 0x0000000081d00000| Complete 
|  30|0x0000000081e00000, 0x0000000081f00000, 0x0000000081f00000|100%| O|  |TAMS 0x0000000081f00000, 0x0000000081e00000| Untracked 
|  31|0x0000000081f00000, 0x0000000082000000, 0x0000000082000000|100%| O|  |TAMS 0x0000000082000000, 0x0000000081f00000| Untracked 
|  32|0x0000000082000000, 0x0000000082100000, 0x0000000082100000|100%| O|  |TAMS 0x0000000082100000, 0x0000000082000000| Untracked 
|  33|0x0000000082100000, 0x0000000082200000, 0x0000000082200000|100%| O|  |TAMS 0x0000000082200000, 0x0000000082100000| Untracked 
|  34|0x0000000082200000, 0x0000000082300000, 0x0000000082300000|100%| O|  |TAMS 0x0000000082300000, 0x0000000082200000| Untracked 
|  35|0x0000000082300000, 0x0000000082400000, 0x0000000082400000|100%| O|  |TAMS 0x0000000082400000, 0x0000000082300000| Untracked 
|  36|0x0000000082400000, 0x0000000082500000, 0x0000000082500000|100%| O|  |TAMS 0x0000000082500000, 0x0000000082400000| Untracked 
|  37|0x0000000082500000, 0x0000000082600000, 0x0000000082600000|100%| O|  |TAMS 0x0000000082600000, 0x0000000082500000| Untracked 
|  38|0x0000000082600000, 0x0000000082700000, 0x0000000082700000|100%| O|  |TAMS 0x0000000082700000, 0x0000000082600000| Untracked 
|  39|0x0000000082700000, 0x0000000082800000, 0x0000000082800000|100%| O|  |TAMS 0x0000000082800000, 0x0000000082700000| Untracked 
|  40|0x0000000082800000, 0x0000000082900000, 0x0000000082900000|100%| O|  |TAMS 0x0000000082900000, 0x0000000082800000| Untracked 
|  41|0x0000000082900000, 0x0000000082a00000, 0x0000000082a00000|100%| O|  |TAMS 0x0000000082a00000, 0x0000000082900000| Untracked 
|  42|0x0000000082a00000, 0x0000000082b00000, 0x0000000082b00000|100%| O|  |TAMS 0x0000000082b00000, 0x0000000082a00000| Untracked 
|  43|0x0000000082b00000, 0x0000000082c00000, 0x0000000082c00000|100%| O|  |TAMS 0x0000000082c00000, 0x0000000082b00000| Untracked 
|  44|0x0000000082c00000, 0x0000000082d00000, 0x0000000082d00000|100%| O|  |TAMS 0x0000000082d00000, 0x0000000082c00000| Untracked 
|  45|0x0000000082d00000, 0x0000000082e00000, 0x0000000082e00000|100%| O|  |TAMS 0x0000000082e00000, 0x0000000082d00000| Untracked 
|  46|0x0000000082e00000, 0x0000000082f00000, 0x0000000082f00000|100%| O|  |TAMS 0x0000000082f00000, 0x0000000082e00000| Untracked 
|  47|0x0000000082f00000, 0x0000000083000000, 0x0000000083000000|100%| O|  |TAMS 0x0000000083000000, 0x0000000082f00000| Untracked 
|  48|0x0000000083000000, 0x0000000083100000, 0x0000000083100000|100%| O|  |TAMS 0x0000000083100000, 0x0000000083000000| Untracked 
|  49|0x0000000083100000, 0x0000000083200000, 0x0000000083200000|100%| O|  |TAMS 0x0000000083200000, 0x0000000083100000| Untracked 
|  50|0x0000000083200000, 0x0000000083300000, 0x0000000083300000|100%| O|  |TAMS 0x0000000083300000, 0x0000000083200000| Untracked 
|  51|0x0000000083300000, 0x0000000083400000, 0x0000000083400000|100%| O|  |TAMS 0x0000000083400000, 0x0000000083300000| Untracked 
|  52|0x0000000083400000, 0x0000000083500000, 0x0000000083500000|100%| O|  |TAMS 0x0000000083500000, 0x0000000083400000| Untracked 
|  53|0x0000000083500000, 0x0000000083600000, 0x0000000083600000|100%| O|  |TAMS 0x0000000083600000, 0x0000000083500000| Untracked 
|  54|0x0000000083600000, 0x0000000083700000, 0x0000000083700000|100%| O|  |TAMS 0x0000000083700000, 0x0000000083600000| Untracked 
|  55|0x0000000083700000, 0x0000000083800000, 0x0000000083800000|100%| O|  |TAMS 0x0000000083800000, 0x0000000083700000| Untracked 
|  56|0x0000000083800000, 0x0000000083900000, 0x0000000083900000|100%| O|  |TAMS 0x0000000083900000, 0x0000000083800000| Untracked 
|  57|0x0000000083900000, 0x0000000083a00000, 0x0000000083a00000|100%| O|  |TAMS 0x0000000083a00000, 0x0000000083900000| Untracked 
|  58|0x0000000083a00000, 0x0000000083b00000, 0x0000000083b00000|100%| O|  |TAMS 0x0000000083b00000, 0x0000000083a00000| Untracked 
|  59|0x0000000083b00000, 0x0000000083c00000, 0x0000000083c00000|100%| O|  |TAMS 0x0000000083c00000, 0x0000000083b00000| Untracked 
|  60|0x0000000083c00000, 0x0000000083d00000, 0x0000000083d00000|100%| O|  |TAMS 0x0000000083d00000, 0x0000000083c00000| Untracked 
|  61|0x0000000083d00000, 0x0000000083e00000, 0x0000000083e00000|100%| O|  |TAMS 0x0000000083e00000, 0x0000000083d00000| Untracked 
|  62|0x0000000083e00000, 0x0000000083f00000, 0x0000000083f00000|100%| O|  |TAMS 0x0000000083f00000, 0x0000000083e00000| Untracked 
|  63|0x0000000083f00000, 0x0000000084000000, 0x0000000084000000|100%| O|  |TAMS 0x0000000084000000, 0x0000000083f00000| Untracked 
|  64|0x0000000084000000, 0x0000000084100000, 0x0000000084100000|100%| O|  |TAMS 0x0000000084100000, 0x0000000084000000| Untracked 
|  65|0x0000000084100000, 0x0000000084200000, 0x0000000084200000|100%| O|  |TAMS 0x0000000084200000, 0x0000000084100000| Untracked 
|  66|0x0000000084200000, 0x0000000084300000, 0x0000000084300000|100%| O|  |TAMS 0x0000000084300000, 0x0000000084200000| Untracked 
|  67|0x0000000084300000, 0x0000000084400000, 0x0000000084400000|100%| O|  |TAMS 0x0000000084400000, 0x0000000084300000| Untracked 
|  68|0x0000000084400000, 0x0000000084500000, 0x0000000084500000|100%| O|  |TAMS 0x0000000084500000, 0x0000000084400000| Untracked 
|  69|0x0000000084500000, 0x0000000084600000, 0x0000000084600000|100%| O|  |TAMS 0x0000000084600000, 0x0000000084500000| Untracked 
|  70|0x0000000084600000, 0x0000000084700000, 0x0000000084700000|100%| O|  |TAMS 0x0000000084700000, 0x0000000084600000| Untracked 
|  71|0x0000000084700000, 0x0000000084800000, 0x0000000084800000|100%| O|  |TAMS 0x0000000084800000, 0x0000000084700000| Untracked 
|  72|0x0000000084800000, 0x0000000084900000, 0x0000000084900000|100%| O|  |TAMS 0x0000000084900000, 0x0000000084800000| Untracked 
|  73|0x0000000084900000, 0x0000000084a00000, 0x0000000084a00000|100%| O|  |TAMS 0x0000000084a00000, 0x0000000084900000| Untracked 
|  74|0x0000000084a00000, 0x0000000084b00000, 0x0000000084b00000|100%| O|  |TAMS 0x0000000084b00000, 0x0000000084a00000| Untracked 
|  75|0x0000000084b00000, 0x0000000084c00000, 0x0000000084c00000|100%| O|  |TAMS 0x0000000084c00000, 0x0000000084b00000| Untracked 
|  76|0x0000000084c00000, 0x0000000084d00000, 0x0000000084d00000|100%| O|  |TAMS 0x0000000084d00000, 0x0000000084c00000| Untracked 
|  77|0x0000000084d00000, 0x0000000084e00000, 0x0000000084e00000|100%| O|  |TAMS 0x0000000084e00000, 0x0000000084d00000| Untracked 
|  78|0x0000000084e00000, 0x0000000084f00000, 0x0000000084f00000|100%| O|  |TAMS 0x0000000084f00000, 0x0000000084e00000| Untracked 
|  79|0x0000000084f00000, 0x0000000085000000, 0x0000000085000000|100%| O|  |TAMS 0x0000000085000000, 0x0000000084f00000| Untracked 
|  80|0x0000000085000000, 0x0000000085100000, 0x0000000085100000|100%| O|  |TAMS 0x0000000085100000, 0x0000000085000000| Untracked 
|  81|0x0000000085100000, 0x0000000085200000, 0x0000000085200000|100%| O|  |TAMS 0x0000000085200000, 0x0000000085100000| Untracked 
|  82|0x0000000085200000, 0x0000000085300000, 0x0000000085300000|100%|HS|  |TAMS 0x0000000085300000, 0x0000000085200000| Complete 
|  83|0x0000000085300000, 0x0000000085400000, 0x0000000085400000|100%|HC|  |TAMS 0x0000000085400000, 0x0000000085300000| Complete 
|  84|0x0000000085400000, 0x0000000085500000, 0x0000000085500000|100%| O|  |TAMS 0x0000000085500000, 0x0000000085400000| Untracked 
|  85|0x0000000085500000, 0x0000000085600000, 0x0000000085600000|100%| O|  |TAMS 0x0000000085600000, 0x0000000085500000| Untracked 
|  86|0x0000000085600000, 0x0000000085700000, 0x0000000085700000|100%| O|  |TAMS 0x0000000085700000, 0x0000000085600000| Untracked 
|  87|0x0000000085700000, 0x0000000085800000, 0x0000000085800000|100%| O|  |TAMS 0x0000000085800000, 0x0000000085700000| Untracked 
|  88|0x0000000085800000, 0x0000000085900000, 0x0000000085900000|100%| O|  |TAMS 0x0000000085900000, 0x0000000085800000| Untracked 
|  89|0x0000000085900000, 0x0000000085a00000, 0x0000000085a00000|100%| O|  |TAMS 0x0000000085a00000, 0x0000000085900000| Untracked 
|  90|0x0000000085a00000, 0x0000000085b00000, 0x0000000085b00000|100%| O|  |TAMS 0x0000000085b00000, 0x0000000085a00000| Untracked 
|  91|0x0000000085b00000, 0x0000000085c00000, 0x0000000085c00000|100%| O|  |TAMS 0x0000000085c00000, 0x0000000085b00000| Untracked 
|  92|0x0000000085c00000, 0x0000000085d00000, 0x0000000085d00000|100%| O|  |TAMS 0x0000000085d00000, 0x0000000085c00000| Untracked 
|  93|0x0000000085d00000, 0x0000000085e00000, 0x0000000085e00000|100%| O|  |TAMS 0x0000000085e00000, 0x0000000085d00000| Untracked 
|  94|0x0000000085e00000, 0x0000000085f00000, 0x0000000085f00000|100%| O|  |TAMS 0x0000000085f00000, 0x0000000085e00000| Untracked 
|  95|0x0000000085f00000, 0x0000000086000000, 0x0000000086000000|100%| O|  |TAMS 0x0000000086000000, 0x0000000085f00000| Untracked 
|  96|0x0000000086000000, 0x0000000086100000, 0x0000000086100000|100%| O|  |TAMS 0x0000000086000000, 0x0000000086000000| Untracked 
|  97|0x0000000086100000, 0x0000000086200000, 0x0000000086200000|100%| O|  |TAMS 0x0000000086100000, 0x0000000086100000| Untracked 
|  98|0x0000000086200000, 0x0000000086300000, 0x0000000086300000|100%| O|  |TAMS 0x0000000086200000, 0x0000000086200000| Untracked 
|  99|0x0000000086300000, 0x0000000086400000, 0x0000000086400000|100%| O|  |TAMS 0x0000000086300000, 0x0000000086300000| Untracked 
| 100|0x0000000086400000, 0x0000000086500000, 0x0000000086500000|100%| O|  |TAMS 0x0000000086400000, 0x0000000086400000| Untracked 
| 101|0x0000000086500000, 0x0000000086600000, 0x0000000086600000|100%| O|  |TAMS 0x0000000086500000, 0x0000000086500000| Untracked 
| 102|0x0000000086600000, 0x0000000086700000, 0x0000000086700000|100%| O|  |TAMS 0x0000000086600000, 0x0000000086600000| Untracked 
| 103|0x0000000086700000, 0x0000000086800000, 0x0000000086800000|100%| O|  |TAMS 0x0000000086700000, 0x0000000086700000| Untracked 
| 104|0x0000000086800000, 0x0000000086900000, 0x0000000086900000|100%| O|  |TAMS 0x0000000086800000, 0x0000000086800000| Untracked 
| 105|0x0000000086900000, 0x0000000086a00000, 0x0000000086a00000|100%| O|  |TAMS 0x0000000086900000, 0x0000000086900000| Untracked 
| 106|0x0000000086a00000, 0x0000000086b00000, 0x0000000086b00000|100%| O|  |TAMS 0x0000000086a00000, 0x0000000086a00000| Untracked 
| 107|0x0000000086b00000, 0x0000000086c00000, 0x0000000086c00000|100%| O|  |TAMS 0x0000000086b00000, 0x0000000086b00000| Untracked 
| 108|0x0000000086c00000, 0x0000000086d00000, 0x0000000086d00000|100%| O|  |TAMS 0x0000000086c00000, 0x0000000086c00000| Untracked 
| 109|0x0000000086d00000, 0x0000000086e00000, 0x0000000086e00000|100%| O|  |TAMS 0x0000000086d00000, 0x0000000086d00000| Untracked 
| 110|0x0000000086e00000, 0x0000000086f00000, 0x0000000086f00000|100%| O|  |TAMS 0x0000000086e00000, 0x0000000086e00000| Untracked 
| 111|0x0000000086f00000, 0x0000000086f47800, 0x0000000087000000| 27%| O|  |TAMS 0x0000000086f00000, 0x0000000086f00000| Untracked 
| 112|0x0000000087000000, 0x0000000087000000, 0x0000000087100000|  0%| F|  |TAMS 0x0000000087000000, 0x0000000087000000| Untracked 
| 113|0x0000000087100000, 0x0000000087100000, 0x0000000087200000|  0%| F|  |TAMS 0x0000000087100000, 0x0000000087100000| Untracked 
| 114|0x0000000087200000, 0x0000000087200000, 0x0000000087300000|  0%| F|  |TAMS 0x0000000087200000, 0x0000000087200000| Untracked 
| 115|0x0000000087300000, 0x0000000087300000, 0x0000000087400000|  0%| F|  |TAMS 0x0000000087300000, 0x0000000087300000| Untracked 
| 116|0x0000000087400000, 0x0000000087500000, 0x0000000087500000|100%| O|  |TAMS 0x0000000087500000, 0x0000000087400000| Untracked 
| 117|0x0000000087500000, 0x0000000087500000, 0x0000000087600000|  0%| F|  |TAMS 0x0000000087500000, 0x0000000087500000| Untracked 
| 118|0x0000000087600000, 0x0000000087600000, 0x0000000087700000|  0%| F|  |TAMS 0x0000000087600000, 0x0000000087600000| Untracked 
| 119|0x0000000087700000, 0x0000000087700000, 0x0000000087800000|  0%| F|  |TAMS 0x0000000087700000, 0x0000000087700000| Untracked 
| 120|0x0000000087800000, 0x0000000087800000, 0x0000000087900000|  0%| F|  |TAMS 0x0000000087800000, 0x0000000087800000| Untracked 
| 121|0x0000000087900000, 0x0000000087900000, 0x0000000087a00000|  0%| F|  |TAMS 0x0000000087900000, 0x0000000087900000| Untracked 
| 122|0x0000000087a00000, 0x0000000087a00000, 0x0000000087b00000|  0%| F|  |TAMS 0x0000000087a00000, 0x0000000087a00000| Untracked 
| 123|0x0000000087b00000, 0x0000000087b00000, 0x0000000087c00000|  0%| F|  |TAMS 0x0000000087b00000, 0x0000000087b00000| Untracked 
| 124|0x0000000087c00000, 0x0000000087c00000, 0x0000000087d00000|  0%| F|  |TAMS 0x0000000087c00000, 0x0000000087c00000| Untracked 
| 125|0x0000000087d00000, 0x0000000087e00000, 0x0000000087e00000|100%| O|  |TAMS 0x0000000087e00000, 0x0000000087d00000| Untracked 
| 126|0x0000000087e00000, 0x0000000087f00000, 0x0000000087f00000|100%| O|  |TAMS 0x0000000087f00000, 0x0000000087e00000| Untracked 
| 127|0x0000000087f00000, 0x0000000088000000, 0x0000000088000000|100%| O|  |TAMS 0x0000000088000000, 0x0000000087f00000| Untracked 
| 128|0x0000000088000000, 0x0000000088100000, 0x0000000088100000|100%| O|  |TAMS 0x0000000088100000, 0x0000000088000000| Untracked 
| 129|0x0000000088100000, 0x0000000088200000, 0x0000000088200000|100%| O|  |TAMS 0x0000000088200000, 0x0000000088100000| Untracked 
| 130|0x0000000088200000, 0x0000000088300000, 0x0000000088300000|100%| O|  |TAMS 0x0000000088300000, 0x0000000088200000| Untracked 
| 131|0x0000000088300000, 0x0000000088300000, 0x0000000088400000|  0%| F|  |TAMS 0x0000000088300000, 0x0000000088300000| Untracked 
| 132|0x0000000088400000, 0x0000000088400000, 0x0000000088500000|  0%| F|  |TAMS 0x0000000088400000, 0x0000000088400000| Untracked 
| 133|0x0000000088500000, 0x0000000088500000, 0x0000000088600000|  0%| F|  |TAMS 0x0000000088500000, 0x0000000088500000| Untracked 
| 134|0x0000000088600000, 0x0000000088600000, 0x0000000088700000|  0%| F|  |TAMS 0x0000000088600000, 0x0000000088600000| Untracked 
| 135|0x0000000088700000, 0x0000000088700000, 0x0000000088800000|  0%| F|  |TAMS 0x0000000088700000, 0x0000000088700000| Untracked 
| 136|0x0000000088800000, 0x0000000088800000, 0x0000000088900000|  0%| F|  |TAMS 0x0000000088800000, 0x0000000088800000| Untracked 
| 137|0x0000000088900000, 0x0000000088900000, 0x0000000088a00000|  0%| F|  |TAMS 0x0000000088900000, 0x0000000088900000| Untracked 
| 138|0x0000000088a00000, 0x0000000088a00000, 0x0000000088b00000|  0%| F|  |TAMS 0x0000000088a00000, 0x0000000088a00000| Untracked 
| 139|0x0000000088b00000, 0x0000000088b00000, 0x0000000088c00000|  0%| F|  |TAMS 0x0000000088b00000, 0x0000000088b00000| Untracked 
| 140|0x0000000088c00000, 0x0000000088c00000, 0x0000000088d00000|  0%| F|  |TAMS 0x0000000088c00000, 0x0000000088c00000| Untracked 
| 141|0x0000000088d00000, 0x0000000088d00000, 0x0000000088e00000|  0%| F|  |TAMS 0x0000000088d00000, 0x0000000088d00000| Untracked 
| 142|0x0000000088e00000, 0x0000000088e00000, 0x0000000088f00000|  0%| F|  |TAMS 0x0000000088e00000, 0x0000000088e00000| Untracked 
| 143|0x0000000088f00000, 0x0000000088f00000, 0x0000000089000000|  0%| F|  |TAMS 0x0000000088f00000, 0x0000000088f00000| Untracked 
| 144|0x0000000089000000, 0x0000000089000000, 0x0000000089100000|  0%| F|  |TAMS 0x0000000089000000, 0x0000000089000000| Untracked 
| 145|0x0000000089100000, 0x0000000089100000, 0x0000000089200000|  0%| F|  |TAMS 0x0000000089100000, 0x0000000089100000| Untracked 
| 146|0x0000000089200000, 0x0000000089200000, 0x0000000089300000|  0%| F|  |TAMS 0x0000000089200000, 0x0000000089200000| Untracked 
| 147|0x0000000089300000, 0x0000000089300000, 0x0000000089400000|  0%| F|  |TAMS 0x0000000089300000, 0x0000000089300000| Untracked 
| 148|0x0000000089400000, 0x0000000089400000, 0x0000000089500000|  0%| F|  |TAMS 0x0000000089400000, 0x0000000089400000| Untracked 
| 149|0x0000000089500000, 0x0000000089500000, 0x0000000089600000|  0%| F|  |TAMS 0x0000000089500000, 0x0000000089500000| Untracked 
| 150|0x0000000089600000, 0x0000000089600000, 0x0000000089700000|  0%| F|  |TAMS 0x0000000089600000, 0x0000000089600000| Untracked 
| 151|0x0000000089700000, 0x0000000089700000, 0x0000000089800000|  0%| F|  |TAMS 0x0000000089700000, 0x0000000089700000| Untracked 
| 152|0x0000000089800000, 0x0000000089800000, 0x0000000089900000|  0%| F|  |TAMS 0x0000000089800000, 0x0000000089800000| Untracked 
| 153|0x0000000089900000, 0x0000000089900000, 0x0000000089a00000|  0%| F|  |TAMS 0x0000000089900000, 0x0000000089900000| Untracked 
| 154|0x0000000089a00000, 0x0000000089a00000, 0x0000000089b00000|  0%| F|  |TAMS 0x0000000089a00000, 0x0000000089a00000| Untracked 
| 155|0x0000000089b00000, 0x0000000089b00000, 0x0000000089c00000|  0%| F|  |TAMS 0x0000000089b00000, 0x0000000089b00000| Untracked 
| 156|0x0000000089c00000, 0x0000000089c00000, 0x0000000089d00000|  0%| F|  |TAMS 0x0000000089c00000, 0x0000000089c00000| Untracked 
| 157|0x0000000089d00000, 0x0000000089d00000, 0x0000000089e00000|  0%| F|  |TAMS 0x0000000089d00000, 0x0000000089d00000| Untracked 
| 158|0x0000000089e00000, 0x0000000089e00000, 0x0000000089f00000|  0%| F|  |TAMS 0x0000000089e00000, 0x0000000089e00000| Untracked 
| 159|0x0000000089f00000, 0x0000000089f00000, 0x000000008a000000|  0%| F|  |TAMS 0x0000000089f00000, 0x0000000089f00000| Untracked 
| 160|0x000000008a000000, 0x000000008a100000, 0x000000008a100000|100%| O|  |TAMS 0x000000008a100000, 0x000000008a000000| Untracked 
| 161|0x000000008a100000, 0x000000008a200000, 0x000000008a200000|100%| O|  |TAMS 0x000000008a200000, 0x000000008a100000| Untracked 
| 162|0x000000008a200000, 0x000000008a300000, 0x000000008a300000|100%| O|  |TAMS 0x000000008a300000, 0x000000008a200000| Untracked 
| 163|0x000000008a300000, 0x000000008a400000, 0x000000008a400000|100%| O|  |TAMS 0x000000008a400000, 0x000000008a300000| Untracked 
| 164|0x000000008a400000, 0x000000008a500000, 0x000000008a500000|100%| O|  |TAMS 0x000000008a500000, 0x000000008a400000| Untracked 
| 165|0x000000008a500000, 0x000000008a600000, 0x000000008a600000|100%| O|  |TAMS 0x000000008a600000, 0x000000008a500000| Untracked 
| 166|0x000000008a600000, 0x000000008a700000, 0x000000008a700000|100%| O|  |TAMS 0x000000008a700000, 0x000000008a600000| Untracked 
| 167|0x000000008a700000, 0x000000008a800000, 0x000000008a800000|100%| O|  |TAMS 0x000000008a800000, 0x000000008a700000| Untracked 
| 168|0x000000008a800000, 0x000000008a900000, 0x000000008a900000|100%| O|  |TAMS 0x000000008a900000, 0x000000008a800000| Untracked 
| 169|0x000000008a900000, 0x000000008aa00000, 0x000000008aa00000|100%| O|  |TAMS 0x000000008aa00000, 0x000000008a900000| Untracked 
| 170|0x000000008aa00000, 0x000000008ab00000, 0x000000008ab00000|100%| O|  |TAMS 0x000000008ab00000, 0x000000008aa00000| Untracked 
| 171|0x000000008ab00000, 0x000000008ac00000, 0x000000008ac00000|100%| O|  |TAMS 0x000000008ac00000, 0x000000008ab00000| Untracked 
| 172|0x000000008ac00000, 0x000000008ad00000, 0x000000008ad00000|100%| O|  |TAMS 0x000000008ad00000, 0x000000008ac00000| Untracked 
| 173|0x000000008ad00000, 0x000000008ae00000, 0x000000008ae00000|100%| O|  |TAMS 0x000000008ae00000, 0x000000008ad00000| Untracked 
| 174|0x000000008ae00000, 0x000000008af00000, 0x000000008af00000|100%| O|  |TAMS 0x000000008af00000, 0x000000008ae00000| Untracked 
| 175|0x000000008af00000, 0x000000008b000000, 0x000000008b000000|100%| O|  |TAMS 0x000000008b000000, 0x000000008af00000| Untracked 
| 176|0x000000008b000000, 0x000000008b100000, 0x000000008b100000|100%| O|  |TAMS 0x000000008b100000, 0x000000008b000000| Untracked 
| 177|0x000000008b100000, 0x000000008b200000, 0x000000008b200000|100%| O|  |TAMS 0x000000008b200000, 0x000000008b100000| Untracked 
| 178|0x000000008b200000, 0x000000008b300000, 0x000000008b300000|100%| O|  |TAMS 0x000000008b300000, 0x000000008b200000| Untracked 
| 179|0x000000008b300000, 0x000000008b400000, 0x000000008b400000|100%| O|  |TAMS 0x000000008b400000, 0x000000008b300000| Untracked 
| 180|0x000000008b400000, 0x000000008b500000, 0x000000008b500000|100%| O|  |TAMS 0x000000008b500000, 0x000000008b400000| Untracked 
| 181|0x000000008b500000, 0x000000008b600000, 0x000000008b600000|100%| O|  |TAMS 0x000000008b600000, 0x000000008b500000| Untracked 
| 182|0x000000008b600000, 0x000000008b700000, 0x000000008b700000|100%| O|  |TAMS 0x000000008b700000, 0x000000008b600000| Untracked 
| 183|0x000000008b700000, 0x000000008b800000, 0x000000008b800000|100%| O|  |TAMS 0x000000008b800000, 0x000000008b700000| Untracked 
| 184|0x000000008b800000, 0x000000008b900000, 0x000000008b900000|100%| O|  |TAMS 0x000000008b900000, 0x000000008b800000| Untracked 
| 185|0x000000008b900000, 0x000000008ba00000, 0x000000008ba00000|100%| O|  |TAMS 0x000000008ba00000, 0x000000008b900000| Untracked 
| 186|0x000000008ba00000, 0x000000008bb00000, 0x000000008bb00000|100%| O|  |TAMS 0x000000008bb00000, 0x000000008ba00000| Untracked 
| 187|0x000000008bb00000, 0x000000008bc00000, 0x000000008bc00000|100%| O|  |TAMS 0x000000008bc00000, 0x000000008bb00000| Untracked 
| 188|0x000000008bc00000, 0x000000008bd00000, 0x000000008bd00000|100%| O|  |TAMS 0x000000008bd00000, 0x000000008bc00000| Untracked 
| 189|0x000000008bd00000, 0x000000008be00000, 0x000000008be00000|100%| O|  |TAMS 0x000000008be00000, 0x000000008bd00000| Untracked 
| 190|0x000000008be00000, 0x000000008be00000, 0x000000008bf00000|  0%| F|  |TAMS 0x000000008be00000, 0x000000008be00000| Untracked 
| 191|0x000000008bf00000, 0x000000008bf00000, 0x000000008c000000|  0%| F|  |TAMS 0x000000008bf00000, 0x000000008bf00000| Untracked 
| 192|0x000000008c000000, 0x000000008c000000, 0x000000008c100000|  0%| F|  |TAMS 0x000000008c000000, 0x000000008c000000| Untracked 
| 193|0x000000008c100000, 0x000000008c100000, 0x000000008c200000|  0%| F|  |TAMS 0x000000008c100000, 0x000000008c100000| Untracked 
| 194|0x000000008c200000, 0x000000008c200000, 0x000000008c300000|  0%| F|  |TAMS 0x000000008c200000, 0x000000008c200000| Untracked 
| 195|0x000000008c300000, 0x000000008c300000, 0x000000008c400000|  0%| F|  |TAMS 0x000000008c300000, 0x000000008c300000| Untracked 
| 196|0x000000008c400000, 0x000000008c400000, 0x000000008c500000|  0%| F|  |TAMS 0x000000008c400000, 0x000000008c400000| Untracked 
| 197|0x000000008c500000, 0x000000008c500000, 0x000000008c600000|  0%| F|  |TAMS 0x000000008c500000, 0x000000008c500000| Untracked 
| 198|0x000000008c600000, 0x000000008c600000, 0x000000008c700000|  0%| F|  |TAMS 0x000000008c600000, 0x000000008c600000| Untracked 
| 199|0x000000008c700000, 0x000000008c700000, 0x000000008c800000|  0%| F|  |TAMS 0x000000008c700000, 0x000000008c700000| Untracked 
| 200|0x000000008c800000, 0x000000008c800000, 0x000000008c900000|  0%| F|  |TAMS 0x000000008c800000, 0x000000008c800000| Untracked 
| 201|0x000000008c900000, 0x000000008c900000, 0x000000008ca00000|  0%| F|  |TAMS 0x000000008c900000, 0x000000008c900000| Untracked 
| 202|0x000000008ca00000, 0x000000008ca00000, 0x000000008cb00000|  0%| F|  |TAMS 0x000000008ca00000, 0x000000008ca00000| Untracked 
| 203|0x000000008cb00000, 0x000000008cb00000, 0x000000008cc00000|  0%| F|  |TAMS 0x000000008cb00000, 0x000000008cb00000| Untracked 
| 204|0x000000008cc00000, 0x000000008cc00000, 0x000000008cd00000|  0%| F|  |TAMS 0x000000008cc00000, 0x000000008cc00000| Untracked 
| 205|0x000000008cd00000, 0x000000008cd00000, 0x000000008ce00000|  0%| F|  |TAMS 0x000000008cd00000, 0x000000008cd00000| Untracked 
| 206|0x000000008ce00000, 0x000000008ce00000, 0x000000008cf00000|  0%| F|  |TAMS 0x000000008ce00000, 0x000000008ce00000| Untracked 
| 207|0x000000008cf00000, 0x000000008cf00000, 0x000000008d000000|  0%| F|  |TAMS 0x000000008cf00000, 0x000000008cf00000| Untracked 
| 208|0x000000008d000000, 0x000000008d000000, 0x000000008d100000|  0%| F|  |TAMS 0x000000008d000000, 0x000000008d000000| Untracked 
| 209|0x000000008d100000, 0x000000008d100000, 0x000000008d200000|  0%| F|  |TAMS 0x000000008d100000, 0x000000008d100000| Untracked 
| 210|0x000000008d200000, 0x000000008d200000, 0x000000008d300000|  0%| F|  |TAMS 0x000000008d200000, 0x000000008d200000| Untracked 
| 211|0x000000008d300000, 0x000000008d300000, 0x000000008d400000|  0%| F|  |TAMS 0x000000008d300000, 0x000000008d300000| Untracked 
| 212|0x000000008d400000, 0x000000008d400000, 0x000000008d500000|  0%| F|  |TAMS 0x000000008d400000, 0x000000008d400000| Untracked 
| 213|0x000000008d500000, 0x000000008d500000, 0x000000008d600000|  0%| F|  |TAMS 0x000000008d500000, 0x000000008d500000| Untracked 
| 214|0x000000008d600000, 0x000000008d600000, 0x000000008d700000|  0%| F|  |TAMS 0x000000008d600000, 0x000000008d600000| Untracked 
| 215|0x000000008d700000, 0x000000008d700000, 0x000000008d800000|  0%| F|  |TAMS 0x000000008d700000, 0x000000008d700000| Untracked 
| 216|0x000000008d800000, 0x000000008d800000, 0x000000008d900000|  0%| F|  |TAMS 0x000000008d800000, 0x000000008d800000| Untracked 
| 217|0x000000008d900000, 0x000000008d900000, 0x000000008da00000|  0%| F|  |TAMS 0x000000008d900000, 0x000000008d900000| Untracked 
| 218|0x000000008da00000, 0x000000008da00000, 0x000000008db00000|  0%| F|  |TAMS 0x000000008da00000, 0x000000008da00000| Untracked 
| 219|0x000000008db00000, 0x000000008db00000, 0x000000008dc00000|  0%| F|  |TAMS 0x000000008db00000, 0x000000008db00000| Untracked 
| 220|0x000000008dc00000, 0x000000008dc00000, 0x000000008dd00000|  0%| F|  |TAMS 0x000000008dc00000, 0x000000008dc00000| Untracked 
| 221|0x000000008dd00000, 0x000000008dd00000, 0x000000008de00000|  0%| F|  |TAMS 0x000000008dd00000, 0x000000008dd00000| Untracked 
| 222|0x000000008de00000, 0x000000008de00000, 0x000000008df00000|  0%| F|  |TAMS 0x000000008de00000, 0x000000008de00000| Untracked 
| 223|0x000000008df00000, 0x000000008df00000, 0x000000008e000000|  0%| F|  |TAMS 0x000000008df00000, 0x000000008df00000| Untracked 
| 224|0x000000008e000000, 0x000000008e000000, 0x000000008e100000|  0%| F|  |TAMS 0x000000008e000000, 0x000000008e000000| Untracked 
| 225|0x000000008e100000, 0x000000008e100000, 0x000000008e200000|  0%| F|  |TAMS 0x000000008e100000, 0x000000008e100000| Untracked 
| 226|0x000000008e200000, 0x000000008e200000, 0x000000008e300000|  0%| F|  |TAMS 0x000000008e200000, 0x000000008e200000| Untracked 
| 227|0x000000008e300000, 0x000000008e300000, 0x000000008e400000|  0%| F|  |TAMS 0x000000008e300000, 0x000000008e300000| Untracked 
| 228|0x000000008e400000, 0x000000008e400000, 0x000000008e500000|  0%| F|  |TAMS 0x000000008e400000, 0x000000008e400000| Untracked 
| 229|0x000000008e500000, 0x000000008e500000, 0x000000008e600000|  0%| F|  |TAMS 0x000000008e500000, 0x000000008e500000| Untracked 
| 230|0x000000008e600000, 0x000000008e600000, 0x000000008e700000|  0%| F|  |TAMS 0x000000008e600000, 0x000000008e600000| Untracked 
| 231|0x000000008e700000, 0x000000008e700000, 0x000000008e800000|  0%| F|  |TAMS 0x000000008e700000, 0x000000008e700000| Untracked 
| 232|0x000000008e800000, 0x000000008e800000, 0x000000008e900000|  0%| F|  |TAMS 0x000000008e800000, 0x000000008e800000| Untracked 
| 233|0x000000008e900000, 0x000000008e900000, 0x000000008ea00000|  0%| F|  |TAMS 0x000000008e900000, 0x000000008e900000| Untracked 
| 234|0x000000008ea00000, 0x000000008ea00000, 0x000000008eb00000|  0%| F|  |TAMS 0x000000008ea00000, 0x000000008ea00000| Untracked 
| 235|0x000000008eb00000, 0x000000008eb00000, 0x000000008ec00000|  0%| F|  |TAMS 0x000000008eb00000, 0x000000008eb00000| Untracked 
| 236|0x000000008ec00000, 0x000000008ec00000, 0x000000008ed00000|  0%| F|  |TAMS 0x000000008ec00000, 0x000000008ec00000| Untracked 
| 237|0x000000008ed00000, 0x000000008ed00000, 0x000000008ee00000|  0%| F|  |TAMS 0x000000008ed00000, 0x000000008ed00000| Untracked 
| 238|0x000000008ee00000, 0x000000008ee00000, 0x000000008ef00000|  0%| F|  |TAMS 0x000000008ee00000, 0x000000008ee00000| Untracked 
| 239|0x000000008ef00000, 0x000000008ef00000, 0x000000008f000000|  0%| F|  |TAMS 0x000000008ef00000, 0x000000008ef00000| Untracked 
| 240|0x000000008f000000, 0x000000008f000000, 0x000000008f100000|  0%| F|  |TAMS 0x000000008f000000, 0x000000008f000000| Untracked 
| 241|0x000000008f100000, 0x000000008f100000, 0x000000008f200000|  0%| F|  |TAMS 0x000000008f100000, 0x000000008f100000| Untracked 
| 242|0x000000008f200000, 0x000000008f200000, 0x000000008f300000|  0%| F|  |TAMS 0x000000008f200000, 0x000000008f200000| Untracked 
| 243|0x000000008f300000, 0x000000008f300000, 0x000000008f400000|  0%| F|  |TAMS 0x000000008f300000, 0x000000008f300000| Untracked 
| 244|0x000000008f400000, 0x000000008f400000, 0x000000008f500000|  0%| F|  |TAMS 0x000000008f400000, 0x000000008f400000| Untracked 
| 245|0x000000008f500000, 0x000000008f500000, 0x000000008f600000|  0%| F|  |TAMS 0x000000008f500000, 0x000000008f500000| Untracked 
| 246|0x000000008f600000, 0x000000008f600000, 0x000000008f700000|  0%| F|  |TAMS 0x000000008f600000, 0x000000008f600000| Untracked 
| 247|0x000000008f700000, 0x000000008f700000, 0x000000008f800000|  0%| F|  |TAMS 0x000000008f700000, 0x000000008f700000| Untracked 
| 248|0x000000008f800000, 0x000000008f800000, 0x000000008f900000|  0%| F|  |TAMS 0x000000008f800000, 0x000000008f800000| Untracked 
| 249|0x000000008f900000, 0x000000008f900000, 0x000000008fa00000|  0%| F|  |TAMS 0x000000008f900000, 0x000000008f900000| Untracked 
| 250|0x000000008fa00000, 0x000000008fa00000, 0x000000008fb00000|  0%| F|  |TAMS 0x000000008fa00000, 0x000000008fa00000| Untracked 
| 251|0x000000008fb00000, 0x000000008fb00000, 0x000000008fc00000|  0%| F|  |TAMS 0x000000008fb00000, 0x000000008fb00000| Untracked 
| 252|0x000000008fc00000, 0x000000008fc00000, 0x000000008fd00000|  0%| F|  |TAMS 0x000000008fc00000, 0x000000008fc00000| Untracked 
| 253|0x000000008fd00000, 0x000000008fd00000, 0x000000008fe00000|  0%| F|  |TAMS 0x000000008fd00000, 0x000000008fd00000| Untracked 
| 254|0x000000008fe00000, 0x000000008fe00000, 0x000000008ff00000|  0%| F|  |TAMS 0x000000008fe00000, 0x000000008fe00000| Untracked 
| 255|0x000000008ff00000, 0x000000008ff00000, 0x0000000090000000|  0%| F|  |TAMS 0x000000008ff00000, 0x000000008ff00000| Untracked 
| 256|0x0000000090000000, 0x0000000090000000, 0x0000000090100000|  0%| F|  |TAMS 0x0000000090000000, 0x0000000090000000| Untracked 
| 257|0x0000000090100000, 0x0000000090100000, 0x0000000090200000|  0%| F|  |TAMS 0x0000000090100000, 0x0000000090100000| Untracked 
| 258|0x0000000090200000, 0x0000000090200000, 0x0000000090300000|  0%| F|  |TAMS 0x0000000090200000, 0x0000000090200000| Untracked 
| 259|0x0000000090300000, 0x0000000090300000, 0x0000000090400000|  0%| F|  |TAMS 0x0000000090300000, 0x0000000090300000| Untracked 
| 260|0x0000000090400000, 0x0000000090400000, 0x0000000090500000|  0%| F|  |TAMS 0x0000000090400000, 0x0000000090400000| Untracked 
| 261|0x0000000090500000, 0x0000000090500000, 0x0000000090600000|  0%| F|  |TAMS 0x0000000090500000, 0x0000000090500000| Untracked 
| 262|0x0000000090600000, 0x0000000090600000, 0x0000000090700000|  0%| F|  |TAMS 0x0000000090600000, 0x0000000090600000| Untracked 
| 263|0x0000000090700000, 0x0000000090700000, 0x0000000090800000|  0%| F|  |TAMS 0x0000000090700000, 0x0000000090700000| Untracked 
| 264|0x0000000090800000, 0x0000000090800000, 0x0000000090900000|  0%| F|  |TAMS 0x0000000090800000, 0x0000000090800000| Untracked 
| 265|0x0000000090900000, 0x0000000090900000, 0x0000000090a00000|  0%| F|  |TAMS 0x0000000090900000, 0x0000000090900000| Untracked 
| 266|0x0000000090a00000, 0x0000000090a00000, 0x0000000090b00000|  0%| F|  |TAMS 0x0000000090a00000, 0x0000000090a00000| Untracked 
| 267|0x0000000090b00000, 0x0000000090b00000, 0x0000000090c00000|  0%| F|  |TAMS 0x0000000090b00000, 0x0000000090b00000| Untracked 
| 268|0x0000000090c00000, 0x0000000090c00000, 0x0000000090d00000|  0%| F|  |TAMS 0x0000000090c00000, 0x0000000090c00000| Untracked 
| 269|0x0000000090d00000, 0x0000000090d00000, 0x0000000090e00000|  0%| F|  |TAMS 0x0000000090d00000, 0x0000000090d00000| Untracked 
| 270|0x0000000090e00000, 0x0000000090e00000, 0x0000000090f00000|  0%| F|  |TAMS 0x0000000090e00000, 0x0000000090e00000| Untracked 
| 271|0x0000000090f00000, 0x0000000090f00000, 0x0000000091000000|  0%| F|  |TAMS 0x0000000090f00000, 0x0000000090f00000| Untracked 
| 272|0x0000000091000000, 0x0000000091000000, 0x0000000091100000|  0%| F|  |TAMS 0x0000000091000000, 0x0000000091000000| Untracked 
| 273|0x0000000091100000, 0x0000000091100000, 0x0000000091200000|  0%| F|  |TAMS 0x0000000091100000, 0x0000000091100000| Untracked 
| 274|0x0000000091200000, 0x0000000091200000, 0x0000000091300000|  0%| F|  |TAMS 0x0000000091200000, 0x0000000091200000| Untracked 
| 275|0x0000000091300000, 0x0000000091300000, 0x0000000091400000|  0%| F|  |TAMS 0x0000000091300000, 0x0000000091300000| Untracked 
| 276|0x0000000091400000, 0x0000000091400000, 0x0000000091500000|  0%| F|  |TAMS 0x0000000091400000, 0x0000000091400000| Untracked 
| 277|0x0000000091500000, 0x0000000091500000, 0x0000000091600000|  0%| F|  |TAMS 0x0000000091500000, 0x0000000091500000| Untracked 
| 278|0x0000000091600000, 0x0000000091600000, 0x0000000091700000|  0%| F|  |TAMS 0x0000000091600000, 0x0000000091600000| Untracked 
| 279|0x0000000091700000, 0x0000000091700000, 0x0000000091800000|  0%| F|  |TAMS 0x0000000091700000, 0x0000000091700000| Untracked 
| 280|0x0000000091800000, 0x0000000091800000, 0x0000000091900000|  0%| F|  |TAMS 0x0000000091800000, 0x0000000091800000| Untracked 
| 281|0x0000000091900000, 0x0000000091900000, 0x0000000091a00000|  0%| F|  |TAMS 0x0000000091900000, 0x0000000091900000| Untracked 
| 282|0x0000000091a00000, 0x0000000091a00000, 0x0000000091b00000|  0%| F|  |TAMS 0x0000000091a00000, 0x0000000091a00000| Untracked 
| 283|0x0000000091b00000, 0x0000000091b00000, 0x0000000091c00000|  0%| F|  |TAMS 0x0000000091b00000, 0x0000000091b00000| Untracked 
| 284|0x0000000091c00000, 0x0000000091c00000, 0x0000000091d00000|  0%| F|  |TAMS 0x0000000091c00000, 0x0000000091c00000| Untracked 
| 285|0x0000000091d00000, 0x0000000091d00000, 0x0000000091e00000|  0%| F|  |TAMS 0x0000000091d00000, 0x0000000091d00000| Untracked 
| 286|0x0000000091e00000, 0x0000000091e00000, 0x0000000091f00000|  0%| F|  |TAMS 0x0000000091e00000, 0x0000000091e00000| Untracked 
| 287|0x0000000091f00000, 0x0000000091f00000, 0x0000000092000000|  0%| F|  |TAMS 0x0000000091f00000, 0x0000000091f00000| Untracked 
| 288|0x0000000092000000, 0x0000000092000000, 0x0000000092100000|  0%| F|  |TAMS 0x0000000092000000, 0x0000000092000000| Untracked 
| 289|0x0000000092100000, 0x0000000092100000, 0x0000000092200000|  0%| F|  |TAMS 0x0000000092100000, 0x0000000092100000| Untracked 
| 290|0x0000000092200000, 0x0000000092200000, 0x0000000092300000|  0%| F|  |TAMS 0x0000000092200000, 0x0000000092200000| Untracked 
| 291|0x0000000092300000, 0x0000000092300000, 0x0000000092400000|  0%| F|  |TAMS 0x0000000092300000, 0x0000000092300000| Untracked 
| 292|0x0000000092400000, 0x0000000092400000, 0x0000000092500000|  0%| F|  |TAMS 0x0000000092400000, 0x0000000092400000| Untracked 
| 293|0x0000000092500000, 0x0000000092500000, 0x0000000092600000|  0%| F|  |TAMS 0x0000000092500000, 0x0000000092500000| Untracked 
| 294|0x0000000092600000, 0x0000000092600000, 0x0000000092700000|  0%| F|  |TAMS 0x0000000092600000, 0x0000000092600000| Untracked 
| 295|0x0000000092700000, 0x0000000092700000, 0x0000000092800000|  0%| F|  |TAMS 0x0000000092700000, 0x0000000092700000| Untracked 
| 296|0x0000000092800000, 0x0000000092800000, 0x0000000092900000|  0%| F|  |TAMS 0x0000000092800000, 0x0000000092800000| Untracked 
| 297|0x0000000092900000, 0x0000000092900000, 0x0000000092a00000|  0%| F|  |TAMS 0x0000000092900000, 0x0000000092900000| Untracked 
| 298|0x0000000092a00000, 0x0000000092a00000, 0x0000000092b00000|  0%| F|  |TAMS 0x0000000092a00000, 0x0000000092a00000| Untracked 
| 299|0x0000000092b00000, 0x0000000092b00000, 0x0000000092c00000|  0%| F|  |TAMS 0x0000000092b00000, 0x0000000092b00000| Untracked 
| 300|0x0000000092c00000, 0x0000000092c00000, 0x0000000092d00000|  0%| F|  |TAMS 0x0000000092c00000, 0x0000000092c00000| Untracked 
| 301|0x0000000092d00000, 0x0000000092d00000, 0x0000000092e00000|  0%| F|  |TAMS 0x0000000092d00000, 0x0000000092d00000| Untracked 
| 302|0x0000000092e00000, 0x0000000092e00000, 0x0000000092f00000|  0%| F|  |TAMS 0x0000000092e00000, 0x0000000092e00000| Untracked 
| 303|0x0000000092f00000, 0x0000000092f00000, 0x0000000093000000|  0%| F|  |TAMS 0x0000000092f00000, 0x0000000092f00000| Untracked 
| 304|0x0000000093000000, 0x0000000093000000, 0x0000000093100000|  0%| F|  |TAMS 0x0000000093000000, 0x0000000093000000| Untracked 
| 305|0x0000000093100000, 0x0000000093100000, 0x0000000093200000|  0%| F|  |TAMS 0x0000000093100000, 0x0000000093100000| Untracked 
| 306|0x0000000093200000, 0x0000000093200000, 0x0000000093300000|  0%| F|  |TAMS 0x0000000093200000, 0x0000000093200000| Untracked 
| 307|0x0000000093300000, 0x0000000093300000, 0x0000000093400000|  0%| F|  |TAMS 0x0000000093300000, 0x0000000093300000| Untracked 
| 308|0x0000000093400000, 0x0000000093400000, 0x0000000093500000|  0%| F|  |TAMS 0x0000000093400000, 0x0000000093400000| Untracked 
| 309|0x0000000093500000, 0x0000000093500000, 0x0000000093600000|  0%| F|  |TAMS 0x0000000093500000, 0x0000000093500000| Untracked 
| 310|0x0000000093600000, 0x0000000093600000, 0x0000000093700000|  0%| F|  |TAMS 0x0000000093600000, 0x0000000093600000| Untracked 
| 311|0x0000000093700000, 0x0000000093700000, 0x0000000093800000|  0%| F|  |TAMS 0x0000000093700000, 0x0000000093700000| Untracked 
| 312|0x0000000093800000, 0x0000000093800000, 0x0000000093900000|  0%| F|  |TAMS 0x0000000093800000, 0x0000000093800000| Untracked 
| 313|0x0000000093900000, 0x0000000093900000, 0x0000000093a00000|  0%| F|  |TAMS 0x0000000093900000, 0x0000000093900000| Untracked 
| 314|0x0000000093a00000, 0x0000000093a00000, 0x0000000093b00000|  0%| F|  |TAMS 0x0000000093a00000, 0x0000000093a00000| Untracked 
| 315|0x0000000093b00000, 0x0000000093b00000, 0x0000000093c00000|  0%| F|  |TAMS 0x0000000093b00000, 0x0000000093b00000| Untracked 
| 316|0x0000000093c00000, 0x0000000093c00000, 0x0000000093d00000|  0%| F|  |TAMS 0x0000000093c00000, 0x0000000093c00000| Untracked 
| 317|0x0000000093d00000, 0x0000000093d00000, 0x0000000093e00000|  0%| F|  |TAMS 0x0000000093d00000, 0x0000000093d00000| Untracked 
| 318|0x0000000093e00000, 0x0000000093e00000, 0x0000000093f00000|  0%| F|  |TAMS 0x0000000093e00000, 0x0000000093e00000| Untracked 
| 319|0x0000000093f00000, 0x0000000093f00000, 0x0000000094000000|  0%| F|  |TAMS 0x0000000093f00000, 0x0000000093f00000| Untracked 
| 320|0x0000000094000000, 0x0000000094000000, 0x0000000094100000|  0%| F|  |TAMS 0x0000000094000000, 0x0000000094000000| Untracked 
| 321|0x0000000094100000, 0x0000000094100000, 0x0000000094200000|  0%| F|  |TAMS 0x0000000094100000, 0x0000000094100000| Untracked 
| 322|0x0000000094200000, 0x0000000094200000, 0x0000000094300000|  0%| F|  |TAMS 0x0000000094200000, 0x0000000094200000| Untracked 
| 323|0x0000000094300000, 0x0000000094300000, 0x0000000094400000|  0%| F|  |TAMS 0x0000000094300000, 0x0000000094300000| Untracked 
| 324|0x0000000094400000, 0x0000000094400000, 0x0000000094500000|  0%| F|  |TAMS 0x0000000094400000, 0x0000000094400000| Untracked 
| 325|0x0000000094500000, 0x0000000094500000, 0x0000000094600000|  0%| F|  |TAMS 0x0000000094500000, 0x0000000094500000| Untracked 
| 326|0x0000000094600000, 0x0000000094600000, 0x0000000094700000|  0%| F|  |TAMS 0x0000000094600000, 0x0000000094600000| Untracked 
| 327|0x0000000094700000, 0x0000000094700000, 0x0000000094800000|  0%| F|  |TAMS 0x0000000094700000, 0x0000000094700000| Untracked 
| 328|0x0000000094800000, 0x0000000094800000, 0x0000000094900000|  0%| F|  |TAMS 0x0000000094800000, 0x0000000094800000| Untracked 
| 329|0x0000000094900000, 0x0000000094900000, 0x0000000094a00000|  0%| F|  |TAMS 0x0000000094900000, 0x0000000094900000| Untracked 
| 330|0x0000000094a00000, 0x0000000094a00000, 0x0000000094b00000|  0%| F|  |TAMS 0x0000000094a00000, 0x0000000094a00000| Untracked 
| 331|0x0000000094b00000, 0x0000000094b00000, 0x0000000094c00000|  0%| F|  |TAMS 0x0000000094b00000, 0x0000000094b00000| Untracked 
| 332|0x0000000094c00000, 0x0000000094c00000, 0x0000000094d00000|  0%| F|  |TAMS 0x0000000094c00000, 0x0000000094c00000| Untracked 
| 333|0x0000000094d00000, 0x0000000094d00000, 0x0000000094e00000|  0%| F|  |TAMS 0x0000000094d00000, 0x0000000094d00000| Untracked 
| 334|0x0000000094e00000, 0x0000000094e00000, 0x0000000094f00000|  0%| F|  |TAMS 0x0000000094e00000, 0x0000000094e00000| Untracked 
| 335|0x0000000094f00000, 0x0000000094f00000, 0x0000000095000000|  0%| F|  |TAMS 0x0000000094f00000, 0x0000000094f00000| Untracked 
| 336|0x0000000095000000, 0x0000000095000000, 0x0000000095100000|  0%| F|  |TAMS 0x0000000095000000, 0x0000000095000000| Untracked 
| 337|0x0000000095100000, 0x0000000095100000, 0x0000000095200000|  0%| F|  |TAMS 0x0000000095100000, 0x0000000095100000| Untracked 
| 338|0x0000000095200000, 0x0000000095200000, 0x0000000095300000|  0%| F|  |TAMS 0x0000000095200000, 0x0000000095200000| Untracked 
| 339|0x0000000095300000, 0x0000000095300000, 0x0000000095400000|  0%| F|  |TAMS 0x0000000095300000, 0x0000000095300000| Untracked 
| 340|0x0000000095400000, 0x0000000095400000, 0x0000000095500000|  0%| F|  |TAMS 0x0000000095400000, 0x0000000095400000| Untracked 
| 341|0x0000000095500000, 0x0000000095500000, 0x0000000095600000|  0%| F|  |TAMS 0x0000000095500000, 0x0000000095500000| Untracked 
| 342|0x0000000095600000, 0x0000000095600000, 0x0000000095700000|  0%| F|  |TAMS 0x0000000095600000, 0x0000000095600000| Untracked 
| 343|0x0000000095700000, 0x0000000095700000, 0x0000000095800000|  0%| F|  |TAMS 0x0000000095700000, 0x0000000095700000| Untracked 
| 344|0x0000000095800000, 0x0000000095800000, 0x0000000095900000|  0%| F|  |TAMS 0x0000000095800000, 0x0000000095800000| Untracked 
| 345|0x0000000095900000, 0x0000000095900000, 0x0000000095a00000|  0%| F|  |TAMS 0x0000000095900000, 0x0000000095900000| Untracked 
| 346|0x0000000095a00000, 0x0000000095a00000, 0x0000000095b00000|  0%| F|  |TAMS 0x0000000095a00000, 0x0000000095a00000| Untracked 
| 347|0x0000000095b00000, 0x0000000095b00000, 0x0000000095c00000|  0%| F|  |TAMS 0x0000000095b00000, 0x0000000095b00000| Untracked 
| 348|0x0000000095c00000, 0x0000000095c00000, 0x0000000095d00000|  0%| F|  |TAMS 0x0000000095c00000, 0x0000000095c00000| Untracked 
| 349|0x0000000095d00000, 0x0000000095d00000, 0x0000000095e00000|  0%| F|  |TAMS 0x0000000095d00000, 0x0000000095d00000| Untracked 
| 350|0x0000000095e00000, 0x0000000095e00000, 0x0000000095f00000|  0%| F|  |TAMS 0x0000000095e00000, 0x0000000095e00000| Untracked 
| 351|0x0000000095f00000, 0x0000000095f00000, 0x0000000096000000|  0%| F|  |TAMS 0x0000000095f00000, 0x0000000095f00000| Untracked 
| 352|0x0000000096000000, 0x0000000096000000, 0x0000000096100000|  0%| F|  |TAMS 0x0000000096000000, 0x0000000096000000| Untracked 
| 353|0x0000000096100000, 0x0000000096100000, 0x0000000096200000|  0%| F|  |TAMS 0x0000000096100000, 0x0000000096100000| Untracked 
| 354|0x0000000096200000, 0x0000000096200000, 0x0000000096300000|  0%| F|  |TAMS 0x0000000096200000, 0x0000000096200000| Untracked 
| 355|0x0000000096300000, 0x0000000096300000, 0x0000000096400000|  0%| F|  |TAMS 0x0000000096300000, 0x0000000096300000| Untracked 
| 356|0x0000000096400000, 0x0000000096400000, 0x0000000096500000|  0%| F|  |TAMS 0x0000000096400000, 0x0000000096400000| Untracked 
| 357|0x0000000096500000, 0x00000000965b1240, 0x0000000096600000| 69%| S|CS|TAMS 0x0000000096500000, 0x0000000096500000| Complete 
| 358|0x0000000096600000, 0x0000000096700000, 0x0000000096700000|100%| S|CS|TAMS 0x0000000096600000, 0x0000000096600000| Complete 
| 359|0x0000000096700000, 0x0000000096700000, 0x0000000096800000|  0%| F|  |TAMS 0x0000000096700000, 0x0000000096700000| Untracked 
| 360|0x0000000096800000, 0x0000000096800000, 0x0000000096900000|  0%| F|  |TAMS 0x0000000096800000, 0x0000000096800000| Untracked 
| 361|0x0000000096900000, 0x0000000096900000, 0x0000000096a00000|  0%| F|  |TAMS 0x0000000096900000, 0x0000000096900000| Untracked 
| 362|0x0000000096a00000, 0x0000000096a00000, 0x0000000096b00000|  0%| F|  |TAMS 0x0000000096a00000, 0x0000000096a00000| Untracked 
| 363|0x0000000096b00000, 0x0000000096b00000, 0x0000000096c00000|  0%| F|  |TAMS 0x0000000096b00000, 0x0000000096b00000| Untracked 
| 364|0x0000000096c00000, 0x0000000096c00000, 0x0000000096d00000|  0%| F|  |TAMS 0x0000000096c00000, 0x0000000096c00000| Untracked 
| 365|0x0000000096d00000, 0x0000000096d00000, 0x0000000096e00000|  0%| F|  |TAMS 0x0000000096d00000, 0x0000000096d00000| Untracked 
| 366|0x0000000096e00000, 0x0000000096e00000, 0x0000000096f00000|  0%| F|  |TAMS 0x0000000096e00000, 0x0000000096e00000| Untracked 

Card table byte_map: [0x0000021976020000,0x0000021976420000] _byte_map_base: 0x0000021975c20000

Marking Bits (Prev, Next): (CMBitMap*) 0x0000021960eafe98, (CMBitMap*) 0x0000021960eafed0
 Prev Bits: [0x0000021976820000, 0x0000021978820000)
 Next Bits: [0x0000021978820000, 0x000002197a820000)

Polling page: 0x0000021960f50000

Metaspace:

Usage:
  Non-class:    111.75 MB capacity,   109.50 MB ( 98%) used,     1.81 MB (  2%) free+waste,   447.25 KB ( <1%) overhead. 
      Class:     17.65 MB capacity,    16.24 MB ( 92%) used,     1.21 MB (  7%) free+waste,   207.50 KB (  1%) overhead. 
       Both:    129.40 MB capacity,   125.74 MB ( 97%) used,     3.02 MB (  2%) free+waste,   654.75 KB ( <1%) overhead. 

Virtual space:
  Non-class space:      112.00 MB reserved,     111.87 MB (>99%) committed 
      Class space:        1.00 GB reserved,      17.75 MB (  2%) committed 
             Both:        1.11 GB reserved,     129.62 MB ( 11%) committed 

Chunk freelists:
   Non-Class:  1.00 KB
       Class:  3.00 KB
        Both:  4.00 KB

MaxMetaspaceSize: 17179869184.00 GB
CompressedClassSpaceSize: 1.00 GB

CodeHeap 'non-profiled nmethods': size=120000Kb used=9293Kb max_used=9293Kb free=110706Kb
 bounds [0x000002196dc60000, 0x000002196e580000, 0x0000021975190000]
CodeHeap 'profiled nmethods': size=120000Kb used=35583Kb max_used=35583Kb free=84416Kb
 bounds [0x0000021966730000, 0x00000219689f0000, 0x000002196dc60000]
CodeHeap 'non-nmethods': size=5760Kb used=2355Kb max_used=2394Kb free=3404Kb
 bounds [0x0000021966190000, 0x0000021966400000, 0x0000021966730000]
 total_blobs=17748 nmethods=16769 adapters=888
 compilation: enabled
              stopped_count=0, restarted_count=0
 full_count=0

Compilation events (20 events):
Event: 56.999 Thread 0x000002197d31d000 17053       3       org.gradle.api.tasks.util.PatternSet::getExcludeSpecs (19 bytes)
Event: 57.000 Thread 0x000002197d31d000 nmethod 17053 0x00000219689ec510 code [0x00000219689ec740, 0x00000219689ecd08]
Event: 57.000 Thread 0x000002197d31d000 17058       1       java.nio.file.FileTreeWalker$DirectoryNode::key (5 bytes)
Event: 57.000 Thread 0x000002197d31d000 nmethod 17058 0x000002196e572f10 code [0x000002196e5730c0, 0x000002196e573178]
Event: 57.000 Thread 0x000002197d31d000 17055       1       java.util.EnumMap::size (5 bytes)
Event: 57.000 Thread 0x000002197d31d000 nmethod 17055 0x000002196e573210 code [0x000002196e5733c0, 0x000002196e573478]
Event: 57.001 Thread 0x000002197d31d000 17059       3       java.util.LinkedHashSet::<init> (27 bytes)
Event: 57.001 Thread 0x000002197d31d000 nmethod 17059 0x00000219689ecf10 code [0x00000219689ed140, 0x00000219689ed768]
Event: 57.001 Thread 0x000002197d31d000 17060       3       java.util.EnumMap::get (29 bytes)
Event: 57.002 Thread 0x000002197d31d000 nmethod 17060 0x00000219689eda10 code [0x00000219689edc00, 0x00000219689edfa8]
Event: 57.002 Thread 0x000002197d31d000 17061       3       org.gradle.api.internal.file.collections.DefaultDirectoryWalker$PathVisitor::checkStopFlag (20 bytes)
Event: 57.002 Thread 0x000002197d31d000 nmethod 17061 0x00000219689ee110 code [0x00000219689ee2e0, 0x00000219689ee518]
Event: 57.002 Thread 0x000002197d31d000 17062       3       org.gradle.api.internal.file.collections.FileTreeAdapter::visitContents (12 bytes)
Event: 57.003 Thread 0x000002197d31d000 nmethod 17062 0x00000219689ee610 code [0x00000219689ee7e0, 0x00000219689eea68]
Event: 57.003 Thread 0x000002197d31d000 17063       3       com.google.common.base.Joiner::toString (24 bytes)
Event: 57.003 Thread 0x000002197d31d000 nmethod 17063 0x00000219689eeb90 code [0x00000219689eed80, 0x00000219689ef2f8]
Event: 57.008 Thread 0x000002197d31d000 17064       3       com.sun.tools.javac.main.Option::hasArg (16 bytes)
Event: 57.009 Thread 0x000002197d31d000 nmethod 17064 0x00000219689ef490 code [0x00000219689ef640, 0x00000219689ef7b8]
Event: 57.016 Thread 0x000002197d31d000 17065       3       com.sun.tools.javac.util.StringUtils::toLowerCase (8 bytes)
Event: 57.016 Thread 0x000002197d31d000 nmethod 17065 0x00000219689ef890 code [0x00000219689efa80, 0x00000219689efd78]

GC Heap History (20 events):
Event: 26.005 GC heap after
{Heap after GC invocations=44 (full 0):
 garbage-first heap   total 189440K, used 170715K [0x0000000080000000, 0x0000000100000000)
  region size 1024K, 2 young (2048K), 2 survivors (2048K)
 Metaspace       used 110075K, capacity 112467K, committed 112764K, reserved 1146880K
  class space    used 13899K, capacity 14773K, committed 14848K, reserved 1048576K
}
Event: 26.052 GC heap before
{Heap before GC invocations=44 (full 0):
 garbage-first heap   total 189440K, used 176859K [0x0000000080000000, 0x0000000100000000)
  region size 1024K, 9 young (9216K), 2 survivors (2048K)
 Metaspace       used 110075K, capacity 112467K, committed 112764K, reserved 1146880K
  class space    used 13899K, capacity 14773K, committed 14848K, reserved 1048576K
}
Event: 26.057 GC heap after
{Heap after GC invocations=45 (full 0):
 garbage-first heap   total 189440K, used 178176K [0x0000000080000000, 0x0000000100000000)
  region size 1024K, 2 young (2048K), 2 survivors (2048K)
 Metaspace       used 110075K, capacity 112467K, committed 112764K, reserved 1146880K
  class space    used 13899K, capacity 14773K, committed 14848K, reserved 1048576K
}
Event: 26.072 GC heap before
{Heap before GC invocations=46 (full 0):
 garbage-first heap   total 189440K, used 185344K [0x0000000080000000, 0x0000000100000000)
  region size 1024K, 9 young (9216K), 2 survivors (2048K)
 Metaspace       used 110075K, capacity 112467K, committed 112764K, reserved 1146880K
  class space    used 13899K, capacity 14773K, committed 14848K, reserved 1048576K
}
Event: 26.079 GC heap after
{Heap after GC invocations=47 (full 0):
 garbage-first heap   total 233472K, used 184483K [0x0000000080000000, 0x0000000100000000)
  region size 1024K, 2 young (2048K), 2 survivors (2048K)
 Metaspace       used 110075K, capacity 112467K, committed 112764K, reserved 1146880K
  class space    used 13899K, capacity 14773K, committed 14848K, reserved 1048576K
}
Event: 26.101 GC heap before
{Heap before GC invocations=47 (full 0):
 garbage-first heap   total 233472K, used 193699K [0x0000000080000000, 0x0000000100000000)
  region size 1024K, 11 young (11264K), 2 survivors (2048K)
 Metaspace       used 110075K, capacity 112467K, committed 112764K, reserved 1146880K
  class space    used 13899K, capacity 14773K, committed 14848K, reserved 1048576K
}
Event: 26.110 GC heap after
{Heap after GC invocations=48 (full 0):
 garbage-first heap   total 233472K, used 190889K [0x0000000080000000, 0x0000000100000000)
  region size 1024K, 2 young (2048K), 2 survivors (2048K)
 Metaspace       used 110075K, capacity 112467K, committed 112764K, reserved 1146880K
  class space    used 13899K, capacity 14773K, committed 14848K, reserved 1048576K
}
Event: 26.155 GC heap before
{Heap before GC invocations=48 (full 0):
 garbage-first heap   total 233472K, used 200105K [0x0000000080000000, 0x0000000100000000)
  region size 1024K, 11 young (11264K), 2 survivors (2048K)
 Metaspace       used 110104K, capacity 112470K, committed 112764K, reserved 1146880K
  class space    used 13900K, capacity 14773K, committed 14848K, reserved 1048576K
}
Event: 26.162 GC heap after
{Heap after GC invocations=49 (full 0):
 garbage-first heap   total 233472K, used 196608K [0x0000000080000000, 0x0000000100000000)
  region size 1024K, 2 young (2048K), 2 survivors (2048K)
 Metaspace       used 110104K, capacity 112470K, committed 112764K, reserved 1146880K
  class space    used 13900K, capacity 14773K, committed 14848K, reserved 1048576K
}
Event: 26.389 GC heap before
{Heap before GC invocations=49 (full 0):
 garbage-first heap   total 233472K, used 161792K [0x0000000080000000, 0x0000000100000000)
  region size 1024K, 11 young (11264K), 2 survivors (2048K)
 Metaspace       used 111206K, capacity 113636K, committed 113916K, reserved 1148928K
  class space    used 14025K, capacity 14905K, committed 14976K, reserved 1048576K
}
Event: 26.393 GC heap after
{Heap after GC invocations=50 (full 0):
 garbage-first heap   total 233472K, used 153736K [0x0000000080000000, 0x0000000100000000)
  region size 1024K, 2 young (2048K), 2 survivors (2048K)
 Metaspace       used 111206K, capacity 113636K, committed 113916K, reserved 1148928K
  class space    used 14025K, capacity 14905K, committed 14976K, reserved 1048576K
}
Event: 26.620 GC heap before
{Heap before GC invocations=51 (full 0):
 garbage-first heap   total 233472K, used 172168K [0x0000000080000000, 0x0000000100000000)
  region size 1024K, 21 young (21504K), 2 survivors (2048K)
 Metaspace       used 111950K, capacity 114440K, committed 114556K, reserved 1148928K
  class space    used 14097K, capacity 15045K, committed 15104K, reserved 1048576K
}
Event: 26.657 GC heap after
{Heap after GC invocations=52 (full 0):
 garbage-first heap   total 375808K, used 155170K [0x0000000080000000, 0x0000000100000000)
  region size 1024K, 3 young (3072K), 3 survivors (3072K)
 Metaspace       used 111950K, capacity 114440K, committed 114556K, reserved 1148928K
  class space    used 14097K, capacity 15045K, committed 15104K, reserved 1048576K
}
Event: 26.800 GC heap before
{Heap before GC invocations=52 (full 0):
 garbage-first heap   total 375808K, used 169506K [0x0000000080000000, 0x0000000100000000)
  region size 1024K, 18 young (18432K), 3 survivors (3072K)
 Metaspace       used 112016K, capacity 114456K, committed 114556K, reserved 1148928K
  class space    used 14106K, capacity 15047K, committed 15104K, reserved 1048576K
}
Event: 26.810 GC heap after
{Heap after GC invocations=53 (full 0):
 garbage-first heap   total 375808K, used 143803K [0x0000000080000000, 0x0000000100000000)
  region size 1024K, 3 young (3072K), 3 survivors (3072K)
 Metaspace       used 112016K, capacity 114456K, committed 114556K, reserved 1148928K
  class space    used 14106K, capacity 15047K, committed 15104K, reserved 1048576K
}
Event: 28.492 GC heap before
{Heap before GC invocations=53 (full 0):
 garbage-first heap   total 375808K, used 219579K [0x0000000080000000, 0x0000000100000000)
  region size 1024K, 78 young (79872K), 3 survivors (3072K)
 Metaspace       used 124027K, capacity 127532K, committed 127740K, reserved 1159168K
  class space    used 16047K, capacity 17428K, committed 17536K, reserved 1048576K
}
Event: 28.522 GC heap after
{Heap after GC invocations=54 (full 0):
 garbage-first heap   total 375808K, used 147487K [0x0000000080000000, 0x0000000100000000)
  region size 1024K, 7 young (7168K), 7 survivors (7168K)
 Metaspace       used 124027K, capacity 127532K, committed 127740K, reserved 1159168K
  class space    used 16047K, capacity 17428K, committed 17536K, reserved 1048576K
}
Event: 56.365 GC heap before
{Heap before GC invocations=54 (full 0):
 garbage-first heap   total 375808K, used 249887K [0x0000000080000000, 0x0000000100000000)
  region size 1024K, 98 young (100352K), 7 survivors (7168K)
 Metaspace       used 128388K, capacity 132128K, committed 132348K, reserved 1163264K
  class space    used 16592K, capacity 18037K, committed 18048K, reserved 1048576K
}
Event: 56.469 GC heap after
{Heap after GC invocations=55 (full 0):
 garbage-first heap   total 375808K, used 152450K [0x0000000080000000, 0x0000000100000000)
  region size 1024K, 12 young (12288K), 12 survivors (12288K)
 Metaspace       used 128388K, capacity 132128K, committed 132348K, reserved 1163264K
  class space    used 16592K, capacity 18037K, committed 18048K, reserved 1048576K
}
Event: 57.023 GC heap before
{Heap before GC invocations=55 (full 0):
 garbage-first heap   total 375808K, used 159618K [0x0000000080000000, 0x0000000100000000)
  region size 1024K, 20 young (20480K), 12 survivors (12288K)
 Metaspace       used 128756K, capacity 132504K, committed 132732K, reserved 1163264K
  class space    used 16628K, capacity 18077K, committed 18176K, reserved 1048576K
}

Deoptimization events (20 events):
Event: 56.986 Thread 0x000002197f587800 Uncommon trap: trap_request=0xffffffde fr.pc=0x000002196e56d9f4 relative=0x0000000000000134
Event: 56.986 Thread 0x000002197f587800 Uncommon trap: reason=class_check action=maybe_recompile pc=0x000002196e56d9f4 method=org.gradle.api.internal.file.pattern.FixedStepPathMatcher.matches([Ljava/lang/String;I)Z @ 48 c2
Event: 56.986 Thread 0x000002197f587800 DEOPT PACKING pc=0x000002196e56d9f4 sp=0x0000007aae4f5c30
Event: 56.986 Thread 0x000002197f587800 DEOPT UNPACKING pc=0x00000219661b78af sp=0x0000007aae4f5bb0 mode 2
Event: 56.986 Thread 0x000002197f587800 Uncommon trap: trap_request=0xffffffde fr.pc=0x000002196e56d9f4 relative=0x0000000000000134
Event: 56.986 Thread 0x000002197f587800 Uncommon trap: reason=class_check action=maybe_recompile pc=0x000002196e56d9f4 method=org.gradle.api.internal.file.pattern.FixedStepPathMatcher.matches([Ljava/lang/String;I)Z @ 48 c2
Event: 56.986 Thread 0x000002197f587800 DEOPT PACKING pc=0x000002196e56d9f4 sp=0x0000007aae4f5b90
Event: 56.986 Thread 0x000002197f587800 DEOPT UNPACKING pc=0x00000219661b78af sp=0x0000007aae4f5b28 mode 2
Event: 56.986 Thread 0x000002197f587800 Uncommon trap: trap_request=0xffffffde fr.pc=0x000002196e56d9f4 relative=0x0000000000000134
Event: 56.986 Thread 0x000002197f587800 Uncommon trap: reason=class_check action=maybe_recompile pc=0x000002196e56d9f4 method=org.gradle.api.internal.file.pattern.FixedStepPathMatcher.matches([Ljava/lang/String;I)Z @ 48 c2
Event: 56.986 Thread 0x000002197f587800 DEOPT PACKING pc=0x000002196e56d9f4 sp=0x0000007aae4f5b10
Event: 56.986 Thread 0x000002197f587800 DEOPT UNPACKING pc=0x00000219661b78af sp=0x0000007aae4f5aa8 mode 2
Event: 56.986 Thread 0x000002197f587800 Uncommon trap: trap_request=0xffffffde fr.pc=0x000002196e56d9f4 relative=0x0000000000000134
Event: 56.986 Thread 0x000002197f587800 Uncommon trap: reason=class_check action=maybe_recompile pc=0x000002196e56d9f4 method=org.gradle.api.internal.file.pattern.FixedStepPathMatcher.matches([Ljava/lang/String;I)Z @ 48 c2
Event: 56.986 Thread 0x000002197f587800 DEOPT PACKING pc=0x000002196e56d9f4 sp=0x0000007aae4f5c30
Event: 56.986 Thread 0x000002197f587800 DEOPT UNPACKING pc=0x00000219661b78af sp=0x0000007aae4f5bb0 mode 2
Event: 57.009 Thread 0x000002197f587800 Uncommon trap: trap_request=0xffffff4d fr.pc=0x000002196e3b4fe8 relative=0x0000000000004408
Event: 57.009 Thread 0x000002197f587800 Uncommon trap: reason=unstable_if action=reinterpret pc=0x000002196e3b4fe8 method=java.util.regex.Pattern.split(Ljava/lang/CharSequence;I)[Ljava/lang/String; @ 230 c2
Event: 57.009 Thread 0x000002197f587800 DEOPT PACKING pc=0x000002196e3b4fe8 sp=0x0000007aae4f60b0
Event: 57.009 Thread 0x000002197f587800 DEOPT UNPACKING pc=0x00000219661b78af sp=0x0000007aae4f6038 mode 2

Classes redefined (0 events):
No events

Internal exceptions (20 events):
Event: 29.152 Thread 0x000002197df1c800 Exception <a 'sun/nio/fs/WindowsException'{0x0000000095a75ee0}> (0x0000000095a75ee0) thrown at [./src/hotspot/share/prims/jni.cpp, line 615]
Event: 29.158 Thread 0x000002197df1c800 Implicit null exception at 0x000002196ddb3ea4 to 0x000002196ddb79b4
Event: 29.226 Thread 0x000002197df1c800 Exception <a 'java/lang/NoSuchMethodError'{0x000000009567d028}: 'java.lang.Object java.lang.invoke.DirectMethodHandle$Holder.invokeStatic(java.lang.Object, java.lang.Object, java.lang.Object, java.lang.Object, java.lang.Object, int, java.lang.Object)'> (0x000000009567d028) thrown at [./src/hotspot/share/interpreter/linkResolver.cpp, line 773]
Event: 29.286 Thread 0x000002197df1c800 Exception <a 'java/lang/NoSuchMethodError'{0x0000000095269d70}: 'java.lang.Object java.lang.invoke.DirectMethodHandle$Holder.invokeStatic(java.lang.Object, java.lang.Object, java.lang.Object, java.lang.Object, java.lang.Object, java.lang.Object, java.lang.Object, int)'> (0x0000000095269d70) thrown at [./src/hotspot/share/interpreter/linkResolver.cpp, line 773]
Event: 29.286 Thread 0x000002197df1c800 Exception <a 'java/lang/NoSuchMethodError'{0x000000009526e1a8}: 'java.lang.Object java.lang.invoke.DirectMethodHandle$Holder.invokeSpecial(java.lang.Object, java.lang.Object, java.lang.Object, java.lang.Object, java.lang.Object, java.lang.Object, java.lang.Object, java.lang.Object, int)'> (0x000000009526e1a8) thrown at [./src/hotspot/share/interpreter/linkResolver.cpp, line 773]
Event: 29.286 Thread 0x000002197df1c800 Exception <a 'java/lang/NoSuchMethodError'{0x0000000095271f60}: 'java.lang.Object java.lang.invoke.Invokers$Holder.linkToTargetMethod(java.lang.Object, java.lang.Object, java.lang.Object, java.lang.Object, java.lang.Object, java.lang.Object, int, java.lang.Object)'> (0x0000000095271f60) thrown at [./src/hotspot/share/interpreter/linkResolver.cpp, line 773]
Event: 30.571 Thread 0x000002197df1c800 Implicit null exception at 0x000002196dce056b to 0x000002196dce058c
Event: 30.704 Thread 0x000002197f587800 Exception <a 'java/lang/NoSuchMethodError'{0x00000000944b81d0}: 'java.lang.Object java.lang.invoke.DirectMethodHandle$Holder.invokeSpecial(java.lang.Object, java.lang.Object, java.lang.Object, java.lang.Object, int, java.lang.Object, java.lang.Object)'> (0x00000000944b81d0) thrown at [./src/hotspot/share/interpreter/linkResolver.cpp, line 773]
Event: 34.397 Thread 0x000002197ee56800 Implicit null exception at 0x000002196dcaacf4 to 0x000002196dcab208
Event: 34.398 Thread 0x000002197ee56800 Implicit null exception at 0x000002196dfdec14 to 0x000002196dfdf1e8
Event: 55.706 Thread 0x000002197f587800 Exception <a 'sun/nio/fs/WindowsException'{0x0000000092dd4918}> (0x0000000092dd4918) thrown at [./src/hotspot/share/prims/jni.cpp, line 615]
Event: 55.818 Thread 0x000002197f587800 Exception <a 'java/lang/NoClassDefFoundError'{0x0000000092ab2b98}: org/jetbrains/kotlin/gradle/plugin/KotlinBasePluginWrapper> (0x0000000092ab2b98) thrown at [./src/hotspot/share/oops/constantPool.cpp, line 775]
Event: 55.818 Thread 0x000002197f587800 Exception <a 'java/lang/NoClassDefFoundError'{0x0000000092ab3d70}: org/jetbrains/kotlin/gradle/plugin/KotlinBasePluginWrapper> (0x0000000092ab3d70) thrown at [./src/hotspot/share/oops/constantPool.cpp, line 775]
Event: 55.821 Thread 0x000002197f587800 Implicit null exception at 0x000002196e51e2e6 to 0x000002196e51ebac
Event: 55.822 Thread 0x000002197f587800 Implicit null exception at 0x000002196e515bd2 to 0x000002196e515fd8
Event: 55.872 Thread 0x000002197f587800 Exception <a 'sun/nio/fs/WindowsException'{0x00000000929a5df0}> (0x00000000929a5df0) thrown at [./src/hotspot/share/prims/jni.cpp, line 615]
Event: 55.887 Thread 0x000002197f587800 Exception <a 'sun/nio/fs/WindowsException'{0x0000000092844f08}> (0x0000000092844f08) thrown at [./src/hotspot/share/prims/jni.cpp, line 615]
Event: 55.887 Thread 0x000002197f587800 Exception <a 'sun/nio/fs/WindowsException'{0x0000000092846018}> (0x0000000092846018) thrown at [./src/hotspot/share/prims/jni.cpp, line 615]
Event: 55.887 Thread 0x000002197f587800 Exception <a 'sun/nio/fs/WindowsException'{0x0000000092847418}> (0x0000000092847418) thrown at [./src/hotspot/share/prims/jni.cpp, line 615]
Event: 55.887 Thread 0x000002197f587800 Exception <a 'sun/nio/fs/WindowsException'{0x0000000092848578}> (0x0000000092848578) thrown at [./src/hotspot/share/prims/jni.cpp, line 615]

Events (20 events):
Event: 56.786 loading class it/unimi/dsi/fastutil/ints/IntOpenHashSet$SetIterator done
Event: 56.981 loading class org/gradle/api/internal/tasks/compile/incremental/recomp/RecompilationSpec
Event: 56.981 loading class org/gradle/api/internal/tasks/compile/incremental/recomp/RecompilationSpec done
Event: 56.981 loading class org/gradle/api/internal/tasks/compile/incremental/processing/AnnotationProcessingData
Event: 56.981 loading class org/gradle/api/internal/tasks/compile/incremental/processing/AnnotationProcessingData done
Event: 56.982 loading class org/gradle/api/tasks/util/PatternSet
Event: 56.982 loading class org/gradle/api/tasks/util/PatternSet done
Event: 56.983 loading class org/gradle/api/tasks/util/PatternSet
Event: 56.983 loading class org/gradle/api/tasks/util/PatternSet done
Event: 56.983 loading class org/gradle/api/tasks/util/PatternFilterable
Event: 56.983 loading class org/gradle/api/tasks/util/PatternFilterable done
Event: 56.983 loading class org/gradle/api/tasks/util/PatternSet
Event: 56.983 loading class org/gradle/api/tasks/util/PatternSet done
Event: 56.984 loading class org/gradle/api/internal/file/CompositeFileTree
Event: 56.984 loading class org/gradle/api/internal/file/CompositeFileTree done
Event: 56.984 loading class org/gradle/api/internal/file/FileCollectionInternal
Event: 56.984 loading class org/gradle/api/internal/file/FileCollectionInternal done
Event: 56.988 loading class org/gradle/internal/execution/history/OutputsCleaner$1
Event: 56.988 loading class org/gradle/internal/execution/history/OutputsCleaner$1 done
Event: 57.023 Executing VM operation: G1CollectForAllocation


Dynamic libraries:
0x00007ff635010000 - 0x00007ff63501a000 	C:\Program Files\Android\Android Studio\jre\bin\java.exe
0x00007ff8df070000 - 0x00007ff8df265000 	C:\WINDOWS\SYSTEM32\ntdll.dll
0x00007ff8de6b0000 - 0x00007ff8de76d000 	C:\WINDOWS\System32\KERNEL32.DLL
0x00007ff8dc940000 - 0x00007ff8dcc09000 	C:\WINDOWS\System32\KERNELBASE.dll
0x00007ff8dced0000 - 0x00007ff8dcfd0000 	C:\WINDOWS\System32\ucrtbase.dll
0x00007ff8cf460000 - 0x00007ff8cf479000 	C:\Program Files\Android\Android Studio\jre\bin\jli.dll
0x00007ff8cf420000 - 0x00007ff8cf437000 	C:\Program Files\Android\Android Studio\jre\bin\VCRUNTIME140.dll
0x00007ff8de330000 - 0x00007ff8de4d0000 	C:\WINDOWS\System32\USER32.dll
0x00007ff8ca0d0000 - 0x00007ff8ca36a000 	C:\WINDOWS\WinSxS\amd64_microsoft.windows.common-controls_6595b64144ccf1df_6.0.19041.1110_none_60b5254171f9507e\COMCTL32.dll
0x00007ff8dcc40000 - 0x00007ff8dcc62000 	C:\WINDOWS\System32\win32u.dll
0x00007ff8dd350000 - 0x00007ff8dd3ee000 	C:\WINDOWS\System32\msvcrt.dll
0x00007ff8dd5f0000 - 0x00007ff8dd61a000 	C:\WINDOWS\System32\GDI32.dll
0x00007ff8dc830000 - 0x00007ff8dc93b000 	C:\WINDOWS\System32\gdi32full.dll
0x00007ff8dcfd0000 - 0x00007ff8dd06d000 	C:\WINDOWS\System32\msvcp_win.dll
0x00007ff8de680000 - 0x00007ff8de6b0000 	C:\WINDOWS\System32\IMM32.DLL
0x00007ff89d160000 - 0x00007ff89d1fd000 	C:\Program Files\Android\Android Studio\jre\bin\msvcp140.dll
0x00007ff86df20000 - 0x00007ff86e9ef000 	C:\Program Files\Android\Android Studio\jre\bin\server\jvm.dll
0x00007ff8dd540000 - 0x00007ff8dd5ec000 	C:\WINDOWS\System32\ADVAPI32.dll
0x00007ff8dd8a0000 - 0x00007ff8dd93b000 	C:\WINDOWS\System32\sechost.dll
0x00007ff8de550000 - 0x00007ff8de67a000 	C:\WINDOWS\System32\RPCRT4.dll
0x00007ff8de4d0000 - 0x00007ff8de4d8000 	C:\WINDOWS\System32\PSAPI.DLL
0x00007ff8ca380000 - 0x00007ff8ca3a7000 	C:\WINDOWS\SYSTEM32\WINMM.dll
0x00007ff8d48f0000 - 0x00007ff8d48fa000 	C:\WINDOWS\SYSTEM32\VERSION.dll
0x00007ff8d6ba0000 - 0x00007ff8d6ba9000 	C:\WINDOWS\SYSTEM32\WSOCK32.dll
0x00007ff8dd830000 - 0x00007ff8dd89b000 	C:\WINDOWS\System32\WS2_32.dll
0x00007ff8db080000 - 0x00007ff8db092000 	C:\WINDOWS\SYSTEM32\kernel.appcore.dll
0x00007ff8b83e0000 - 0x00007ff8b83f1000 	C:\Program Files\Android\Android Studio\jre\bin\verify.dll
0x00007ff8dac80000 - 0x00007ff8dae64000 	C:\WINDOWS\SYSTEM32\DBGHELP.DLL
0x00007ff8c8370000 - 0x00007ff8c839c000 	C:\WINDOWS\SYSTEM32\dbgcore.DLL
0x00007ff8dc7a0000 - 0x00007ff8dc823000 	C:\WINDOWS\System32\bcryptPrimitives.dll
0x00007ff8af3d0000 - 0x00007ff8af3f9000 	C:\Program Files\Android\Android Studio\jre\bin\java.dll
0x00007ff8d5220000 - 0x00007ff8d522b000 	C:\Program Files\Android\Android Studio\jre\bin\jimage.dll
0x00007ff8b8200000 - 0x00007ff8b8218000 	C:\Program Files\Android\Android Studio\jre\bin\zip.dll
0x00007ff8dda50000 - 0x00007ff8de18f000 	C:\WINDOWS\System32\SHELL32.dll
0x00007ff8da4f0000 - 0x00007ff8dac80000 	C:\WINDOWS\SYSTEM32\windows.storage.dll
0x00007ff8de850000 - 0x00007ff8deba5000 	C:\WINDOWS\System32\combase.dll
0x00007ff8dc200000 - 0x00007ff8dc22c000 	C:\WINDOWS\SYSTEM32\Wldp.dll
0x00007ff8dd0d0000 - 0x00007ff8dd17e000 	C:\WINDOWS\System32\SHCORE.dll
0x00007ff8dd9f0000 - 0x00007ff8dda45000 	C:\WINDOWS\System32\shlwapi.dll
0x00007ff8dc6e0000 - 0x00007ff8dc6ff000 	C:\WINDOWS\SYSTEM32\profapi.dll
0x00007ff8b3590000 - 0x00007ff8b35aa000 	C:\Program Files\Android\Android Studio\jre\bin\net.dll
0x00007ff8d28e0000 - 0x00007ff8d29e8000 	C:\WINDOWS\SYSTEM32\WINHTTP.dll
0x00007ff8dbf60000 - 0x00007ff8dbfca000 	C:\WINDOWS\system32\mswsock.dll
0x00007ff8b1120000 - 0x00007ff8b1134000 	C:\Program Files\Android\Android Studio\jre\bin\nio.dll
0x00007ff8d6c40000 - 0x00007ff8d6c67000 	C:\Users\george reynaldi\.gradle\native\8bec1ad78214c89d9ad589b4d07fe93259594b29d510b10fafb7a158f7737e5d\windows-amd64\native-platform.dll
0x00007ff8a8930000 - 0x00007ff8a8a6d000 	C:\Users\george reynaldi\.gradle\native\53dbd7edfb1c66fb8903c78663c9afc45aea4f116125fa6feffd364cf09443e8\windows-amd64\native-platform-file-events.dll
0x00007ff8d50e0000 - 0x00007ff8d50ea000 	C:\Program Files\Android\Android Studio\jre\bin\management.dll
0x00007ff8cf450000 - 0x00007ff8cf45c000 	C:\Program Files\Android\Android Studio\jre\bin\management_ext.dll
0x00007ff8dc160000 - 0x00007ff8dc178000 	C:\WINDOWS\SYSTEM32\CRYPTSP.dll
0x00007ff8db870000 - 0x00007ff8db8a4000 	C:\WINDOWS\system32\rsaenh.dll
0x00007ff8dcc10000 - 0x00007ff8dcc37000 	C:\WINDOWS\System32\bcrypt.dll
0x00007ff8dc6a0000 - 0x00007ff8dc6ce000 	C:\WINDOWS\SYSTEM32\USERENV.dll
0x00007ff8dc150000 - 0x00007ff8dc15c000 	C:\WINDOWS\SYSTEM32\CRYPTBASE.dll
0x00007ff8dbc00000 - 0x00007ff8dbc3b000 	C:\WINDOWS\SYSTEM32\IPHLPAPI.DLL
0x00007ff8dd210000 - 0x00007ff8dd218000 	C:\WINDOWS\System32\NSI.dll
0x00007ff8d48d0000 - 0x00007ff8d48e7000 	C:\WINDOWS\SYSTEM32\dhcpcsvc6.DLL
0x00007ff8d48b0000 - 0x00007ff8d48cd000 	C:\WINDOWS\SYSTEM32\dhcpcsvc.DLL
0x00007ff8dbc50000 - 0x00007ff8dbd1c000 	C:\WINDOWS\SYSTEM32\DNSAPI.dll
0x00007ff8aee50000 - 0x00007ff8aee77000 	C:\Program Files\Android\Android Studio\jre\bin\sunec.dll

dbghelp: loaded successfully - version: 4.0.5 - missing functions: none
symbol engine: initialized successfully - sym options: 0x614 - pdb path: .;C:\Program Files\Android\Android Studio\jre\bin;C:\WINDOWS\SYSTEM32;C:\WINDOWS\WinSxS\amd64_microsoft.windows.common-controls_6595b64144ccf1df_6.0.19041.1110_none_60b5254171f9507e;C:\Program Files\Android\Android Studio\jre\bin\server;C:\Users\george reynaldi\.gradle\native\8bec1ad78214c89d9ad589b4d07fe93259594b29d510b10fafb7a158f7737e5d\windows-amd64;C:\Users\george reynaldi\.gradle\native\53dbd7edfb1c66fb8903c78663c9afc45aea4f116125fa6feffd364cf09443e8\windows-amd64

VM Arguments:
jvm_args: --add-opens=java.base/java.util=ALL-UNNAMED --add-opens=java.base/java.lang=ALL-UNNAMED --add-opens=java.base/java.lang.invoke=ALL-UNNAMED --add-opens=java.base/java.util=ALL-UNNAMED --add-opens=java.prefs/java.util.prefs=ALL-UNNAMED --add-opens=java.prefs/java.util.prefs=ALL-UNNAMED --add-opens=java.base/java.nio.charset=ALL-UNNAMED --add-opens=java.base/java.net=ALL-UNNAMED --add-opens=java.base/java.util.concurrent.atomic=ALL-UNNAMED -Xmx2048m -Dfile.encoding=UTF-8 -Duser.country=ID -Duser.language=in -Duser.variant 
java_command: org.gradle.launcher.daemon.bootstrap.GradleDaemon 7.0.2
java_class_path (initial): C:\Users\george reynaldi\.gradle\wrapper\dists\gradle-7.0.2-bin\857tjihv64xamwrf0h14cai3r\gradle-7.0.2\lib\gradle-launcher-7.0.2.jar
Launcher Type: SUN_STANDARD

[Global flags]
     intx CICompilerCount                          = 4                                         {product} {ergonomic}
     uint ConcGCThreads                            = 2                                         {product} {ergonomic}
     uint G1ConcRefinementThreads                  = 8                                         {product} {ergonomic}
   size_t G1HeapRegionSize                         = 1048576                                   {product} {ergonomic}
    uintx GCDrainStackTargetSize                   = 64                                        {product} {ergonomic}
   size_t InitialHeapSize                          = 134217728                                 {product} {ergonomic}
   size_t MarkStackSize                            = 4194304                                   {product} {ergonomic}
   size_t MaxHeapSize                              = 2147483648                                {product} {command line}
   size_t MaxNewSize                               = 1287651328                                {product} {ergonomic}
   size_t MinHeapDeltaBytes                        = 1048576                                   {product} {ergonomic}
    uintx NonNMethodCodeHeapSize                   = 5836300                                {pd product} {ergonomic}
    uintx NonProfiledCodeHeapSize                  = 122910970                              {pd product} {ergonomic}
    uintx ProfiledCodeHeapSize                     = 122910970                              {pd product} {ergonomic}
    uintx ReservedCodeCacheSize                    = 251658240                              {pd product} {ergonomic}
     bool SegmentedCodeCache                       = true                                      {product} {ergonomic}
     bool UseCompressedClassPointers               = true                                 {lp64_product} {ergonomic}
     bool UseCompressedOops                        = true                                 {lp64_product} {ergonomic}
     bool UseG1GC                                  = true                                      {product} {ergonomic}
     bool UseLargePagesIndividualAllocation        = false                                  {pd product} {ergonomic}

Logging:
Log output configuration:
 #0: stdout all=warning uptime,level,tags
 #1: stderr all=off uptime,level,tags

Environment Variables:
PATH=C:\Program Files\Common Files\Oracle\Java\javapath;C:\ProgramData\Oracle\Java\javapath;C:\Program Files (x86)\Common Files\Oracle\Java\javapath;C:\Windows\System32;C:\PYTHON;C:\WINDOWS\system32;C:\WINDOWS;C:\WINDOWS\System32\Wbem;C:\WINDOWS\System32\WindowsPowerShell\v1.0\;C:\WINDOWS\System32\OpenSSH\;C:\Program Files\Git\cmd;C:\Program Files\Microsoft\Web Platform Installer\;E:\MATERI KULIAH ANGKATAN 2019\xampp\php;C:\ProgramData\ComposerSetup\bin;C:\Program Files\Microsoft SQL Server\Client SDK\ODBC\170\Tools\Binn\;C:\Program Files (x86)\Microsoft SQL Server\150\Tools\Binn\;C:\Program Files\Microsoft SQL Server\150\Tools\Binn\;C:\Program Files\Microsoft SQL Server\150\DTS\Binn\;C:\Program Files (x86)\Microsoft SQL Server\150\DTS\Binn\;C:\Program Files\Azure Data Studio\bin;C:\PYTHON\Scripts\;C:\PYTHON\;E:\MATERI KULIAH ANGKATAN 2019\SEMESTER 4\6.Grafika Komputer                              (Kelas C);C:\Users\george reynaldi\AppData\Local\Programs\Microsoft VS Code\bin;C:\PYTHON;;C:\Users\george reynaldi\AppData\Local\Microsoft\WindowsApps;C:\Users\george reynaldi\AppData\Roaming\Composer\vendor\bin;C:\Program Files\Azure Data Studio\bin
USERNAME=george reynaldi
OS=Windows_NT
PROCESSOR_IDENTIFIER=Intel64 Family 6 Model 142 Stepping 10, GenuineIntel



---------------  S Y S T E M  ---------------

OS: Windows 10 , 64 bit Build 19041 (10.0.19041.1151)
OS uptime: 11 days 0:43 hours

CPU:total 8 (initial active 8) (4 cores per cpu, 2 threads per core) family 6 model 142 stepping 10 microcode 0xe0, cmov, cx8, fxsr, mmx, sse, sse2, sse3, ssse3, sse4.1, sse4.2, popcnt, avx, avx2, aes, clmul, erms, 3dnowpref, lzcnt, ht, tsc, tscinvbit, bmi1, bmi2, adx, fma

Memory: 4k page, system-wide physical 8073M (426M free)
TotalPageFile size 16073M (AvailPageFile size 302M)
current process WorkingSet (physical memory assigned to process): 487M, peak: 516M
current process commit charge ("private bytes"): 727M, peak: 1107M

vm_info: OpenJDK 64-Bit Server VM (11.0.10+0-b96-7249189) for windows-amd64 JRE (11.0.10+0-b96-7249189), built on Mar 31 2021 21:44:00 by "builder" with MS VC++ 14.0 (VS2015)

END.
